06-Apr-2018 11:05:21.136 INFORMACIÓN [main] org.apache.catalina.startup.VersionLoggerListener.log Server version:        Apache Tomcat/8.0.47
06-Apr-2018 11:05:21.200 INFORMACIÓN [main] org.apache.catalina.startup.VersionLoggerListener.log Server built:          Sep 29 2017 13:46:41 UTC
06-Apr-2018 11:05:21.200 INFORMACIÓN [main] org.apache.catalina.startup.VersionLoggerListener.log Server number:         8.0.47.0
06-Apr-2018 11:05:21.200 INFORMACIÓN [main] org.apache.catalina.startup.VersionLoggerListener.log OS Name:               Linux
06-Apr-2018 11:05:21.200 INFORMACIÓN [main] org.apache.catalina.startup.VersionLoggerListener.log OS Version:            4.12.0
06-Apr-2018 11:05:21.201 INFORMACIÓN [main] org.apache.catalina.startup.VersionLoggerListener.log Architecture:          amd64
06-Apr-2018 11:05:21.201 INFORMACIÓN [main] org.apache.catalina.startup.VersionLoggerListener.log Java Home:             /usr/lib/jvm/oracle-java8-jdk-amd64/jre
06-Apr-2018 11:05:21.201 INFORMACIÓN [main] org.apache.catalina.startup.VersionLoggerListener.log JVM Version:           1.8.0_141-b15
06-Apr-2018 11:05:21.201 INFORMACIÓN [main] org.apache.catalina.startup.VersionLoggerListener.log JVM Vendor:            Oracle Corporation
06-Apr-2018 11:05:21.201 INFORMACIÓN [main] org.apache.catalina.startup.VersionLoggerListener.log CATALINA_BASE:         /var/home/lab/alum1/03/17/102/Escritorio/Proyecto/apache-tomcat-8.0.47
06-Apr-2018 11:05:21.202 INFORMACIÓN [main] org.apache.catalina.startup.VersionLoggerListener.log CATALINA_HOME:         /var/home/lab/alum1/03/17/102/Escritorio/Proyecto/apache-tomcat-8.0.47
06-Apr-2018 11:05:21.202 INFORMACIÓN [main] org.apache.catalina.startup.VersionLoggerListener.log Command line argument: -Djava.util.logging.config.file=/usr/lab/alum/0317102/Escritorio/Proyecto/apache-tomcat-8.0.47/conf/logging.properties
06-Apr-2018 11:05:21.202 INFORMACIÓN [main] org.apache.catalina.startup.VersionLoggerListener.log Command line argument: -Djava.util.logging.manager=org.apache.juli.ClassLoaderLogManager
06-Apr-2018 11:05:21.202 INFORMACIÓN [main] org.apache.catalina.startup.VersionLoggerListener.log Command line argument: -Djdk.tls.ephemeralDHKeySize=2048
06-Apr-2018 11:05:21.203 INFORMACIÓN [main] org.apache.catalina.startup.VersionLoggerListener.log Command line argument: -Djava.protocol.handler.pkgs=org.apache.catalina.webresources
06-Apr-2018 11:05:21.203 INFORMACIÓN [main] org.apache.catalina.startup.VersionLoggerListener.log Command line argument: -Djava.endorsed.dirs=/usr/lab/alum/0317102/Escritorio/Proyecto/apache-tomcat-8.0.47/endorsed
06-Apr-2018 11:05:21.203 INFORMACIÓN [main] org.apache.catalina.startup.VersionLoggerListener.log Command line argument: -Dcatalina.base=/usr/lab/alum/0317102/Escritorio/Proyecto/apache-tomcat-8.0.47
06-Apr-2018 11:05:21.203 INFORMACIÓN [main] org.apache.catalina.startup.VersionLoggerListener.log Command line argument: -Dcatalina.home=/usr/lab/alum/0317102/Escritorio/Proyecto/apache-tomcat-8.0.47
06-Apr-2018 11:05:21.203 INFORMACIÓN [main] org.apache.catalina.startup.VersionLoggerListener.log Command line argument: -Djava.io.tmpdir=/usr/lab/alum/0317102/Escritorio/Proyecto/apache-tomcat-8.0.47/temp
06-Apr-2018 11:05:21.204 INFORMACIÓN [main] org.apache.catalina.core.AprLifecycleListener.lifecycleEvent La biblioteca nativa de Apache Tomcat basada en ARP que permite un rendimiento óptimo en entornos de desarrollo no ha sido hallada en java.library.path: /usr/java/packages/lib/amd64:/usr/lib64:/lib64:/lib:/usr/lib
06-Apr-2018 11:05:21.897 INFORMACIÓN [main] org.apache.coyote.AbstractProtocol.init Initializing ProtocolHandler ["http-nio-9102"]
06-Apr-2018 11:05:21.982 INFORMACIÓN [main] org.apache.tomcat.util.net.NioSelectorPool.getSharedSelector Using a shared selector for servlet write/read
06-Apr-2018 11:05:21.984 INFORMACIÓN [main] org.apache.coyote.AbstractProtocol.init Initializing ProtocolHandler ["ajp-nio-8009"]
06-Apr-2018 11:05:21.986 INFORMACIÓN [main] org.apache.tomcat.util.net.NioSelectorPool.getSharedSelector Using a shared selector for servlet write/read
06-Apr-2018 11:05:21.987 INFORMACIÓN [main] org.apache.catalina.startup.Catalina.load Initialization processed in 2140 ms
06-Apr-2018 11:05:22.220 INFORMACIÓN [main] org.apache.catalina.core.StandardService.startInternal Arrancando servicio Catalina
06-Apr-2018 11:05:22.220 INFORMACIÓN [main] org.apache.catalina.core.StandardEngine.startInternal Starting Servlet Engine: Apache Tomcat/8.0.47
06-Apr-2018 11:05:22.274 INFORMACIÓN [localhost-startStop-1] org.apache.catalina.startup.HostConfig.deployDirectory Despliegue del directorio /var/home/lab/alum1/03/17/102/Escritorio/Proyecto/apache-tomcat-8.0.47/webapps/proyecto de la aplicación web
06-Apr-2018 11:05:23.763 ADVERTENCIA [localhost-startStop-1] org.apache.tomcat.dbcp.dbcp2.BasicDataSourceFactory.getObjectInstance Name = Users Property maxActive is not used in DBCP2, use maxTotal instead. maxTotal default value is 8. You have set value of "8" for "maxActive" property, which is being ignored.
06-Apr-2018 11:05:24.031 INFORMACIÓN [localhost-startStop-1] org.apache.jasper.servlet.TldScanner.scanJars Al menos un JAR, que se ha explorado buscando TLDs, aún no contenía TLDs. Activar historial de depuración para este historiador para una completa lista de los JARs que fueron explorados y de los que nos se halló TLDs. Saltarse JARs no necesarios durante la exploración puede dar lugar a una mejora de tiempo significativa en el arranque y compilación de JSP .
06-Apr-2018 11:05:24.364 INFORMACIÓN [localhost-startStop-1] org.apache.catalina.startup.HostConfig.deployDirectory Deployment of web application directory /var/home/lab/alum1/03/17/102/Escritorio/Proyecto/apache-tomcat-8.0.47/webapps/proyecto has finished in 2.062 ms
06-Apr-2018 11:05:24.364 INFORMACIÓN [localhost-startStop-1] org.apache.catalina.startup.HostConfig.deployDirectory Despliegue del directorio /var/home/lab/alum1/03/17/102/Escritorio/Proyecto/apache-tomcat-8.0.47/webapps/docs de la aplicación web
06-Apr-2018 11:05:24.412 INFORMACIÓN [localhost-startStop-1] org.apache.catalina.startup.HostConfig.deployDirectory Deployment of web application directory /var/home/lab/alum1/03/17/102/Escritorio/Proyecto/apache-tomcat-8.0.47/webapps/docs has finished in 47 ms
06-Apr-2018 11:05:24.412 INFORMACIÓN [localhost-startStop-1] org.apache.catalina.startup.HostConfig.deployDirectory Despliegue del directorio /var/home/lab/alum1/03/17/102/Escritorio/Proyecto/apache-tomcat-8.0.47/webapps/manager de la aplicación web
06-Apr-2018 11:05:24.514 INFORMACIÓN [localhost-startStop-1] org.apache.catalina.startup.HostConfig.deployDirectory Deployment of web application directory /var/home/lab/alum1/03/17/102/Escritorio/Proyecto/apache-tomcat-8.0.47/webapps/manager has finished in 102 ms
06-Apr-2018 11:05:24.514 INFORMACIÓN [localhost-startStop-1] org.apache.catalina.startup.HostConfig.deployDirectory Despliegue del directorio /var/home/lab/alum1/03/17/102/Escritorio/Proyecto/apache-tomcat-8.0.47/webapps/examples de la aplicación web
06-Apr-2018 11:05:27.103 INFORMACIÓN [localhost-startStop-1] org.apache.catalina.startup.HostConfig.deployDirectory Deployment of web application directory /var/home/lab/alum1/03/17/102/Escritorio/Proyecto/apache-tomcat-8.0.47/webapps/examples has finished in 2.589 ms
06-Apr-2018 11:05:27.103 INFORMACIÓN [localhost-startStop-1] org.apache.catalina.startup.HostConfig.deployDirectory Despliegue del directorio /var/home/lab/alum1/03/17/102/Escritorio/Proyecto/apache-tomcat-8.0.47/webapps/ROOT de la aplicación web
06-Apr-2018 11:05:27.142 INFORMACIÓN [localhost-startStop-1] org.apache.catalina.startup.HostConfig.deployDirectory Deployment of web application directory /var/home/lab/alum1/03/17/102/Escritorio/Proyecto/apache-tomcat-8.0.47/webapps/ROOT has finished in 39 ms
06-Apr-2018 11:05:27.143 INFORMACIÓN [localhost-startStop-1] org.apache.catalina.startup.HostConfig.deployDirectory Despliegue del directorio /var/home/lab/alum1/03/17/102/Escritorio/Proyecto/apache-tomcat-8.0.47/webapps/host-manager de la aplicación web
06-Apr-2018 11:05:27.195 INFORMACIÓN [localhost-startStop-1] org.apache.catalina.startup.HostConfig.deployDirectory Deployment of web application directory /var/home/lab/alum1/03/17/102/Escritorio/Proyecto/apache-tomcat-8.0.47/webapps/host-manager has finished in 52 ms
06-Apr-2018 11:05:27.199 INFORMACIÓN [main] org.apache.coyote.AbstractProtocol.start Starting ProtocolHandler ["http-nio-9102"]
06-Apr-2018 11:05:27.205 INFORMACIÓN [main] org.apache.coyote.AbstractProtocol.start Starting ProtocolHandler ["ajp-nio-8009"]
06-Apr-2018 11:05:27.207 INFORMACIÓN [main] org.apache.catalina.startup.Catalina.start Server startup in 5220 ms
06-Apr-2018 11:05:30.058 INFORMACIÓN [main] org.apache.catalina.core.StandardServer.await Se ha recibido un comando de apagado a través del puerto de apagado. Parando la instancia del Servidor.
06-Apr-2018 11:05:30.058 INFORMACIÓN [main] org.apache.coyote.AbstractProtocol.pause Pausing ProtocolHandler ["http-nio-9102"]
06-Apr-2018 11:05:30.110 INFORMACIÓN [main] org.apache.coyote.AbstractProtocol.pause Pausing ProtocolHandler ["ajp-nio-8009"]
06-Apr-2018 11:05:30.161 INFORMACIÓN [main] org.apache.catalina.core.StandardService.stopInternal Parando servicio Catalina
06-Apr-2018 11:05:30.218 INFORMACIÓN [main] org.apache.coyote.AbstractProtocol.stop Stopping ProtocolHandler ["http-nio-9102"]
06-Apr-2018 11:05:30.311 INFORMACIÓN [main] org.apache.coyote.AbstractProtocol.stop Stopping ProtocolHandler ["ajp-nio-8009"]
06-Apr-2018 11:05:30.411 INFORMACIÓN [main] org.apache.coyote.AbstractProtocol.destroy Destroying ProtocolHandler ["http-nio-9102"]
06-Apr-2018 11:05:30.412 INFORMACIÓN [main] org.apache.coyote.AbstractProtocol.destroy Destroying ProtocolHandler ["ajp-nio-8009"]
06-Apr-2018 11:05:30.686 INFORMACIÓN [main] org.apache.catalina.startup.VersionLoggerListener.log Server version:        Apache Tomcat/8.0.47
06-Apr-2018 11:05:30.688 INFORMACIÓN [main] org.apache.catalina.startup.VersionLoggerListener.log Server built:          Sep 29 2017 13:46:41 UTC
06-Apr-2018 11:05:30.688 INFORMACIÓN [main] org.apache.catalina.startup.VersionLoggerListener.log Server number:         8.0.47.0
06-Apr-2018 11:05:30.688 INFORMACIÓN [main] org.apache.catalina.startup.VersionLoggerListener.log OS Name:               Linux
06-Apr-2018 11:05:30.688 INFORMACIÓN [main] org.apache.catalina.startup.VersionLoggerListener.log OS Version:            4.12.0
06-Apr-2018 11:05:30.688 INFORMACIÓN [main] org.apache.catalina.startup.VersionLoggerListener.log Architecture:          amd64
06-Apr-2018 11:05:30.688 INFORMACIÓN [main] org.apache.catalina.startup.VersionLoggerListener.log Java Home:             /usr/lib/jvm/oracle-java8-jdk-amd64/jre
06-Apr-2018 11:05:30.688 INFORMACIÓN [main] org.apache.catalina.startup.VersionLoggerListener.log JVM Version:           1.8.0_141-b15
06-Apr-2018 11:05:30.689 INFORMACIÓN [main] org.apache.catalina.startup.VersionLoggerListener.log JVM Vendor:            Oracle Corporation
06-Apr-2018 11:05:30.689 INFORMACIÓN [main] org.apache.catalina.startup.VersionLoggerListener.log CATALINA_BASE:         /var/home/lab/alum1/03/17/102/Escritorio/Proyecto/apache-tomcat-8.0.47
06-Apr-2018 11:05:30.689 INFORMACIÓN [main] org.apache.catalina.startup.VersionLoggerListener.log CATALINA_HOME:         /var/home/lab/alum1/03/17/102/Escritorio/Proyecto/apache-tomcat-8.0.47
06-Apr-2018 11:05:30.689 INFORMACIÓN [main] org.apache.catalina.startup.VersionLoggerListener.log Command line argument: -Djava.util.logging.config.file=/usr/lab/alum/0317102/Escritorio/Proyecto/apache-tomcat-8.0.47/conf/logging.properties
06-Apr-2018 11:05:30.689 INFORMACIÓN [main] org.apache.catalina.startup.VersionLoggerListener.log Command line argument: -Djava.util.logging.manager=org.apache.juli.ClassLoaderLogManager
06-Apr-2018 11:05:30.689 INFORMACIÓN [main] org.apache.catalina.startup.VersionLoggerListener.log Command line argument: -Djdk.tls.ephemeralDHKeySize=2048
06-Apr-2018 11:05:30.689 INFORMACIÓN [main] org.apache.catalina.startup.VersionLoggerListener.log Command line argument: -Djava.protocol.handler.pkgs=org.apache.catalina.webresources
06-Apr-2018 11:05:30.689 INFORMACIÓN [main] org.apache.catalina.startup.VersionLoggerListener.log Command line argument: -Djava.endorsed.dirs=/usr/lab/alum/0317102/Escritorio/Proyecto/apache-tomcat-8.0.47/endorsed
06-Apr-2018 11:05:30.690 INFORMACIÓN [main] org.apache.catalina.startup.VersionLoggerListener.log Command line argument: -Dcatalina.base=/usr/lab/alum/0317102/Escritorio/Proyecto/apache-tomcat-8.0.47
06-Apr-2018 11:05:30.690 INFORMACIÓN [main] org.apache.catalina.startup.VersionLoggerListener.log Command line argument: -Dcatalina.home=/usr/lab/alum/0317102/Escritorio/Proyecto/apache-tomcat-8.0.47
06-Apr-2018 11:05:30.690 INFORMACIÓN [main] org.apache.catalina.startup.VersionLoggerListener.log Command line argument: -Djava.io.tmpdir=/usr/lab/alum/0317102/Escritorio/Proyecto/apache-tomcat-8.0.47/temp
06-Apr-2018 11:05:30.690 INFORMACIÓN [main] org.apache.catalina.core.AprLifecycleListener.lifecycleEvent La biblioteca nativa de Apache Tomcat basada en ARP que permite un rendimiento óptimo en entornos de desarrollo no ha sido hallada en java.library.path: /usr/java/packages/lib/amd64:/usr/lib64:/lib64:/lib:/usr/lib
06-Apr-2018 11:05:30.843 INFORMACIÓN [main] org.apache.coyote.AbstractProtocol.init Initializing ProtocolHandler ["http-nio-9102"]
06-Apr-2018 11:05:30.855 INFORMACIÓN [main] org.apache.tomcat.util.net.NioSelectorPool.getSharedSelector Using a shared selector for servlet write/read
06-Apr-2018 11:05:30.858 INFORMACIÓN [main] org.apache.coyote.AbstractProtocol.init Initializing ProtocolHandler ["ajp-nio-8009"]
06-Apr-2018 11:05:30.859 INFORMACIÓN [main] org.apache.tomcat.util.net.NioSelectorPool.getSharedSelector Using a shared selector for servlet write/read
06-Apr-2018 11:05:30.860 INFORMACIÓN [main] org.apache.catalina.startup.Catalina.load Initialization processed in 526 ms
06-Apr-2018 11:05:30.886 INFORMACIÓN [main] org.apache.catalina.core.StandardService.startInternal Arrancando servicio Catalina
06-Apr-2018 11:05:30.886 INFORMACIÓN [main] org.apache.catalina.core.StandardEngine.startInternal Starting Servlet Engine: Apache Tomcat/8.0.47
06-Apr-2018 11:05:30.898 INFORMACIÓN [localhost-startStop-1] org.apache.catalina.startup.HostConfig.deployDirectory Despliegue del directorio /var/home/lab/alum1/03/17/102/Escritorio/Proyecto/apache-tomcat-8.0.47/webapps/proyecto de la aplicación web
06-Apr-2018 11:05:31.341 ADVERTENCIA [localhost-startStop-1] org.apache.tomcat.dbcp.dbcp2.BasicDataSourceFactory.getObjectInstance Name = Users Property maxActive is not used in DBCP2, use maxTotal instead. maxTotal default value is 8. You have set value of "8" for "maxActive" property, which is being ignored.
06-Apr-2018 11:05:31.387 INFORMACIÓN [localhost-startStop-1] org.apache.jasper.servlet.TldScanner.scanJars Al menos un JAR, que se ha explorado buscando TLDs, aún no contenía TLDs. Activar historial de depuración para este historiador para una completa lista de los JARs que fueron explorados y de los que nos se halló TLDs. Saltarse JARs no necesarios durante la exploración puede dar lugar a una mejora de tiempo significativa en el arranque y compilación de JSP .
06-Apr-2018 11:05:31.487 INFORMACIÓN [localhost-startStop-1] org.apache.catalina.startup.HostConfig.deployDirectory Deployment of web application directory /var/home/lab/alum1/03/17/102/Escritorio/Proyecto/apache-tomcat-8.0.47/webapps/proyecto has finished in 588 ms
06-Apr-2018 11:05:31.487 INFORMACIÓN [localhost-startStop-1] org.apache.catalina.startup.HostConfig.deployDirectory Despliegue del directorio /var/home/lab/alum1/03/17/102/Escritorio/Proyecto/apache-tomcat-8.0.47/webapps/docs de la aplicación web
06-Apr-2018 11:05:31.509 INFORMACIÓN [localhost-startStop-1] org.apache.catalina.startup.HostConfig.deployDirectory Deployment of web application directory /var/home/lab/alum1/03/17/102/Escritorio/Proyecto/apache-tomcat-8.0.47/webapps/docs has finished in 22 ms
06-Apr-2018 11:05:31.509 INFORMACIÓN [localhost-startStop-1] org.apache.catalina.startup.HostConfig.deployDirectory Despliegue del directorio /var/home/lab/alum1/03/17/102/Escritorio/Proyecto/apache-tomcat-8.0.47/webapps/manager de la aplicación web
06-Apr-2018 11:05:31.547 INFORMACIÓN [localhost-startStop-1] org.apache.catalina.startup.HostConfig.deployDirectory Deployment of web application directory /var/home/lab/alum1/03/17/102/Escritorio/Proyecto/apache-tomcat-8.0.47/webapps/manager has finished in 38 ms
06-Apr-2018 11:05:31.548 INFORMACIÓN [localhost-startStop-1] org.apache.catalina.startup.HostConfig.deployDirectory Despliegue del directorio /var/home/lab/alum1/03/17/102/Escritorio/Proyecto/apache-tomcat-8.0.47/webapps/examples de la aplicación web
06-Apr-2018 11:05:31.981 INFORMACIÓN [localhost-startStop-1] org.apache.catalina.startup.HostConfig.deployDirectory Deployment of web application directory /var/home/lab/alum1/03/17/102/Escritorio/Proyecto/apache-tomcat-8.0.47/webapps/examples has finished in 432 ms
06-Apr-2018 11:05:31.981 INFORMACIÓN [localhost-startStop-1] org.apache.catalina.startup.HostConfig.deployDirectory Despliegue del directorio /var/home/lab/alum1/03/17/102/Escritorio/Proyecto/apache-tomcat-8.0.47/webapps/ROOT de la aplicación web
06-Apr-2018 11:05:32.000 INFORMACIÓN [localhost-startStop-1] org.apache.catalina.startup.HostConfig.deployDirectory Deployment of web application directory /var/home/lab/alum1/03/17/102/Escritorio/Proyecto/apache-tomcat-8.0.47/webapps/ROOT has finished in 19 ms
06-Apr-2018 11:05:32.000 INFORMACIÓN [localhost-startStop-1] org.apache.catalina.startup.HostConfig.deployDirectory Despliegue del directorio /var/home/lab/alum1/03/17/102/Escritorio/Proyecto/apache-tomcat-8.0.47/webapps/host-manager de la aplicación web
06-Apr-2018 11:05:32.023 INFORMACIÓN [localhost-startStop-1] org.apache.catalina.startup.HostConfig.deployDirectory Deployment of web application directory /var/home/lab/alum1/03/17/102/Escritorio/Proyecto/apache-tomcat-8.0.47/webapps/host-manager has finished in 23 ms
06-Apr-2018 11:05:32.025 INFORMACIÓN [main] org.apache.coyote.AbstractProtocol.start Starting ProtocolHandler ["http-nio-9102"]
06-Apr-2018 11:05:32.031 INFORMACIÓN [main] org.apache.coyote.AbstractProtocol.start Starting ProtocolHandler ["ajp-nio-8009"]
06-Apr-2018 11:05:32.033 INFORMACIÓN [main] org.apache.catalina.startup.Catalina.start Server startup in 1172 ms
06-Apr-2018 11:06:52.276 INFORMACIÓN [ContainerBackgroundProcessor[StandardEngine[Catalina]]] org.apache.catalina.core.StandardContext.reload Ha comenzado la recarga de Contexto [/proyecto]
06-Apr-2018 11:06:52.395 INFORMACIÓN [ContainerBackgroundProcessor[StandardEngine[Catalina]]] org.apache.catalina.core.StandardContext.reload Se ha completado la recarga de este Contexto
