11-May-2018 11:28:04.964 INFORMACIÓN [main] org.apache.catalina.startup.VersionLoggerListener.log Server version:        Apache Tomcat/8.0.47
11-May-2018 11:28:05.029 INFORMACIÓN [main] org.apache.catalina.startup.VersionLoggerListener.log Server built:          Sep 29 2017 13:46:41 UTC
11-May-2018 11:28:05.029 INFORMACIÓN [main] org.apache.catalina.startup.VersionLoggerListener.log Server number:         8.0.47.0
11-May-2018 11:28:05.029 INFORMACIÓN [main] org.apache.catalina.startup.VersionLoggerListener.log OS Name:               Linux
11-May-2018 11:28:05.030 INFORMACIÓN [main] org.apache.catalina.startup.VersionLoggerListener.log OS Version:            4.12.0
11-May-2018 11:28:05.030 INFORMACIÓN [main] org.apache.catalina.startup.VersionLoggerListener.log Architecture:          amd64
11-May-2018 11:28:05.030 INFORMACIÓN [main] org.apache.catalina.startup.VersionLoggerListener.log Java Home:             /usr/lib/jvm/oracle-java8-jdk-amd64/jre
11-May-2018 11:28:05.030 INFORMACIÓN [main] org.apache.catalina.startup.VersionLoggerListener.log JVM Version:           1.8.0_141-b15
11-May-2018 11:28:05.030 INFORMACIÓN [main] org.apache.catalina.startup.VersionLoggerListener.log JVM Vendor:            Oracle Corporation
11-May-2018 11:28:05.030 INFORMACIÓN [main] org.apache.catalina.startup.VersionLoggerListener.log CATALINA_BASE:         /var/home/lab/alum1/03/17/102/Escritorio/Proyecto/apache-tomcat-8.0.47
11-May-2018 11:28:05.030 INFORMACIÓN [main] org.apache.catalina.startup.VersionLoggerListener.log CATALINA_HOME:         /var/home/lab/alum1/03/17/102/Escritorio/Proyecto/apache-tomcat-8.0.47
11-May-2018 11:28:05.031 INFORMACIÓN [main] org.apache.catalina.startup.VersionLoggerListener.log Command line argument: -Djava.util.logging.config.file=/usr/lab/alum/0317102/Escritorio/Proyecto/apache-tomcat-8.0.47/conf/logging.properties
11-May-2018 11:28:05.031 INFORMACIÓN [main] org.apache.catalina.startup.VersionLoggerListener.log Command line argument: -Djava.util.logging.manager=org.apache.juli.ClassLoaderLogManager
11-May-2018 11:28:05.031 INFORMACIÓN [main] org.apache.catalina.startup.VersionLoggerListener.log Command line argument: -Djdk.tls.ephemeralDHKeySize=2048
11-May-2018 11:28:05.031 INFORMACIÓN [main] org.apache.catalina.startup.VersionLoggerListener.log Command line argument: -Djava.protocol.handler.pkgs=org.apache.catalina.webresources
11-May-2018 11:28:05.031 INFORMACIÓN [main] org.apache.catalina.startup.VersionLoggerListener.log Command line argument: -Djava.endorsed.dirs=/usr/lab/alum/0317102/Escritorio/Proyecto/apache-tomcat-8.0.47/endorsed
11-May-2018 11:28:05.031 INFORMACIÓN [main] org.apache.catalina.startup.VersionLoggerListener.log Command line argument: -Dcatalina.base=/usr/lab/alum/0317102/Escritorio/Proyecto/apache-tomcat-8.0.47
11-May-2018 11:28:05.031 INFORMACIÓN [main] org.apache.catalina.startup.VersionLoggerListener.log Command line argument: -Dcatalina.home=/usr/lab/alum/0317102/Escritorio/Proyecto/apache-tomcat-8.0.47
11-May-2018 11:28:05.031 INFORMACIÓN [main] org.apache.catalina.startup.VersionLoggerListener.log Command line argument: -Djava.io.tmpdir=/usr/lab/alum/0317102/Escritorio/Proyecto/apache-tomcat-8.0.47/temp
11-May-2018 11:28:05.032 INFORMACIÓN [main] org.apache.catalina.core.AprLifecycleListener.lifecycleEvent La biblioteca nativa de Apache Tomcat basada en ARP que permite un rendimiento óptimo en entornos de desarrollo no ha sido hallada en java.library.path: /usr/java/packages/lib/amd64:/usr/lib64:/lib64:/lib:/usr/lib
11-May-2018 11:28:05.806 INFORMACIÓN [main] org.apache.coyote.AbstractProtocol.init Initializing ProtocolHandler ["http-nio-9102"]
11-May-2018 11:28:05.899 INFORMACIÓN [main] org.apache.tomcat.util.net.NioSelectorPool.getSharedSelector Using a shared selector for servlet write/read
11-May-2018 11:28:05.902 INFORMACIÓN [main] org.apache.coyote.AbstractProtocol.init Initializing ProtocolHandler ["ajp-nio-8009"]
11-May-2018 11:28:05.905 INFORMACIÓN [main] org.apache.tomcat.util.net.NioSelectorPool.getSharedSelector Using a shared selector for servlet write/read
11-May-2018 11:28:05.905 INFORMACIÓN [main] org.apache.catalina.startup.Catalina.load Initialization processed in 2351 ms
11-May-2018 11:28:05.991 INFORMACIÓN [main] org.apache.catalina.core.StandardService.startInternal Arrancando servicio Catalina
11-May-2018 11:28:05.991 INFORMACIÓN [main] org.apache.catalina.core.StandardEngine.startInternal Starting Servlet Engine: Apache Tomcat/8.0.47
11-May-2018 11:28:06.053 INFORMACIÓN [localhost-startStop-1] org.apache.catalina.startup.HostConfig.deployDirectory Despliegue del directorio /var/home/lab/alum1/03/17/102/Escritorio/Proyecto/apache-tomcat-8.0.47/webapps/proyecto de la aplicación web
11-May-2018 11:28:07.541 ADVERTENCIA [localhost-startStop-1] org.apache.tomcat.dbcp.dbcp2.BasicDataSourceFactory.getObjectInstance Name = webrestaurants Property maxActive is not used in DBCP2, use maxTotal instead. maxTotal default value is 8. You have set value of "8" for "maxActive" property, which is being ignored.
11-May-2018 11:28:07.709 INFORMACIÓN [localhost-startStop-1] org.apache.jasper.servlet.TldScanner.scanJars Al menos un JAR, que se ha explorado buscando TLDs, aún no contenía TLDs. Activar historial de depuración para este historiador para una completa lista de los JARs que fueron explorados y de los que nos se halló TLDs. Saltarse JARs no necesarios durante la exploración puede dar lugar a una mejora de tiempo significativa en el arranque y compilación de JSP .
11-May-2018 11:28:07.945 GRAVE [localhost-startStop-1] org.apache.catalina.session.StandardManager.startInternal Excepción cargando sesiones desde almacenamiento persistente
 java.lang.InstantiationError: java.io.ObjectStreamException
	at sun.reflect.GeneratedSerializationConstructorAccessor9.newInstance(Unknown Source)
	at java.lang.reflect.Constructor.newInstance(Constructor.java:423)
	at java.io.ObjectStreamClass.newInstance(ObjectStreamClass.java:1006)
	at java.io.ObjectInputStream.readOrdinaryObject(ObjectInputStream.java:2011)
	at java.io.ObjectInputStream.readObject0(ObjectInputStream.java:1535)
	at java.io.ObjectInputStream.readObject(ObjectInputStream.java:422)
	at java.util.ArrayList.readObject(ArrayList.java:791)
	at sun.reflect.NativeMethodAccessorImpl.invoke0(Native Method)
	at sun.reflect.NativeMethodAccessorImpl.invoke(NativeMethodAccessorImpl.java:62)
	at sun.reflect.DelegatingMethodAccessorImpl.invoke(DelegatingMethodAccessorImpl.java:43)
	at java.lang.reflect.Method.invoke(Method.java:498)
	at java.io.ObjectStreamClass.invokeReadObject(ObjectStreamClass.java:1058)
	at java.io.ObjectInputStream.readSerialData(ObjectInputStream.java:2136)
	at java.io.ObjectInputStream.readOrdinaryObject(ObjectInputStream.java:2027)
	at java.io.ObjectInputStream.readObject0(ObjectInputStream.java:1535)
	at java.io.ObjectInputStream.readObject(ObjectInputStream.java:422)
	at org.apache.catalina.session.StandardSession.doReadObject(StandardSession.java:1624)
	at org.apache.catalina.session.StandardSession.readObjectData(StandardSession.java:1090)
	at org.apache.catalina.session.StandardManager.doLoad(StandardManager.java:218)
	at org.apache.catalina.session.StandardManager.load(StandardManager.java:162)
	at org.apache.catalina.session.StandardManager.startInternal(StandardManager.java:356)
	at org.apache.catalina.util.LifecycleBase.start(LifecycleBase.java:145)
	at org.apache.catalina.core.StandardContext.startInternal(StandardContext.java:5331)
	at org.apache.catalina.util.LifecycleBase.start(LifecycleBase.java:145)
	at org.apache.catalina.core.ContainerBase.addChildInternal(ContainerBase.java:753)
	at org.apache.catalina.core.ContainerBase.addChild(ContainerBase.java:729)
	at org.apache.catalina.core.StandardHost.addChild(StandardHost.java:717)
	at org.apache.catalina.startup.HostConfig.deployDirectory(HostConfig.java:1129)
	at org.apache.catalina.startup.HostConfig$DeployDirectory.run(HostConfig.java:1871)
	at java.util.concurrent.Executors$RunnableAdapter.call(Executors.java:511)
	at java.util.concurrent.FutureTask.run(FutureTask.java:266)
	at java.util.concurrent.ThreadPoolExecutor.runWorker(ThreadPoolExecutor.java:1149)
	at java.util.concurrent.ThreadPoolExecutor$Worker.run(ThreadPoolExecutor.java:624)
	at java.lang.Thread.run(Thread.java:748)

11-May-2018 11:28:08.053 INFORMACIÓN [localhost-startStop-1] org.apache.catalina.startup.HostConfig.deployDirectory Deployment of web application directory /var/home/lab/alum1/03/17/102/Escritorio/Proyecto/apache-tomcat-8.0.47/webapps/proyecto has finished in 1.982 ms
11-May-2018 11:28:08.053 INFORMACIÓN [localhost-startStop-1] org.apache.catalina.startup.HostConfig.deployDirectory Despliegue del directorio /var/home/lab/alum1/03/17/102/Escritorio/Proyecto/apache-tomcat-8.0.47/webapps/docs de la aplicación web
11-May-2018 11:28:08.110 INFORMACIÓN [localhost-startStop-1] org.apache.catalina.startup.HostConfig.deployDirectory Deployment of web application directory /var/home/lab/alum1/03/17/102/Escritorio/Proyecto/apache-tomcat-8.0.47/webapps/docs has finished in 57 ms
11-May-2018 11:28:08.110 INFORMACIÓN [localhost-startStop-1] org.apache.catalina.startup.HostConfig.deployDirectory Despliegue del directorio /var/home/lab/alum1/03/17/102/Escritorio/Proyecto/apache-tomcat-8.0.47/webapps/manager de la aplicación web
11-May-2018 11:28:08.232 INFORMACIÓN [localhost-startStop-1] org.apache.catalina.startup.HostConfig.deployDirectory Deployment of web application directory /var/home/lab/alum1/03/17/102/Escritorio/Proyecto/apache-tomcat-8.0.47/webapps/manager has finished in 121 ms
11-May-2018 11:28:08.232 INFORMACIÓN [localhost-startStop-1] org.apache.catalina.startup.HostConfig.deployDirectory Despliegue del directorio /var/home/lab/alum1/03/17/102/Escritorio/Proyecto/apache-tomcat-8.0.47/webapps/examples de la aplicación web
11-May-2018 11:28:11.942 INFORMACIÓN [localhost-startStop-1] org.apache.catalina.startup.HostConfig.deployDirectory Deployment of web application directory /var/home/lab/alum1/03/17/102/Escritorio/Proyecto/apache-tomcat-8.0.47/webapps/examples has finished in 3.710 ms
11-May-2018 11:28:11.943 INFORMACIÓN [localhost-startStop-1] org.apache.catalina.startup.HostConfig.deployDirectory Despliegue del directorio /var/home/lab/alum1/03/17/102/Escritorio/Proyecto/apache-tomcat-8.0.47/webapps/ROOT de la aplicación web
11-May-2018 11:28:12.020 INFORMACIÓN [localhost-startStop-1] org.apache.catalina.startup.HostConfig.deployDirectory Deployment of web application directory /var/home/lab/alum1/03/17/102/Escritorio/Proyecto/apache-tomcat-8.0.47/webapps/ROOT has finished in 77 ms
11-May-2018 11:28:12.021 INFORMACIÓN [localhost-startStop-1] org.apache.catalina.startup.HostConfig.deployDirectory Despliegue del directorio /var/home/lab/alum1/03/17/102/Escritorio/Proyecto/apache-tomcat-8.0.47/webapps/host-manager de la aplicación web
11-May-2018 11:28:12.124 INFORMACIÓN [localhost-startStop-1] org.apache.catalina.startup.HostConfig.deployDirectory Deployment of web application directory /var/home/lab/alum1/03/17/102/Escritorio/Proyecto/apache-tomcat-8.0.47/webapps/host-manager has finished in 103 ms
11-May-2018 11:28:12.128 INFORMACIÓN [main] org.apache.coyote.AbstractProtocol.start Starting ProtocolHandler ["http-nio-9102"]
11-May-2018 11:28:12.137 INFORMACIÓN [main] org.apache.coyote.AbstractProtocol.start Starting ProtocolHandler ["ajp-nio-8009"]
11-May-2018 11:28:12.138 INFORMACIÓN [main] org.apache.catalina.startup.Catalina.start Server startup in 6233 ms
11-May-2018 13:40:06.294 INFORMACIÓN [main] org.apache.catalina.core.StandardServer.await Se ha recibido un comando de apagado a través del puerto de apagado. Parando la instancia del Servidor.
11-May-2018 13:40:06.295 INFORMACIÓN [main] org.apache.coyote.AbstractProtocol.pause Pausing ProtocolHandler ["http-nio-9102"]
11-May-2018 13:40:06.346 INFORMACIÓN [main] org.apache.coyote.AbstractProtocol.pause Pausing ProtocolHandler ["ajp-nio-8009"]
11-May-2018 13:40:06.397 INFORMACIÓN [main] org.apache.catalina.core.StandardService.stopInternal Parando servicio Catalina
11-May-2018 13:40:06.480 ADVERTENCIA [localhost-startStop-2] org.apache.catalina.loader.WebappClassLoaderBase.clearReferencesJdbc La aplicación web [proyecto] registró el conductor JDBC [com.mysql.jdbc.Driver] pero falló al anular el registro mientras la aplicación web estaba parada. Para prevenir un fallo de memoria, se ha anulado el registro del conductor JDBC por la fuerza.
11-May-2018 13:40:06.481 ADVERTENCIA [localhost-startStop-2] org.apache.catalina.loader.WebappClassLoaderBase.clearReferencesThreads The web application [proyecto] appears to have started a thread named [Abandoned connection cleanup thread] but has failed to stop it. This is very likely to create a memory leak. Stack trace of thread:
 java.lang.Object.wait(Native Method)
 java.lang.ref.ReferenceQueue.remove(ReferenceQueue.java:143)
 com.mysql.jdbc.AbandonedConnectionCleanupThread.run(AbandonedConnectionCleanupThread.java:64)
 java.util.concurrent.ThreadPoolExecutor.runWorker(ThreadPoolExecutor.java:1149)
 java.util.concurrent.ThreadPoolExecutor$Worker.run(ThreadPoolExecutor.java:624)
 java.lang.Thread.run(Thread.java:748)
11-May-2018 13:40:06.497 INFORMACIÓN [main] org.apache.coyote.AbstractProtocol.stop Stopping ProtocolHandler ["http-nio-9102"]
11-May-2018 13:40:06.498 INFORMACIÓN [main] org.apache.coyote.AbstractProtocol.stop Stopping ProtocolHandler ["ajp-nio-8009"]
11-May-2018 13:40:06.500 INFORMACIÓN [main] org.apache.coyote.AbstractProtocol.destroy Destroying ProtocolHandler ["http-nio-9102"]
11-May-2018 13:40:06.502 INFORMACIÓN [main] org.apache.coyote.AbstractProtocol.destroy Destroying ProtocolHandler ["ajp-nio-8009"]
11-May-2018 14:55:20.221 INFORMACIÓN [main] org.apache.catalina.startup.VersionLoggerListener.log Server version:        Apache Tomcat/8.0.47
11-May-2018 14:55:20.224 INFORMACIÓN [main] org.apache.catalina.startup.VersionLoggerListener.log Server built:          Sep 29 2017 13:46:41 UTC
11-May-2018 14:55:20.224 INFORMACIÓN [main] org.apache.catalina.startup.VersionLoggerListener.log Server number:         8.0.47.0
11-May-2018 14:55:20.224 INFORMACIÓN [main] org.apache.catalina.startup.VersionLoggerListener.log OS Name:               Linux
11-May-2018 14:55:20.224 INFORMACIÓN [main] org.apache.catalina.startup.VersionLoggerListener.log OS Version:            4.12.0
11-May-2018 14:55:20.224 INFORMACIÓN [main] org.apache.catalina.startup.VersionLoggerListener.log Architecture:          amd64
11-May-2018 14:55:20.225 INFORMACIÓN [main] org.apache.catalina.startup.VersionLoggerListener.log Java Home:             /usr/lib/jvm/oracle-java8-jdk-amd64/jre
11-May-2018 14:55:20.225 INFORMACIÓN [main] org.apache.catalina.startup.VersionLoggerListener.log JVM Version:           1.8.0_141-b15
11-May-2018 14:55:20.225 INFORMACIÓN [main] org.apache.catalina.startup.VersionLoggerListener.log JVM Vendor:            Oracle Corporation
11-May-2018 14:55:20.225 INFORMACIÓN [main] org.apache.catalina.startup.VersionLoggerListener.log CATALINA_BASE:         /var/home/lab/alum1/03/17/102/Escritorio/Proyecto/apache-tomcat-8.0.47
11-May-2018 14:55:20.225 INFORMACIÓN [main] org.apache.catalina.startup.VersionLoggerListener.log CATALINA_HOME:         /var/home/lab/alum1/03/17/102/Escritorio/Proyecto/apache-tomcat-8.0.47
11-May-2018 14:55:20.225 INFORMACIÓN [main] org.apache.catalina.startup.VersionLoggerListener.log Command line argument: -Djava.util.logging.config.file=/usr/lab/alum/0317102/Escritorio/Proyecto/apache-tomcat-8.0.47/conf/logging.properties
11-May-2018 14:55:20.226 INFORMACIÓN [main] org.apache.catalina.startup.VersionLoggerListener.log Command line argument: -Djava.util.logging.manager=org.apache.juli.ClassLoaderLogManager
11-May-2018 14:55:20.226 INFORMACIÓN [main] org.apache.catalina.startup.VersionLoggerListener.log Command line argument: -Djdk.tls.ephemeralDHKeySize=2048
11-May-2018 14:55:20.226 INFORMACIÓN [main] org.apache.catalina.startup.VersionLoggerListener.log Command line argument: -Djava.protocol.handler.pkgs=org.apache.catalina.webresources
11-May-2018 14:55:20.226 INFORMACIÓN [main] org.apache.catalina.startup.VersionLoggerListener.log Command line argument: -Djava.endorsed.dirs=/usr/lab/alum/0317102/Escritorio/Proyecto/apache-tomcat-8.0.47/endorsed
11-May-2018 14:55:20.226 INFORMACIÓN [main] org.apache.catalina.startup.VersionLoggerListener.log Command line argument: -Dcatalina.base=/usr/lab/alum/0317102/Escritorio/Proyecto/apache-tomcat-8.0.47
11-May-2018 14:55:20.226 INFORMACIÓN [main] org.apache.catalina.startup.VersionLoggerListener.log Command line argument: -Dcatalina.home=/usr/lab/alum/0317102/Escritorio/Proyecto/apache-tomcat-8.0.47
11-May-2018 14:55:20.226 INFORMACIÓN [main] org.apache.catalina.startup.VersionLoggerListener.log Command line argument: -Djava.io.tmpdir=/usr/lab/alum/0317102/Escritorio/Proyecto/apache-tomcat-8.0.47/temp
11-May-2018 14:55:20.227 INFORMACIÓN [main] org.apache.catalina.core.AprLifecycleListener.lifecycleEvent La biblioteca nativa de Apache Tomcat basada en ARP que permite un rendimiento óptimo en entornos de desarrollo no ha sido hallada en java.library.path: /usr/java/packages/lib/amd64:/usr/lib64:/lib64:/lib:/usr/lib
11-May-2018 14:55:20.386 INFORMACIÓN [main] org.apache.coyote.AbstractProtocol.init Initializing ProtocolHandler ["http-nio-9102"]
11-May-2018 14:55:20.401 INFORMACIÓN [main] org.apache.tomcat.util.net.NioSelectorPool.getSharedSelector Using a shared selector for servlet write/read
11-May-2018 14:55:20.405 INFORMACIÓN [main] org.apache.coyote.AbstractProtocol.init Initializing ProtocolHandler ["ajp-nio-8009"]
11-May-2018 14:55:20.407 INFORMACIÓN [main] org.apache.tomcat.util.net.NioSelectorPool.getSharedSelector Using a shared selector for servlet write/read
11-May-2018 14:55:20.407 INFORMACIÓN [main] org.apache.catalina.startup.Catalina.load Initialization processed in 595 ms
11-May-2018 14:55:20.433 INFORMACIÓN [main] org.apache.catalina.core.StandardService.startInternal Arrancando servicio Catalina
11-May-2018 14:55:20.434 INFORMACIÓN [main] org.apache.catalina.core.StandardEngine.startInternal Starting Servlet Engine: Apache Tomcat/8.0.47
11-May-2018 14:55:20.457 INFORMACIÓN [localhost-startStop-1] org.apache.catalina.startup.HostConfig.deployDirectory Despliegue del directorio /var/home/lab/alum1/03/17/102/Escritorio/Proyecto/apache-tomcat-8.0.47/webapps/proyecto de la aplicación web
11-May-2018 14:55:21.034 ADVERTENCIA [localhost-startStop-1] org.apache.tomcat.dbcp.dbcp2.BasicDataSourceFactory.getObjectInstance Name = webrestaurants Property maxActive is not used in DBCP2, use maxTotal instead. maxTotal default value is 8. You have set value of "8" for "maxActive" property, which is being ignored.
11-May-2018 14:55:21.090 INFORMACIÓN [localhost-startStop-1] org.apache.jasper.servlet.TldScanner.scanJars Al menos un JAR, que se ha explorado buscando TLDs, aún no contenía TLDs. Activar historial de depuración para este historiador para una completa lista de los JARs que fueron explorados y de los que nos se halló TLDs. Saltarse JARs no necesarios durante la exploración puede dar lugar a una mejora de tiempo significativa en el arranque y compilación de JSP .
11-May-2018 14:55:21.127 INFORMACIÓN [localhost-startStop-1] org.apache.catalina.startup.HostConfig.deployDirectory Deployment of web application directory /var/home/lab/alum1/03/17/102/Escritorio/Proyecto/apache-tomcat-8.0.47/webapps/proyecto has finished in 669 ms
11-May-2018 14:55:21.128 INFORMACIÓN [localhost-startStop-1] org.apache.catalina.startup.HostConfig.deployDirectory Despliegue del directorio /var/home/lab/alum1/03/17/102/Escritorio/Proyecto/apache-tomcat-8.0.47/webapps/docs de la aplicación web
11-May-2018 14:55:21.154 INFORMACIÓN [localhost-startStop-1] org.apache.catalina.startup.HostConfig.deployDirectory Deployment of web application directory /var/home/lab/alum1/03/17/102/Escritorio/Proyecto/apache-tomcat-8.0.47/webapps/docs has finished in 26 ms
11-May-2018 14:55:21.154 INFORMACIÓN [localhost-startStop-1] org.apache.catalina.startup.HostConfig.deployDirectory Despliegue del directorio /var/home/lab/alum1/03/17/102/Escritorio/Proyecto/apache-tomcat-8.0.47/webapps/manager de la aplicación web
11-May-2018 14:55:21.200 INFORMACIÓN [localhost-startStop-1] org.apache.catalina.startup.HostConfig.deployDirectory Deployment of web application directory /var/home/lab/alum1/03/17/102/Escritorio/Proyecto/apache-tomcat-8.0.47/webapps/manager has finished in 46 ms
11-May-2018 14:55:21.201 INFORMACIÓN [localhost-startStop-1] org.apache.catalina.startup.HostConfig.deployDirectory Despliegue del directorio /var/home/lab/alum1/03/17/102/Escritorio/Proyecto/apache-tomcat-8.0.47/webapps/examples de la aplicación web
11-May-2018 14:55:21.631 INFORMACIÓN [localhost-startStop-1] org.apache.catalina.startup.HostConfig.deployDirectory Deployment of web application directory /var/home/lab/alum1/03/17/102/Escritorio/Proyecto/apache-tomcat-8.0.47/webapps/examples has finished in 430 ms
11-May-2018 14:55:21.632 INFORMACIÓN [localhost-startStop-1] org.apache.catalina.startup.HostConfig.deployDirectory Despliegue del directorio /var/home/lab/alum1/03/17/102/Escritorio/Proyecto/apache-tomcat-8.0.47/webapps/ROOT de la aplicación web
11-May-2018 14:55:21.654 INFORMACIÓN [localhost-startStop-1] org.apache.catalina.startup.HostConfig.deployDirectory Deployment of web application directory /var/home/lab/alum1/03/17/102/Escritorio/Proyecto/apache-tomcat-8.0.47/webapps/ROOT has finished in 22 ms
11-May-2018 14:55:21.654 INFORMACIÓN [localhost-startStop-1] org.apache.catalina.startup.HostConfig.deployDirectory Despliegue del directorio /var/home/lab/alum1/03/17/102/Escritorio/Proyecto/apache-tomcat-8.0.47/webapps/host-manager de la aplicación web
11-May-2018 14:55:21.682 INFORMACIÓN [localhost-startStop-1] org.apache.catalina.startup.HostConfig.deployDirectory Deployment of web application directory /var/home/lab/alum1/03/17/102/Escritorio/Proyecto/apache-tomcat-8.0.47/webapps/host-manager has finished in 28 ms
11-May-2018 14:55:21.685 INFORMACIÓN [main] org.apache.coyote.AbstractProtocol.start Starting ProtocolHandler ["http-nio-9102"]
11-May-2018 14:55:21.691 INFORMACIÓN [main] org.apache.coyote.AbstractProtocol.start Starting ProtocolHandler ["ajp-nio-8009"]
11-May-2018 14:55:21.693 INFORMACIÓN [main] org.apache.catalina.startup.Catalina.start Server startup in 1285 ms
11-May-2018 16:23:27.044 INFORMACIÓN [main] org.apache.catalina.core.StandardServer.await Se ha recibido un comando de apagado a través del puerto de apagado. Parando la instancia del Servidor.
11-May-2018 16:23:27.045 INFORMACIÓN [main] org.apache.coyote.AbstractProtocol.pause Pausing ProtocolHandler ["http-nio-9102"]
11-May-2018 16:23:27.097 INFORMACIÓN [main] org.apache.coyote.AbstractProtocol.pause Pausing ProtocolHandler ["ajp-nio-8009"]
11-May-2018 16:23:27.147 INFORMACIÓN [main] org.apache.catalina.core.StandardService.stopInternal Parando servicio Catalina
11-May-2018 16:23:27.197 ADVERTENCIA [localhost-startStop-2] org.apache.catalina.loader.WebappClassLoaderBase.clearReferencesJdbc La aplicación web [proyecto] registró el conductor JDBC [com.mysql.jdbc.Driver] pero falló al anular el registro mientras la aplicación web estaba parada. Para prevenir un fallo de memoria, se ha anulado el registro del conductor JDBC por la fuerza.
11-May-2018 16:23:27.197 ADVERTENCIA [localhost-startStop-2] org.apache.catalina.loader.WebappClassLoaderBase.clearReferencesThreads The web application [proyecto] appears to have started a thread named [Abandoned connection cleanup thread] but has failed to stop it. This is very likely to create a memory leak. Stack trace of thread:
 java.lang.Object.wait(Native Method)
 java.lang.ref.ReferenceQueue.remove(ReferenceQueue.java:143)
 com.mysql.jdbc.AbandonedConnectionCleanupThread.run(AbandonedConnectionCleanupThread.java:64)
 java.util.concurrent.ThreadPoolExecutor.runWorker(ThreadPoolExecutor.java:1149)
 java.util.concurrent.ThreadPoolExecutor$Worker.run(ThreadPoolExecutor.java:624)
 java.lang.Thread.run(Thread.java:748)
11-May-2018 16:23:27.204 INFORMACIÓN [main] org.apache.coyote.AbstractProtocol.stop Stopping ProtocolHandler ["http-nio-9102"]
11-May-2018 16:23:27.205 INFORMACIÓN [main] org.apache.coyote.AbstractProtocol.stop Stopping ProtocolHandler ["ajp-nio-8009"]
11-May-2018 16:23:27.206 INFORMACIÓN [main] org.apache.coyote.AbstractProtocol.destroy Destroying ProtocolHandler ["http-nio-9102"]
11-May-2018 16:23:27.207 INFORMACIÓN [main] org.apache.coyote.AbstractProtocol.destroy Destroying ProtocolHandler ["ajp-nio-8009"]
11-May-2018 16:28:13.479 INFORMACIÓN [main] org.apache.catalina.startup.VersionLoggerListener.log Server version:        Apache Tomcat/8.0.47
11-May-2018 16:28:13.482 INFORMACIÓN [main] org.apache.catalina.startup.VersionLoggerListener.log Server built:          Sep 29 2017 13:46:41 UTC
11-May-2018 16:28:13.482 INFORMACIÓN [main] org.apache.catalina.startup.VersionLoggerListener.log Server number:         8.0.47.0
11-May-2018 16:28:13.482 INFORMACIÓN [main] org.apache.catalina.startup.VersionLoggerListener.log OS Name:               Linux
11-May-2018 16:28:13.482 INFORMACIÓN [main] org.apache.catalina.startup.VersionLoggerListener.log OS Version:            4.12.0
11-May-2018 16:28:13.482 INFORMACIÓN [main] org.apache.catalina.startup.VersionLoggerListener.log Architecture:          amd64
11-May-2018 16:28:13.483 INFORMACIÓN [main] org.apache.catalina.startup.VersionLoggerListener.log Java Home:             /usr/lib/jvm/oracle-java8-jdk-amd64/jre
11-May-2018 16:28:13.483 INFORMACIÓN [main] org.apache.catalina.startup.VersionLoggerListener.log JVM Version:           1.8.0_141-b15
11-May-2018 16:28:13.483 INFORMACIÓN [main] org.apache.catalina.startup.VersionLoggerListener.log JVM Vendor:            Oracle Corporation
11-May-2018 16:28:13.483 INFORMACIÓN [main] org.apache.catalina.startup.VersionLoggerListener.log CATALINA_BASE:         /var/home/lab/alum1/03/17/102/Escritorio/Proyecto/apache-tomcat-8.0.47
11-May-2018 16:28:13.483 INFORMACIÓN [main] org.apache.catalina.startup.VersionLoggerListener.log CATALINA_HOME:         /var/home/lab/alum1/03/17/102/Escritorio/Proyecto/apache-tomcat-8.0.47
11-May-2018 16:28:13.483 INFORMACIÓN [main] org.apache.catalina.startup.VersionLoggerListener.log Command line argument: -Djava.util.logging.config.file=/usr/lab/alum/0317102/Escritorio/Proyecto/apache-tomcat-8.0.47/conf/logging.properties
11-May-2018 16:28:13.483 INFORMACIÓN [main] org.apache.catalina.startup.VersionLoggerListener.log Command line argument: -Djava.util.logging.manager=org.apache.juli.ClassLoaderLogManager
11-May-2018 16:28:13.484 INFORMACIÓN [main] org.apache.catalina.startup.VersionLoggerListener.log Command line argument: -Djdk.tls.ephemeralDHKeySize=2048
11-May-2018 16:28:13.484 INFORMACIÓN [main] org.apache.catalina.startup.VersionLoggerListener.log Command line argument: -Djava.protocol.handler.pkgs=org.apache.catalina.webresources
11-May-2018 16:28:13.484 INFORMACIÓN [main] org.apache.catalina.startup.VersionLoggerListener.log Command line argument: -Djava.endorsed.dirs=/usr/lab/alum/0317102/Escritorio/Proyecto/apache-tomcat-8.0.47/endorsed
11-May-2018 16:28:13.484 INFORMACIÓN [main] org.apache.catalina.startup.VersionLoggerListener.log Command line argument: -Dcatalina.base=/usr/lab/alum/0317102/Escritorio/Proyecto/apache-tomcat-8.0.47
11-May-2018 16:28:13.484 INFORMACIÓN [main] org.apache.catalina.startup.VersionLoggerListener.log Command line argument: -Dcatalina.home=/usr/lab/alum/0317102/Escritorio/Proyecto/apache-tomcat-8.0.47
11-May-2018 16:28:13.484 INFORMACIÓN [main] org.apache.catalina.startup.VersionLoggerListener.log Command line argument: -Djava.io.tmpdir=/usr/lab/alum/0317102/Escritorio/Proyecto/apache-tomcat-8.0.47/temp
11-May-2018 16:28:13.484 INFORMACIÓN [main] org.apache.catalina.core.AprLifecycleListener.lifecycleEvent La biblioteca nativa de Apache Tomcat basada en ARP que permite un rendimiento óptimo en entornos de desarrollo no ha sido hallada en java.library.path: /usr/java/packages/lib/amd64:/usr/lib64:/lib64:/lib:/usr/lib
11-May-2018 16:28:13.653 INFORMACIÓN [main] org.apache.coyote.AbstractProtocol.init Initializing ProtocolHandler ["http-nio-9102"]
11-May-2018 16:28:13.671 INFORMACIÓN [main] org.apache.tomcat.util.net.NioSelectorPool.getSharedSelector Using a shared selector for servlet write/read
11-May-2018 16:28:13.674 INFORMACIÓN [main] org.apache.coyote.AbstractProtocol.init Initializing ProtocolHandler ["ajp-nio-8009"]
11-May-2018 16:28:13.676 INFORMACIÓN [main] org.apache.tomcat.util.net.NioSelectorPool.getSharedSelector Using a shared selector for servlet write/read
11-May-2018 16:28:13.676 INFORMACIÓN [main] org.apache.catalina.startup.Catalina.load Initialization processed in 599 ms
11-May-2018 16:28:13.701 INFORMACIÓN [main] org.apache.catalina.core.StandardService.startInternal Arrancando servicio Catalina
11-May-2018 16:28:13.702 INFORMACIÓN [main] org.apache.catalina.core.StandardEngine.startInternal Starting Servlet Engine: Apache Tomcat/8.0.47
11-May-2018 16:28:13.722 INFORMACIÓN [localhost-startStop-1] org.apache.catalina.startup.HostConfig.deployDirectory Despliegue del directorio /var/home/lab/alum1/03/17/102/Escritorio/Proyecto/apache-tomcat-8.0.47/webapps/proyecto de la aplicación web
11-May-2018 16:28:14.274 ADVERTENCIA [localhost-startStop-1] org.apache.tomcat.dbcp.dbcp2.BasicDataSourceFactory.getObjectInstance Name = webrestaurants Property maxActive is not used in DBCP2, use maxTotal instead. maxTotal default value is 8. You have set value of "8" for "maxActive" property, which is being ignored.
11-May-2018 16:28:14.328 INFORMACIÓN [localhost-startStop-1] org.apache.jasper.servlet.TldScanner.scanJars Al menos un JAR, que se ha explorado buscando TLDs, aún no contenía TLDs. Activar historial de depuración para este historiador para una completa lista de los JARs que fueron explorados y de los que nos se halló TLDs. Saltarse JARs no necesarios durante la exploración puede dar lugar a una mejora de tiempo significativa en el arranque y compilación de JSP .
11-May-2018 16:28:14.421 GRAVE [localhost-startStop-1] org.apache.catalina.session.StandardManager.startInternal Excepción cargando sesiones desde almacenamiento persistente
 java.lang.InstantiationError: java.io.ObjectStreamException
	at sun.reflect.GeneratedSerializationConstructorAccessor9.newInstance(Unknown Source)
	at java.lang.reflect.Constructor.newInstance(Constructor.java:423)
	at java.io.ObjectStreamClass.newInstance(ObjectStreamClass.java:1006)
	at java.io.ObjectInputStream.readOrdinaryObject(ObjectInputStream.java:2011)
	at java.io.ObjectInputStream.readObject0(ObjectInputStream.java:1535)
	at java.io.ObjectInputStream.readObject(ObjectInputStream.java:422)
	at java.util.ArrayList.readObject(ArrayList.java:791)
	at sun.reflect.NativeMethodAccessorImpl.invoke0(Native Method)
	at sun.reflect.NativeMethodAccessorImpl.invoke(NativeMethodAccessorImpl.java:62)
	at sun.reflect.DelegatingMethodAccessorImpl.invoke(DelegatingMethodAccessorImpl.java:43)
	at java.lang.reflect.Method.invoke(Method.java:498)
	at java.io.ObjectStreamClass.invokeReadObject(ObjectStreamClass.java:1058)
	at java.io.ObjectInputStream.readSerialData(ObjectInputStream.java:2136)
	at java.io.ObjectInputStream.readOrdinaryObject(ObjectInputStream.java:2027)
	at java.io.ObjectInputStream.readObject0(ObjectInputStream.java:1535)
	at java.io.ObjectInputStream.readObject(ObjectInputStream.java:422)
	at org.apache.catalina.session.StandardSession.doReadObject(StandardSession.java:1624)
	at org.apache.catalina.session.StandardSession.readObjectData(StandardSession.java:1090)
	at org.apache.catalina.session.StandardManager.doLoad(StandardManager.java:218)
	at org.apache.catalina.session.StandardManager.load(StandardManager.java:162)
	at org.apache.catalina.session.StandardManager.startInternal(StandardManager.java:356)
	at org.apache.catalina.util.LifecycleBase.start(LifecycleBase.java:145)
	at org.apache.catalina.core.StandardContext.startInternal(StandardContext.java:5331)
	at org.apache.catalina.util.LifecycleBase.start(LifecycleBase.java:145)
	at org.apache.catalina.core.ContainerBase.addChildInternal(ContainerBase.java:753)
	at org.apache.catalina.core.ContainerBase.addChild(ContainerBase.java:729)
	at org.apache.catalina.core.StandardHost.addChild(StandardHost.java:717)
	at org.apache.catalina.startup.HostConfig.deployDirectory(HostConfig.java:1129)
	at org.apache.catalina.startup.HostConfig$DeployDirectory.run(HostConfig.java:1871)
	at java.util.concurrent.Executors$RunnableAdapter.call(Executors.java:511)
	at java.util.concurrent.FutureTask.run(FutureTask.java:266)
	at java.util.concurrent.ThreadPoolExecutor.runWorker(ThreadPoolExecutor.java:1149)
	at java.util.concurrent.ThreadPoolExecutor$Worker.run(ThreadPoolExecutor.java:624)
	at java.lang.Thread.run(Thread.java:748)

11-May-2018 16:28:14.444 INFORMACIÓN [localhost-startStop-1] org.apache.catalina.startup.HostConfig.deployDirectory Deployment of web application directory /var/home/lab/alum1/03/17/102/Escritorio/Proyecto/apache-tomcat-8.0.47/webapps/proyecto has finished in 720 ms
11-May-2018 16:28:14.444 INFORMACIÓN [localhost-startStop-1] org.apache.catalina.startup.HostConfig.deployDirectory Despliegue del directorio /var/home/lab/alum1/03/17/102/Escritorio/Proyecto/apache-tomcat-8.0.47/webapps/docs de la aplicación web
11-May-2018 16:28:14.470 INFORMACIÓN [localhost-startStop-1] org.apache.catalina.startup.HostConfig.deployDirectory Deployment of web application directory /var/home/lab/alum1/03/17/102/Escritorio/Proyecto/apache-tomcat-8.0.47/webapps/docs has finished in 26 ms
11-May-2018 16:28:14.470 INFORMACIÓN [localhost-startStop-1] org.apache.catalina.startup.HostConfig.deployDirectory Despliegue del directorio /var/home/lab/alum1/03/17/102/Escritorio/Proyecto/apache-tomcat-8.0.47/webapps/manager de la aplicación web
11-May-2018 16:28:14.509 INFORMACIÓN [localhost-startStop-1] org.apache.catalina.startup.HostConfig.deployDirectory Deployment of web application directory /var/home/lab/alum1/03/17/102/Escritorio/Proyecto/apache-tomcat-8.0.47/webapps/manager has finished in 39 ms
11-May-2018 16:28:14.509 INFORMACIÓN [localhost-startStop-1] org.apache.catalina.startup.HostConfig.deployDirectory Despliegue del directorio /var/home/lab/alum1/03/17/102/Escritorio/Proyecto/apache-tomcat-8.0.47/webapps/examples de la aplicación web
11-May-2018 16:28:14.917 INFORMACIÓN [localhost-startStop-1] org.apache.catalina.startup.HostConfig.deployDirectory Deployment of web application directory /var/home/lab/alum1/03/17/102/Escritorio/Proyecto/apache-tomcat-8.0.47/webapps/examples has finished in 408 ms
11-May-2018 16:28:14.918 INFORMACIÓN [localhost-startStop-1] org.apache.catalina.startup.HostConfig.deployDirectory Despliegue del directorio /var/home/lab/alum1/03/17/102/Escritorio/Proyecto/apache-tomcat-8.0.47/webapps/ROOT de la aplicación web
11-May-2018 16:28:14.939 INFORMACIÓN [localhost-startStop-1] org.apache.catalina.startup.HostConfig.deployDirectory Deployment of web application directory /var/home/lab/alum1/03/17/102/Escritorio/Proyecto/apache-tomcat-8.0.47/webapps/ROOT has finished in 21 ms
11-May-2018 16:28:14.940 INFORMACIÓN [localhost-startStop-1] org.apache.catalina.startup.HostConfig.deployDirectory Despliegue del directorio /var/home/lab/alum1/03/17/102/Escritorio/Proyecto/apache-tomcat-8.0.47/webapps/host-manager de la aplicación web
11-May-2018 16:28:14.969 INFORMACIÓN [localhost-startStop-1] org.apache.catalina.startup.HostConfig.deployDirectory Deployment of web application directory /var/home/lab/alum1/03/17/102/Escritorio/Proyecto/apache-tomcat-8.0.47/webapps/host-manager has finished in 28 ms
11-May-2018 16:28:14.972 INFORMACIÓN [main] org.apache.coyote.AbstractProtocol.start Starting ProtocolHandler ["http-nio-9102"]
11-May-2018 16:28:14.978 INFORMACIÓN [main] org.apache.coyote.AbstractProtocol.start Starting ProtocolHandler ["ajp-nio-8009"]
11-May-2018 16:28:14.980 INFORMACIÓN [main] org.apache.catalina.startup.Catalina.start Server startup in 1303 ms
11-May-2018 16:29:05.073 INFORMACIÓN [ContainerBackgroundProcessor[StandardEngine[Catalina]]] org.apache.catalina.core.StandardContext.reload Ha comenzado la recarga de Contexto [/proyecto]
11-May-2018 16:29:05.088 ADVERTENCIA [ContainerBackgroundProcessor[StandardEngine[Catalina]]] org.apache.catalina.loader.WebappClassLoaderBase.clearReferencesJdbc La aplicación web [proyecto] registró el conductor JDBC [com.mysql.jdbc.Driver] pero falló al anular el registro mientras la aplicación web estaba parada. Para prevenir un fallo de memoria, se ha anulado el registro del conductor JDBC por la fuerza.
11-May-2018 16:29:05.089 ADVERTENCIA [ContainerBackgroundProcessor[StandardEngine[Catalina]]] org.apache.catalina.loader.WebappClassLoaderBase.clearReferencesThreads The web application [proyecto] appears to have started a thread named [Abandoned connection cleanup thread] but has failed to stop it. This is very likely to create a memory leak. Stack trace of thread:
 java.lang.Object.wait(Native Method)
 java.lang.ref.ReferenceQueue.remove(ReferenceQueue.java:143)
 com.mysql.jdbc.AbandonedConnectionCleanupThread.run(AbandonedConnectionCleanupThread.java:64)
 java.util.concurrent.ThreadPoolExecutor.runWorker(ThreadPoolExecutor.java:1149)
 java.util.concurrent.ThreadPoolExecutor$Worker.run(ThreadPoolExecutor.java:624)
 java.lang.Thread.run(Thread.java:748)
11-May-2018 16:29:05.264 INFORMACIÓN [ContainerBackgroundProcessor[StandardEngine[Catalina]]] org.apache.catalina.core.StandardContext.reload Se ha completado la recarga de este Contexto
11-May-2018 16:29:08.621 INFORMACIÓN [Abandoned connection cleanup thread] org.apache.catalina.loader.WebappClassLoaderBase.checkStateForResourceLoading Acceso ilegal: esta instancia de aplicación web ya ha sido parada.  Could not load .  La eventual traza de pila que sigue ha sido motivada por un error lanzado con motivos de depuración así como para intentar terminar el hilo que motivó el acceso ilegal y no tiene impacto funcional.
 java.lang.IllegalStateException: Acceso ilegal: esta instancia de aplicación web ya ha sido parada.  Could not load .  La eventual traza de pila que sigue ha sido motivada por un error lanzado con motivos de depuración así como para intentar terminar el hilo que motivó el acceso ilegal y no tiene impacto funcional.
	at org.apache.catalina.loader.WebappClassLoaderBase.checkStateForResourceLoading(WebappClassLoaderBase.java:1359)
	at org.apache.catalina.loader.WebappClassLoaderBase.getResource(WebappClassLoaderBase.java:1029)
	at com.mysql.jdbc.AbandonedConnectionCleanupThread.checkContextClassLoaders(AbandonedConnectionCleanupThread.java:90)
	at com.mysql.jdbc.AbandonedConnectionCleanupThread.run(AbandonedConnectionCleanupThread.java:63)
	at java.util.concurrent.ThreadPoolExecutor.runWorker(ThreadPoolExecutor.java:1149)
	at java.util.concurrent.ThreadPoolExecutor$Worker.run(ThreadPoolExecutor.java:624)
	at java.lang.Thread.run(Thread.java:748)

