17-Apr-2018 15:03:18.183 INFORMACIÓN [main] org.apache.catalina.startup.VersionLoggerListener.log Server version:        Apache Tomcat/8.0.47
17-Apr-2018 15:03:18.198 INFORMACIÓN [main] org.apache.catalina.startup.VersionLoggerListener.log Server built:          Sep 29 2017 13:46:41 UTC
17-Apr-2018 15:03:18.198 INFORMACIÓN [main] org.apache.catalina.startup.VersionLoggerListener.log Server number:         8.0.47.0
17-Apr-2018 15:03:18.199 INFORMACIÓN [main] org.apache.catalina.startup.VersionLoggerListener.log OS Name:               Linux
17-Apr-2018 15:03:18.199 INFORMACIÓN [main] org.apache.catalina.startup.VersionLoggerListener.log OS Version:            4.12.0
17-Apr-2018 15:03:18.199 INFORMACIÓN [main] org.apache.catalina.startup.VersionLoggerListener.log Architecture:          amd64
17-Apr-2018 15:03:18.199 INFORMACIÓN [main] org.apache.catalina.startup.VersionLoggerListener.log Java Home:             /usr/lib/jvm/oracle-java8-jdk-amd64/jre
17-Apr-2018 15:03:18.199 INFORMACIÓN [main] org.apache.catalina.startup.VersionLoggerListener.log JVM Version:           1.8.0_141-b15
17-Apr-2018 15:03:18.199 INFORMACIÓN [main] org.apache.catalina.startup.VersionLoggerListener.log JVM Vendor:            Oracle Corporation
17-Apr-2018 15:03:18.199 INFORMACIÓN [main] org.apache.catalina.startup.VersionLoggerListener.log CATALINA_BASE:         /var/home/lab/alum1/03/17/102/Escritorio/Proyecto/apache-tomcat-8.0.47
17-Apr-2018 15:03:18.199 INFORMACIÓN [main] org.apache.catalina.startup.VersionLoggerListener.log CATALINA_HOME:         /var/home/lab/alum1/03/17/102/Escritorio/Proyecto/apache-tomcat-8.0.47
17-Apr-2018 15:03:18.200 INFORMACIÓN [main] org.apache.catalina.startup.VersionLoggerListener.log Command line argument: -Djava.util.logging.config.file=/usr/lab/alum/0317102/Escritorio/Proyecto/apache-tomcat-8.0.47/conf/logging.properties
17-Apr-2018 15:03:18.200 INFORMACIÓN [main] org.apache.catalina.startup.VersionLoggerListener.log Command line argument: -Djava.util.logging.manager=org.apache.juli.ClassLoaderLogManager
17-Apr-2018 15:03:18.200 INFORMACIÓN [main] org.apache.catalina.startup.VersionLoggerListener.log Command line argument: -Djdk.tls.ephemeralDHKeySize=2048
17-Apr-2018 15:03:18.200 INFORMACIÓN [main] org.apache.catalina.startup.VersionLoggerListener.log Command line argument: -Djava.protocol.handler.pkgs=org.apache.catalina.webresources
17-Apr-2018 15:03:18.200 INFORMACIÓN [main] org.apache.catalina.startup.VersionLoggerListener.log Command line argument: -Djava.endorsed.dirs=/usr/lab/alum/0317102/Escritorio/Proyecto/apache-tomcat-8.0.47/endorsed
17-Apr-2018 15:03:18.200 INFORMACIÓN [main] org.apache.catalina.startup.VersionLoggerListener.log Command line argument: -Dcatalina.base=/usr/lab/alum/0317102/Escritorio/Proyecto/apache-tomcat-8.0.47
17-Apr-2018 15:03:18.200 INFORMACIÓN [main] org.apache.catalina.startup.VersionLoggerListener.log Command line argument: -Dcatalina.home=/usr/lab/alum/0317102/Escritorio/Proyecto/apache-tomcat-8.0.47
17-Apr-2018 15:03:18.200 INFORMACIÓN [main] org.apache.catalina.startup.VersionLoggerListener.log Command line argument: -Djava.io.tmpdir=/usr/lab/alum/0317102/Escritorio/Proyecto/apache-tomcat-8.0.47/temp
17-Apr-2018 15:03:18.200 INFORMACIÓN [main] org.apache.catalina.core.AprLifecycleListener.lifecycleEvent La biblioteca nativa de Apache Tomcat basada en ARP que permite un rendimiento óptimo en entornos de desarrollo no ha sido hallada en java.library.path: /usr/java/packages/lib/amd64:/usr/lib64:/lib64:/lib:/usr/lib
17-Apr-2018 15:03:19.017 INFORMACIÓN [main] org.apache.coyote.AbstractProtocol.init Initializing ProtocolHandler ["http-nio-9102"]
17-Apr-2018 15:03:19.103 INFORMACIÓN [main] org.apache.tomcat.util.net.NioSelectorPool.getSharedSelector Using a shared selector for servlet write/read
17-Apr-2018 15:03:19.107 INFORMACIÓN [main] org.apache.coyote.AbstractProtocol.init Initializing ProtocolHandler ["ajp-nio-8009"]
17-Apr-2018 15:03:19.110 INFORMACIÓN [main] org.apache.tomcat.util.net.NioSelectorPool.getSharedSelector Using a shared selector for servlet write/read
17-Apr-2018 15:03:19.111 INFORMACIÓN [main] org.apache.catalina.startup.Catalina.load Initialization processed in 2922 ms
17-Apr-2018 15:03:19.217 INFORMACIÓN [main] org.apache.catalina.core.StandardService.startInternal Arrancando servicio Catalina
17-Apr-2018 15:03:19.217 INFORMACIÓN [main] org.apache.catalina.core.StandardEngine.startInternal Starting Servlet Engine: Apache Tomcat/8.0.47
17-Apr-2018 15:03:19.268 INFORMACIÓN [localhost-startStop-1] org.apache.catalina.startup.HostConfig.deployDirectory Despliegue del directorio /var/home/lab/alum1/03/17/102/Escritorio/Proyecto/apache-tomcat-8.0.47/webapps/proyecto de la aplicación web
17-Apr-2018 15:03:20.785 ADVERTENCIA [localhost-startStop-1] org.apache.tomcat.dbcp.dbcp2.BasicDataSourceFactory.getObjectInstance Name = webrestaurants Property maxActive is not used in DBCP2, use maxTotal instead. maxTotal default value is 8. You have set value of "8" for "maxActive" property, which is being ignored.
17-Apr-2018 15:03:20.943 INFORMACIÓN [localhost-startStop-1] org.apache.jasper.servlet.TldScanner.scanJars Al menos un JAR, que se ha explorado buscando TLDs, aún no contenía TLDs. Activar historial de depuración para este historiador para una completa lista de los JARs que fueron explorados y de los que nos se halló TLDs. Saltarse JARs no necesarios durante la exploración puede dar lugar a una mejora de tiempo significativa en el arranque y compilación de JSP .
17-Apr-2018 15:03:21.071 INFORMACIÓN [localhost-startStop-1] org.apache.catalina.startup.HostConfig.deployDirectory Deployment of web application directory /var/home/lab/alum1/03/17/102/Escritorio/Proyecto/apache-tomcat-8.0.47/webapps/proyecto has finished in 1.793 ms
17-Apr-2018 15:03:21.072 INFORMACIÓN [localhost-startStop-1] org.apache.catalina.startup.HostConfig.deployDirectory Despliegue del directorio /var/home/lab/alum1/03/17/102/Escritorio/Proyecto/apache-tomcat-8.0.47/webapps/docs de la aplicación web
17-Apr-2018 15:03:21.126 INFORMACIÓN [localhost-startStop-1] org.apache.catalina.startup.HostConfig.deployDirectory Deployment of web application directory /var/home/lab/alum1/03/17/102/Escritorio/Proyecto/apache-tomcat-8.0.47/webapps/docs has finished in 54 ms
17-Apr-2018 15:03:21.126 INFORMACIÓN [localhost-startStop-1] org.apache.catalina.startup.HostConfig.deployDirectory Despliegue del directorio /var/home/lab/alum1/03/17/102/Escritorio/Proyecto/apache-tomcat-8.0.47/webapps/manager de la aplicación web
17-Apr-2018 15:03:21.216 INFORMACIÓN [localhost-startStop-1] org.apache.catalina.startup.HostConfig.deployDirectory Deployment of web application directory /var/home/lab/alum1/03/17/102/Escritorio/Proyecto/apache-tomcat-8.0.47/webapps/manager has finished in 90 ms
17-Apr-2018 15:03:21.216 INFORMACIÓN [localhost-startStop-1] org.apache.catalina.startup.HostConfig.deployDirectory Despliegue del directorio /var/home/lab/alum1/03/17/102/Escritorio/Proyecto/apache-tomcat-8.0.47/webapps/examples de la aplicación web
17-Apr-2018 15:03:25.842 INFORMACIÓN [localhost-startStop-1] org.apache.catalina.startup.HostConfig.deployDirectory Deployment of web application directory /var/home/lab/alum1/03/17/102/Escritorio/Proyecto/apache-tomcat-8.0.47/webapps/examples has finished in 4.626 ms
17-Apr-2018 15:03:25.843 INFORMACIÓN [localhost-startStop-1] org.apache.catalina.startup.HostConfig.deployDirectory Despliegue del directorio /var/home/lab/alum1/03/17/102/Escritorio/Proyecto/apache-tomcat-8.0.47/webapps/ROOT de la aplicación web
17-Apr-2018 15:03:25.888 INFORMACIÓN [localhost-startStop-1] org.apache.catalina.startup.HostConfig.deployDirectory Deployment of web application directory /var/home/lab/alum1/03/17/102/Escritorio/Proyecto/apache-tomcat-8.0.47/webapps/ROOT has finished in 45 ms
17-Apr-2018 15:03:25.888 INFORMACIÓN [localhost-startStop-1] org.apache.catalina.startup.HostConfig.deployDirectory Despliegue del directorio /var/home/lab/alum1/03/17/102/Escritorio/Proyecto/apache-tomcat-8.0.47/webapps/host-manager de la aplicación web
17-Apr-2018 15:03:25.948 INFORMACIÓN [localhost-startStop-1] org.apache.catalina.startup.HostConfig.deployDirectory Deployment of web application directory /var/home/lab/alum1/03/17/102/Escritorio/Proyecto/apache-tomcat-8.0.47/webapps/host-manager has finished in 60 ms
17-Apr-2018 15:03:25.952 INFORMACIÓN [main] org.apache.coyote.AbstractProtocol.start Starting ProtocolHandler ["http-nio-9102"]
17-Apr-2018 15:03:25.959 INFORMACIÓN [main] org.apache.coyote.AbstractProtocol.start Starting ProtocolHandler ["ajp-nio-8009"]
17-Apr-2018 15:03:25.960 INFORMACIÓN [main] org.apache.catalina.startup.Catalina.start Server startup in 6849 ms
17-Apr-2018 15:03:37.615 INFORMACIÓN [main] org.apache.catalina.core.StandardServer.await Se ha recibido un comando de apagado a través del puerto de apagado. Parando la instancia del Servidor.
17-Apr-2018 15:03:37.616 INFORMACIÓN [main] org.apache.coyote.AbstractProtocol.pause Pausing ProtocolHandler ["http-nio-9102"]
17-Apr-2018 15:03:37.669 INFORMACIÓN [main] org.apache.coyote.AbstractProtocol.pause Pausing ProtocolHandler ["ajp-nio-8009"]
17-Apr-2018 15:03:37.771 INFORMACIÓN [main] org.apache.catalina.core.StandardService.stopInternal Parando servicio Catalina
17-Apr-2018 15:03:37.854 INFORMACIÓN [main] org.apache.coyote.AbstractProtocol.stop Stopping ProtocolHandler ["http-nio-9102"]
17-Apr-2018 15:03:37.856 INFORMACIÓN [main] org.apache.coyote.AbstractProtocol.stop Stopping ProtocolHandler ["ajp-nio-8009"]
17-Apr-2018 15:03:37.859 INFORMACIÓN [main] org.apache.coyote.AbstractProtocol.destroy Destroying ProtocolHandler ["http-nio-9102"]
17-Apr-2018 15:03:37.861 INFORMACIÓN [main] org.apache.coyote.AbstractProtocol.destroy Destroying ProtocolHandler ["ajp-nio-8009"]
17-Apr-2018 15:03:38.338 INFORMACIÓN [main] org.apache.catalina.startup.VersionLoggerListener.log Server version:        Apache Tomcat/8.0.47
17-Apr-2018 15:03:38.341 INFORMACIÓN [main] org.apache.catalina.startup.VersionLoggerListener.log Server built:          Sep 29 2017 13:46:41 UTC
17-Apr-2018 15:03:38.341 INFORMACIÓN [main] org.apache.catalina.startup.VersionLoggerListener.log Server number:         8.0.47.0
17-Apr-2018 15:03:38.341 INFORMACIÓN [main] org.apache.catalina.startup.VersionLoggerListener.log OS Name:               Linux
17-Apr-2018 15:03:38.341 INFORMACIÓN [main] org.apache.catalina.startup.VersionLoggerListener.log OS Version:            4.12.0
17-Apr-2018 15:03:38.342 INFORMACIÓN [main] org.apache.catalina.startup.VersionLoggerListener.log Architecture:          amd64
17-Apr-2018 15:03:38.342 INFORMACIÓN [main] org.apache.catalina.startup.VersionLoggerListener.log Java Home:             /usr/lib/jvm/oracle-java8-jdk-amd64/jre
17-Apr-2018 15:03:38.342 INFORMACIÓN [main] org.apache.catalina.startup.VersionLoggerListener.log JVM Version:           1.8.0_141-b15
17-Apr-2018 15:03:38.342 INFORMACIÓN [main] org.apache.catalina.startup.VersionLoggerListener.log JVM Vendor:            Oracle Corporation
17-Apr-2018 15:03:38.342 INFORMACIÓN [main] org.apache.catalina.startup.VersionLoggerListener.log CATALINA_BASE:         /var/home/lab/alum1/03/17/102/Escritorio/Proyecto/apache-tomcat-8.0.47
17-Apr-2018 15:03:38.342 INFORMACIÓN [main] org.apache.catalina.startup.VersionLoggerListener.log CATALINA_HOME:         /var/home/lab/alum1/03/17/102/Escritorio/Proyecto/apache-tomcat-8.0.47
17-Apr-2018 15:03:38.343 INFORMACIÓN [main] org.apache.catalina.startup.VersionLoggerListener.log Command line argument: -Djava.util.logging.config.file=/usr/lab/alum/0317102/Escritorio/Proyecto/apache-tomcat-8.0.47/conf/logging.properties
17-Apr-2018 15:03:38.343 INFORMACIÓN [main] org.apache.catalina.startup.VersionLoggerListener.log Command line argument: -Djava.util.logging.manager=org.apache.juli.ClassLoaderLogManager
17-Apr-2018 15:03:38.343 INFORMACIÓN [main] org.apache.catalina.startup.VersionLoggerListener.log Command line argument: -Djdk.tls.ephemeralDHKeySize=2048
17-Apr-2018 15:03:38.343 INFORMACIÓN [main] org.apache.catalina.startup.VersionLoggerListener.log Command line argument: -Djava.protocol.handler.pkgs=org.apache.catalina.webresources
17-Apr-2018 15:03:38.343 INFORMACIÓN [main] org.apache.catalina.startup.VersionLoggerListener.log Command line argument: -Djava.endorsed.dirs=/usr/lab/alum/0317102/Escritorio/Proyecto/apache-tomcat-8.0.47/endorsed
17-Apr-2018 15:03:38.343 INFORMACIÓN [main] org.apache.catalina.startup.VersionLoggerListener.log Command line argument: -Dcatalina.base=/usr/lab/alum/0317102/Escritorio/Proyecto/apache-tomcat-8.0.47
17-Apr-2018 15:03:38.343 INFORMACIÓN [main] org.apache.catalina.startup.VersionLoggerListener.log Command line argument: -Dcatalina.home=/usr/lab/alum/0317102/Escritorio/Proyecto/apache-tomcat-8.0.47
17-Apr-2018 15:03:38.344 INFORMACIÓN [main] org.apache.catalina.startup.VersionLoggerListener.log Command line argument: -Djava.io.tmpdir=/usr/lab/alum/0317102/Escritorio/Proyecto/apache-tomcat-8.0.47/temp
17-Apr-2018 15:03:38.344 INFORMACIÓN [main] org.apache.catalina.core.AprLifecycleListener.lifecycleEvent La biblioteca nativa de Apache Tomcat basada en ARP que permite un rendimiento óptimo en entornos de desarrollo no ha sido hallada en java.library.path: /usr/java/packages/lib/amd64:/usr/lib64:/lib64:/lib:/usr/lib
17-Apr-2018 15:03:38.498 INFORMACIÓN [main] org.apache.coyote.AbstractProtocol.init Initializing ProtocolHandler ["http-nio-9102"]
17-Apr-2018 15:03:38.517 INFORMACIÓN [main] org.apache.tomcat.util.net.NioSelectorPool.getSharedSelector Using a shared selector for servlet write/read
17-Apr-2018 15:03:38.520 INFORMACIÓN [main] org.apache.coyote.AbstractProtocol.init Initializing ProtocolHandler ["ajp-nio-8009"]
17-Apr-2018 15:03:38.522 INFORMACIÓN [main] org.apache.tomcat.util.net.NioSelectorPool.getSharedSelector Using a shared selector for servlet write/read
17-Apr-2018 15:03:38.525 INFORMACIÓN [main] org.apache.catalina.startup.Catalina.load Initialization processed in 594 ms
17-Apr-2018 15:03:38.552 INFORMACIÓN [main] org.apache.catalina.core.StandardService.startInternal Arrancando servicio Catalina
17-Apr-2018 15:03:38.552 INFORMACIÓN [main] org.apache.catalina.core.StandardEngine.startInternal Starting Servlet Engine: Apache Tomcat/8.0.47
17-Apr-2018 15:03:38.569 INFORMACIÓN [localhost-startStop-1] org.apache.catalina.startup.HostConfig.deployDirectory Despliegue del directorio /var/home/lab/alum1/03/17/102/Escritorio/Proyecto/apache-tomcat-8.0.47/webapps/proyecto de la aplicación web
17-Apr-2018 15:03:39.077 ADVERTENCIA [localhost-startStop-1] org.apache.tomcat.dbcp.dbcp2.BasicDataSourceFactory.getObjectInstance Name = webrestaurants Property maxActive is not used in DBCP2, use maxTotal instead. maxTotal default value is 8. You have set value of "8" for "maxActive" property, which is being ignored.
17-Apr-2018 15:03:39.129 INFORMACIÓN [localhost-startStop-1] org.apache.jasper.servlet.TldScanner.scanJars Al menos un JAR, que se ha explorado buscando TLDs, aún no contenía TLDs. Activar historial de depuración para este historiador para una completa lista de los JARs que fueron explorados y de los que nos se halló TLDs. Saltarse JARs no necesarios durante la exploración puede dar lugar a una mejora de tiempo significativa en el arranque y compilación de JSP .
17-Apr-2018 15:03:39.157 INFORMACIÓN [localhost-startStop-1] org.apache.catalina.startup.HostConfig.deployDirectory Deployment of web application directory /var/home/lab/alum1/03/17/102/Escritorio/Proyecto/apache-tomcat-8.0.47/webapps/proyecto has finished in 587 ms
17-Apr-2018 15:03:39.157 INFORMACIÓN [localhost-startStop-1] org.apache.catalina.startup.HostConfig.deployDirectory Despliegue del directorio /var/home/lab/alum1/03/17/102/Escritorio/Proyecto/apache-tomcat-8.0.47/webapps/docs de la aplicación web
17-Apr-2018 15:03:39.183 INFORMACIÓN [localhost-startStop-1] org.apache.catalina.startup.HostConfig.deployDirectory Deployment of web application directory /var/home/lab/alum1/03/17/102/Escritorio/Proyecto/apache-tomcat-8.0.47/webapps/docs has finished in 26 ms
17-Apr-2018 15:03:39.183 INFORMACIÓN [localhost-startStop-1] org.apache.catalina.startup.HostConfig.deployDirectory Despliegue del directorio /var/home/lab/alum1/03/17/102/Escritorio/Proyecto/apache-tomcat-8.0.47/webapps/manager de la aplicación web
17-Apr-2018 15:03:39.226 INFORMACIÓN [localhost-startStop-1] org.apache.catalina.startup.HostConfig.deployDirectory Deployment of web application directory /var/home/lab/alum1/03/17/102/Escritorio/Proyecto/apache-tomcat-8.0.47/webapps/manager has finished in 43 ms
17-Apr-2018 15:03:39.227 INFORMACIÓN [localhost-startStop-1] org.apache.catalina.startup.HostConfig.deployDirectory Despliegue del directorio /var/home/lab/alum1/03/17/102/Escritorio/Proyecto/apache-tomcat-8.0.47/webapps/examples de la aplicación web
17-Apr-2018 15:03:39.649 INFORMACIÓN [localhost-startStop-1] org.apache.catalina.startup.HostConfig.deployDirectory Deployment of web application directory /var/home/lab/alum1/03/17/102/Escritorio/Proyecto/apache-tomcat-8.0.47/webapps/examples has finished in 423 ms
17-Apr-2018 15:03:39.649 INFORMACIÓN [localhost-startStop-1] org.apache.catalina.startup.HostConfig.deployDirectory Despliegue del directorio /var/home/lab/alum1/03/17/102/Escritorio/Proyecto/apache-tomcat-8.0.47/webapps/ROOT de la aplicación web
17-Apr-2018 15:03:39.670 INFORMACIÓN [localhost-startStop-1] org.apache.catalina.startup.HostConfig.deployDirectory Deployment of web application directory /var/home/lab/alum1/03/17/102/Escritorio/Proyecto/apache-tomcat-8.0.47/webapps/ROOT has finished in 21 ms
17-Apr-2018 15:03:39.670 INFORMACIÓN [localhost-startStop-1] org.apache.catalina.startup.HostConfig.deployDirectory Despliegue del directorio /var/home/lab/alum1/03/17/102/Escritorio/Proyecto/apache-tomcat-8.0.47/webapps/host-manager de la aplicación web
17-Apr-2018 15:03:39.694 INFORMACIÓN [localhost-startStop-1] org.apache.catalina.startup.HostConfig.deployDirectory Deployment of web application directory /var/home/lab/alum1/03/17/102/Escritorio/Proyecto/apache-tomcat-8.0.47/webapps/host-manager has finished in 24 ms
17-Apr-2018 15:03:39.697 INFORMACIÓN [main] org.apache.coyote.AbstractProtocol.start Starting ProtocolHandler ["http-nio-9102"]
17-Apr-2018 15:03:39.704 INFORMACIÓN [main] org.apache.coyote.AbstractProtocol.start Starting ProtocolHandler ["ajp-nio-8009"]
17-Apr-2018 15:03:39.705 INFORMACIÓN [main] org.apache.catalina.startup.Catalina.start Server startup in 1180 ms
17-Apr-2018 15:04:29.802 INFORMACIÓN [ContainerBackgroundProcessor[StandardEngine[Catalina]]] org.apache.catalina.core.StandardContext.reload Ha comenzado la recarga de Contexto [/proyecto]
17-Apr-2018 15:04:29.964 INFORMACIÓN [ContainerBackgroundProcessor[StandardEngine[Catalina]]] org.apache.catalina.core.StandardContext.reload Se ha completado la recarga de este Contexto
17-Apr-2018 15:05:20.048 INFORMACIÓN [ContainerBackgroundProcessor[StandardEngine[Catalina]]] org.apache.catalina.core.StandardContext.reload Ha comenzado la recarga de Contexto [/proyecto]
17-Apr-2018 15:05:20.217 INFORMACIÓN [ContainerBackgroundProcessor[StandardEngine[Catalina]]] org.apache.catalina.core.StandardContext.reload Se ha completado la recarga de este Contexto
17-Apr-2018 16:24:18.705 INFORMACIÓN [main] org.apache.catalina.core.StandardServer.await Se ha recibido un comando de apagado a través del puerto de apagado. Parando la instancia del Servidor.
17-Apr-2018 16:24:18.705 INFORMACIÓN [main] org.apache.coyote.AbstractProtocol.pause Pausing ProtocolHandler ["http-nio-9102"]
17-Apr-2018 16:24:18.756 INFORMACIÓN [main] org.apache.coyote.AbstractProtocol.pause Pausing ProtocolHandler ["ajp-nio-8009"]
17-Apr-2018 16:24:18.807 INFORMACIÓN [main] org.apache.catalina.core.StandardService.stopInternal Parando servicio Catalina
17-Apr-2018 16:24:18.849 ADVERTENCIA [localhost-startStop-2] org.apache.catalina.loader.WebappClassLoaderBase.clearReferencesJdbc La aplicación web [proyecto] registró el conductor JDBC [com.mysql.jdbc.Driver] pero falló al anular el registro mientras la aplicación web estaba parada. Para prevenir un fallo de memoria, se ha anulado el registro del conductor JDBC por la fuerza.
17-Apr-2018 16:24:18.853 ADVERTENCIA [localhost-startStop-2] org.apache.catalina.loader.WebappClassLoaderBase.clearReferencesThreads The web application [proyecto] appears to have started a thread named [Abandoned connection cleanup thread] but has failed to stop it. This is very likely to create a memory leak. Stack trace of thread:
 java.lang.Object.wait(Native Method)
 java.lang.ref.ReferenceQueue.remove(ReferenceQueue.java:143)
 com.mysql.jdbc.AbandonedConnectionCleanupThread.run(AbandonedConnectionCleanupThread.java:64)
 java.util.concurrent.ThreadPoolExecutor.runWorker(ThreadPoolExecutor.java:1149)
 java.util.concurrent.ThreadPoolExecutor$Worker.run(ThreadPoolExecutor.java:624)
 java.lang.Thread.run(Thread.java:748)
17-Apr-2018 16:24:18.862 INFORMACIÓN [main] org.apache.coyote.AbstractProtocol.stop Stopping ProtocolHandler ["http-nio-9102"]
17-Apr-2018 16:24:18.863 INFORMACIÓN [main] org.apache.coyote.AbstractProtocol.stop Stopping ProtocolHandler ["ajp-nio-8009"]
17-Apr-2018 16:24:18.867 INFORMACIÓN [main] org.apache.coyote.AbstractProtocol.destroy Destroying ProtocolHandler ["http-nio-9102"]
17-Apr-2018 16:24:18.869 INFORMACIÓN [main] org.apache.coyote.AbstractProtocol.destroy Destroying ProtocolHandler ["ajp-nio-8009"]
17-Apr-2018 16:24:19.355 INFORMACIÓN [main] org.apache.catalina.startup.VersionLoggerListener.log Server version:        Apache Tomcat/8.0.47
17-Apr-2018 16:24:19.357 INFORMACIÓN [main] org.apache.catalina.startup.VersionLoggerListener.log Server built:          Sep 29 2017 13:46:41 UTC
17-Apr-2018 16:24:19.358 INFORMACIÓN [main] org.apache.catalina.startup.VersionLoggerListener.log Server number:         8.0.47.0
17-Apr-2018 16:24:19.358 INFORMACIÓN [main] org.apache.catalina.startup.VersionLoggerListener.log OS Name:               Linux
17-Apr-2018 16:24:19.358 INFORMACIÓN [main] org.apache.catalina.startup.VersionLoggerListener.log OS Version:            4.12.0
17-Apr-2018 16:24:19.358 INFORMACIÓN [main] org.apache.catalina.startup.VersionLoggerListener.log Architecture:          amd64
17-Apr-2018 16:24:19.358 INFORMACIÓN [main] org.apache.catalina.startup.VersionLoggerListener.log Java Home:             /usr/lib/jvm/oracle-java8-jdk-amd64/jre
17-Apr-2018 16:24:19.358 INFORMACIÓN [main] org.apache.catalina.startup.VersionLoggerListener.log JVM Version:           1.8.0_141-b15
17-Apr-2018 16:24:19.358 INFORMACIÓN [main] org.apache.catalina.startup.VersionLoggerListener.log JVM Vendor:            Oracle Corporation
17-Apr-2018 16:24:19.358 INFORMACIÓN [main] org.apache.catalina.startup.VersionLoggerListener.log CATALINA_BASE:         /var/home/lab/alum1/03/17/102/Escritorio/Proyecto/apache-tomcat-8.0.47
17-Apr-2018 16:24:19.359 INFORMACIÓN [main] org.apache.catalina.startup.VersionLoggerListener.log CATALINA_HOME:         /var/home/lab/alum1/03/17/102/Escritorio/Proyecto/apache-tomcat-8.0.47
17-Apr-2018 16:24:19.359 INFORMACIÓN [main] org.apache.catalina.startup.VersionLoggerListener.log Command line argument: -Djava.util.logging.config.file=/usr/lab/alum/0317102/Escritorio/Proyecto/apache-tomcat-8.0.47/conf/logging.properties
17-Apr-2018 16:24:19.359 INFORMACIÓN [main] org.apache.catalina.startup.VersionLoggerListener.log Command line argument: -Djava.util.logging.manager=org.apache.juli.ClassLoaderLogManager
17-Apr-2018 16:24:19.359 INFORMACIÓN [main] org.apache.catalina.startup.VersionLoggerListener.log Command line argument: -Djdk.tls.ephemeralDHKeySize=2048
17-Apr-2018 16:24:19.359 INFORMACIÓN [main] org.apache.catalina.startup.VersionLoggerListener.log Command line argument: -Djava.protocol.handler.pkgs=org.apache.catalina.webresources
17-Apr-2018 16:24:19.360 INFORMACIÓN [main] org.apache.catalina.startup.VersionLoggerListener.log Command line argument: -Djava.endorsed.dirs=/usr/lab/alum/0317102/Escritorio/Proyecto/apache-tomcat-8.0.47/endorsed
17-Apr-2018 16:24:19.360 INFORMACIÓN [main] org.apache.catalina.startup.VersionLoggerListener.log Command line argument: -Dcatalina.base=/usr/lab/alum/0317102/Escritorio/Proyecto/apache-tomcat-8.0.47
17-Apr-2018 16:24:19.360 INFORMACIÓN [main] org.apache.catalina.startup.VersionLoggerListener.log Command line argument: -Dcatalina.home=/usr/lab/alum/0317102/Escritorio/Proyecto/apache-tomcat-8.0.47
17-Apr-2018 16:24:19.360 INFORMACIÓN [main] org.apache.catalina.startup.VersionLoggerListener.log Command line argument: -Djava.io.tmpdir=/usr/lab/alum/0317102/Escritorio/Proyecto/apache-tomcat-8.0.47/temp
17-Apr-2018 16:24:19.360 INFORMACIÓN [main] org.apache.catalina.core.AprLifecycleListener.lifecycleEvent La biblioteca nativa de Apache Tomcat basada en ARP que permite un rendimiento óptimo en entornos de desarrollo no ha sido hallada en java.library.path: /usr/java/packages/lib/amd64:/usr/lib64:/lib64:/lib:/usr/lib
17-Apr-2018 16:24:19.517 INFORMACIÓN [main] org.apache.coyote.AbstractProtocol.init Initializing ProtocolHandler ["http-nio-9102"]
17-Apr-2018 16:24:19.532 INFORMACIÓN [main] org.apache.tomcat.util.net.NioSelectorPool.getSharedSelector Using a shared selector for servlet write/read
17-Apr-2018 16:24:19.534 INFORMACIÓN [main] org.apache.coyote.AbstractProtocol.init Initializing ProtocolHandler ["ajp-nio-8009"]
17-Apr-2018 16:24:19.536 INFORMACIÓN [main] org.apache.tomcat.util.net.NioSelectorPool.getSharedSelector Using a shared selector for servlet write/read
17-Apr-2018 16:24:19.537 INFORMACIÓN [main] org.apache.catalina.startup.Catalina.load Initialization processed in 588 ms
17-Apr-2018 16:24:19.560 INFORMACIÓN [main] org.apache.catalina.core.StandardService.startInternal Arrancando servicio Catalina
17-Apr-2018 16:24:19.560 INFORMACIÓN [main] org.apache.catalina.core.StandardEngine.startInternal Starting Servlet Engine: Apache Tomcat/8.0.47
17-Apr-2018 16:24:19.580 INFORMACIÓN [localhost-startStop-1] org.apache.catalina.startup.HostConfig.deployDirectory Despliegue del directorio /var/home/lab/alum1/03/17/102/Escritorio/Proyecto/apache-tomcat-8.0.47/webapps/proyecto de la aplicación web
17-Apr-2018 16:24:20.128 ADVERTENCIA [localhost-startStop-1] org.apache.tomcat.dbcp.dbcp2.BasicDataSourceFactory.getObjectInstance Name = webrestaurants Property maxActive is not used in DBCP2, use maxTotal instead. maxTotal default value is 8. You have set value of "8" for "maxActive" property, which is being ignored.
17-Apr-2018 16:24:20.182 INFORMACIÓN [localhost-startStop-1] org.apache.jasper.servlet.TldScanner.scanJars Al menos un JAR, que se ha explorado buscando TLDs, aún no contenía TLDs. Activar historial de depuración para este historiador para una completa lista de los JARs que fueron explorados y de los que nos se halló TLDs. Saltarse JARs no necesarios durante la exploración puede dar lugar a una mejora de tiempo significativa en el arranque y compilación de JSP .
17-Apr-2018 16:24:20.322 INFORMACIÓN [localhost-startStop-1] org.apache.catalina.startup.HostConfig.deployDirectory Deployment of web application directory /var/home/lab/alum1/03/17/102/Escritorio/Proyecto/apache-tomcat-8.0.47/webapps/proyecto has finished in 741 ms
17-Apr-2018 16:24:20.323 INFORMACIÓN [localhost-startStop-1] org.apache.catalina.startup.HostConfig.deployDirectory Despliegue del directorio /var/home/lab/alum1/03/17/102/Escritorio/Proyecto/apache-tomcat-8.0.47/webapps/docs de la aplicación web
17-Apr-2018 16:24:20.350 INFORMACIÓN [localhost-startStop-1] org.apache.catalina.startup.HostConfig.deployDirectory Deployment of web application directory /var/home/lab/alum1/03/17/102/Escritorio/Proyecto/apache-tomcat-8.0.47/webapps/docs has finished in 28 ms
17-Apr-2018 16:24:20.350 INFORMACIÓN [localhost-startStop-1] org.apache.catalina.startup.HostConfig.deployDirectory Despliegue del directorio /var/home/lab/alum1/03/17/102/Escritorio/Proyecto/apache-tomcat-8.0.47/webapps/manager de la aplicación web
17-Apr-2018 16:24:20.390 INFORMACIÓN [localhost-startStop-1] org.apache.catalina.startup.HostConfig.deployDirectory Deployment of web application directory /var/home/lab/alum1/03/17/102/Escritorio/Proyecto/apache-tomcat-8.0.47/webapps/manager has finished in 39 ms
17-Apr-2018 16:24:20.390 INFORMACIÓN [localhost-startStop-1] org.apache.catalina.startup.HostConfig.deployDirectory Despliegue del directorio /var/home/lab/alum1/03/17/102/Escritorio/Proyecto/apache-tomcat-8.0.47/webapps/examples de la aplicación web
17-Apr-2018 16:24:20.840 INFORMACIÓN [localhost-startStop-1] org.apache.catalina.startup.HostConfig.deployDirectory Deployment of web application directory /var/home/lab/alum1/03/17/102/Escritorio/Proyecto/apache-tomcat-8.0.47/webapps/examples has finished in 450 ms
17-Apr-2018 16:24:20.840 INFORMACIÓN [localhost-startStop-1] org.apache.catalina.startup.HostConfig.deployDirectory Despliegue del directorio /var/home/lab/alum1/03/17/102/Escritorio/Proyecto/apache-tomcat-8.0.47/webapps/ROOT de la aplicación web
17-Apr-2018 16:24:20.862 INFORMACIÓN [localhost-startStop-1] org.apache.catalina.startup.HostConfig.deployDirectory Deployment of web application directory /var/home/lab/alum1/03/17/102/Escritorio/Proyecto/apache-tomcat-8.0.47/webapps/ROOT has finished in 22 ms
17-Apr-2018 16:24:20.862 INFORMACIÓN [localhost-startStop-1] org.apache.catalina.startup.HostConfig.deployDirectory Despliegue del directorio /var/home/lab/alum1/03/17/102/Escritorio/Proyecto/apache-tomcat-8.0.47/webapps/host-manager de la aplicación web
17-Apr-2018 16:24:20.887 INFORMACIÓN [localhost-startStop-1] org.apache.catalina.startup.HostConfig.deployDirectory Deployment of web application directory /var/home/lab/alum1/03/17/102/Escritorio/Proyecto/apache-tomcat-8.0.47/webapps/host-manager has finished in 25 ms
17-Apr-2018 16:24:20.890 INFORMACIÓN [main] org.apache.coyote.AbstractProtocol.start Starting ProtocolHandler ["http-nio-9102"]
17-Apr-2018 16:24:20.896 INFORMACIÓN [main] org.apache.coyote.AbstractProtocol.start Starting ProtocolHandler ["ajp-nio-8009"]
17-Apr-2018 16:24:20.898 INFORMACIÓN [main] org.apache.catalina.startup.Catalina.start Server startup in 1361 ms
17-Apr-2018 16:59:17.156 INFORMACIÓN [Thread-5] org.apache.coyote.AbstractProtocol.pause Pausing ProtocolHandler ["http-nio-9102"]
17-Apr-2018 16:59:17.158 INFORMACIÓN [Thread-5] org.apache.coyote.AbstractProtocol.pause Pausing ProtocolHandler ["ajp-nio-8009"]
17-Apr-2018 16:59:17.209 INFORMACIÓN [Thread-5] org.apache.catalina.core.StandardService.stopInternal Parando servicio Catalina
17-Apr-2018 16:59:17.247 ADVERTENCIA [localhost-startStop-2] org.apache.catalina.loader.WebappClassLoaderBase.clearReferencesJdbc La aplicación web [proyecto] registró el conductor JDBC [com.mysql.jdbc.Driver] pero falló al anular el registro mientras la aplicación web estaba parada. Para prevenir un fallo de memoria, se ha anulado el registro del conductor JDBC por la fuerza.
17-Apr-2018 16:59:17.247 ADVERTENCIA [localhost-startStop-2] org.apache.catalina.loader.WebappClassLoaderBase.clearReferencesThreads The web application [proyecto] appears to have started a thread named [Abandoned connection cleanup thread] but has failed to stop it. This is very likely to create a memory leak. Stack trace of thread:
 java.lang.Object.wait(Native Method)
 java.lang.ref.ReferenceQueue.remove(ReferenceQueue.java:143)
 com.mysql.jdbc.AbandonedConnectionCleanupThread.run(AbandonedConnectionCleanupThread.java:64)
 java.util.concurrent.ThreadPoolExecutor.runWorker(ThreadPoolExecutor.java:1149)
 java.util.concurrent.ThreadPoolExecutor$Worker.run(ThreadPoolExecutor.java:624)
 java.lang.Thread.run(Thread.java:748)
17-Apr-2018 16:59:17.255 INFORMACIÓN [Thread-5] org.apache.coyote.AbstractProtocol.stop Stopping ProtocolHandler ["http-nio-9102"]
17-Apr-2018 16:59:17.257 INFORMACIÓN [Thread-5] org.apache.coyote.AbstractProtocol.stop Stopping ProtocolHandler ["ajp-nio-8009"]
17-Apr-2018 16:59:17.267 INFORMACIÓN [Thread-5] org.apache.coyote.AbstractProtocol.destroy Destroying ProtocolHandler ["http-nio-9102"]
17-Apr-2018 16:59:17.268 INFORMACIÓN [Thread-5] org.apache.coyote.AbstractProtocol.destroy Destroying ProtocolHandler ["ajp-nio-8009"]
17-Apr-2018 19:03:50.325 INFORMACIÓN [main] org.apache.catalina.startup.VersionLoggerListener.log Server version:        Apache Tomcat/8.0.47
17-Apr-2018 19:03:50.338 INFORMACIÓN [main] org.apache.catalina.startup.VersionLoggerListener.log Server built:          Sep 29 2017 13:46:41 UTC
17-Apr-2018 19:03:50.339 INFORMACIÓN [main] org.apache.catalina.startup.VersionLoggerListener.log Server number:         8.0.47.0
17-Apr-2018 19:03:50.339 INFORMACIÓN [main] org.apache.catalina.startup.VersionLoggerListener.log OS Name:               Linux
17-Apr-2018 19:03:50.339 INFORMACIÓN [main] org.apache.catalina.startup.VersionLoggerListener.log OS Version:            4.12.0
17-Apr-2018 19:03:50.339 INFORMACIÓN [main] org.apache.catalina.startup.VersionLoggerListener.log Architecture:          amd64
17-Apr-2018 19:03:50.339 INFORMACIÓN [main] org.apache.catalina.startup.VersionLoggerListener.log Java Home:             /usr/lib/jvm/oracle-java8-jdk-amd64/jre
17-Apr-2018 19:03:50.339 INFORMACIÓN [main] org.apache.catalina.startup.VersionLoggerListener.log JVM Version:           1.8.0_141-b15
17-Apr-2018 19:03:50.339 INFORMACIÓN [main] org.apache.catalina.startup.VersionLoggerListener.log JVM Vendor:            Oracle Corporation
17-Apr-2018 19:03:50.340 INFORMACIÓN [main] org.apache.catalina.startup.VersionLoggerListener.log CATALINA_BASE:         /var/home/lab/alum1/03/17/102/Escritorio/Proyecto/apache-tomcat-8.0.47
17-Apr-2018 19:03:50.340 INFORMACIÓN [main] org.apache.catalina.startup.VersionLoggerListener.log CATALINA_HOME:         /var/home/lab/alum1/03/17/102/Escritorio/Proyecto/apache-tomcat-8.0.47
17-Apr-2018 19:03:50.340 INFORMACIÓN [main] org.apache.catalina.startup.VersionLoggerListener.log Command line argument: -Djava.util.logging.config.file=/usr/lab/alum/0317102/Escritorio/Proyecto/apache-tomcat-8.0.47/conf/logging.properties
17-Apr-2018 19:03:50.340 INFORMACIÓN [main] org.apache.catalina.startup.VersionLoggerListener.log Command line argument: -Djava.util.logging.manager=org.apache.juli.ClassLoaderLogManager
17-Apr-2018 19:03:50.340 INFORMACIÓN [main] org.apache.catalina.startup.VersionLoggerListener.log Command line argument: -Djdk.tls.ephemeralDHKeySize=2048
17-Apr-2018 19:03:50.340 INFORMACIÓN [main] org.apache.catalina.startup.VersionLoggerListener.log Command line argument: -Djava.protocol.handler.pkgs=org.apache.catalina.webresources
17-Apr-2018 19:03:50.341 INFORMACIÓN [main] org.apache.catalina.startup.VersionLoggerListener.log Command line argument: -Djava.endorsed.dirs=/usr/lab/alum/0317102/Escritorio/Proyecto/apache-tomcat-8.0.47/endorsed
17-Apr-2018 19:03:50.341 INFORMACIÓN [main] org.apache.catalina.startup.VersionLoggerListener.log Command line argument: -Dcatalina.base=/usr/lab/alum/0317102/Escritorio/Proyecto/apache-tomcat-8.0.47
17-Apr-2018 19:03:50.341 INFORMACIÓN [main] org.apache.catalina.startup.VersionLoggerListener.log Command line argument: -Dcatalina.home=/usr/lab/alum/0317102/Escritorio/Proyecto/apache-tomcat-8.0.47
17-Apr-2018 19:03:50.341 INFORMACIÓN [main] org.apache.catalina.startup.VersionLoggerListener.log Command line argument: -Djava.io.tmpdir=/usr/lab/alum/0317102/Escritorio/Proyecto/apache-tomcat-8.0.47/temp
17-Apr-2018 19:03:50.341 INFORMACIÓN [main] org.apache.catalina.core.AprLifecycleListener.lifecycleEvent La biblioteca nativa de Apache Tomcat basada en ARP que permite un rendimiento óptimo en entornos de desarrollo no ha sido hallada en java.library.path: /usr/java/packages/lib/amd64:/usr/lib64:/lib64:/lib:/usr/lib
17-Apr-2018 19:03:51.171 INFORMACIÓN [main] org.apache.coyote.AbstractProtocol.init Initializing ProtocolHandler ["http-nio-9102"]
17-Apr-2018 19:03:51.261 INFORMACIÓN [main] org.apache.tomcat.util.net.NioSelectorPool.getSharedSelector Using a shared selector for servlet write/read
17-Apr-2018 19:03:51.263 INFORMACIÓN [main] org.apache.coyote.AbstractProtocol.init Initializing ProtocolHandler ["ajp-nio-8009"]
17-Apr-2018 19:03:51.265 INFORMACIÓN [main] org.apache.tomcat.util.net.NioSelectorPool.getSharedSelector Using a shared selector for servlet write/read
17-Apr-2018 19:03:51.265 INFORMACIÓN [main] org.apache.catalina.startup.Catalina.load Initialization processed in 1943 ms
17-Apr-2018 19:03:51.344 INFORMACIÓN [main] org.apache.catalina.core.StandardService.startInternal Arrancando servicio Catalina
17-Apr-2018 19:03:51.344 INFORMACIÓN [main] org.apache.catalina.core.StandardEngine.startInternal Starting Servlet Engine: Apache Tomcat/8.0.47
17-Apr-2018 19:03:51.391 INFORMACIÓN [localhost-startStop-1] org.apache.catalina.startup.HostConfig.deployDirectory Despliegue del directorio /var/home/lab/alum1/03/17/102/Escritorio/Proyecto/apache-tomcat-8.0.47/webapps/proyecto de la aplicación web
17-Apr-2018 19:03:52.214 ADVERTENCIA [localhost-startStop-1] org.apache.tomcat.dbcp.dbcp2.BasicDataSourceFactory.getObjectInstance Name = webrestaurants Property maxActive is not used in DBCP2, use maxTotal instead. maxTotal default value is 8. You have set value of "8" for "maxActive" property, which is being ignored.
17-Apr-2018 19:03:52.317 INFORMACIÓN [localhost-startStop-1] org.apache.jasper.servlet.TldScanner.scanJars Al menos un JAR, que se ha explorado buscando TLDs, aún no contenía TLDs. Activar historial de depuración para este historiador para una completa lista de los JARs que fueron explorados y de los que nos se halló TLDs. Saltarse JARs no necesarios durante la exploración puede dar lugar a una mejora de tiempo significativa en el arranque y compilación de JSP .
17-Apr-2018 19:03:52.604 INFORMACIÓN [localhost-startStop-1] org.apache.catalina.startup.HostConfig.deployDirectory Deployment of web application directory /var/home/lab/alum1/03/17/102/Escritorio/Proyecto/apache-tomcat-8.0.47/webapps/proyecto has finished in 1.199 ms
17-Apr-2018 19:03:52.604 INFORMACIÓN [localhost-startStop-1] org.apache.catalina.startup.HostConfig.deployDirectory Despliegue del directorio /var/home/lab/alum1/03/17/102/Escritorio/Proyecto/apache-tomcat-8.0.47/webapps/docs de la aplicación web
17-Apr-2018 19:03:52.645 INFORMACIÓN [localhost-startStop-1] org.apache.catalina.startup.HostConfig.deployDirectory Deployment of web application directory /var/home/lab/alum1/03/17/102/Escritorio/Proyecto/apache-tomcat-8.0.47/webapps/docs has finished in 41 ms
17-Apr-2018 19:03:52.645 INFORMACIÓN [localhost-startStop-1] org.apache.catalina.startup.HostConfig.deployDirectory Despliegue del directorio /var/home/lab/alum1/03/17/102/Escritorio/Proyecto/apache-tomcat-8.0.47/webapps/manager de la aplicación web
17-Apr-2018 19:03:52.687 INFORMACIÓN [localhost-startStop-1] org.apache.catalina.startup.HostConfig.deployDirectory Deployment of web application directory /var/home/lab/alum1/03/17/102/Escritorio/Proyecto/apache-tomcat-8.0.47/webapps/manager has finished in 42 ms
17-Apr-2018 19:03:52.687 INFORMACIÓN [localhost-startStop-1] org.apache.catalina.startup.HostConfig.deployDirectory Despliegue del directorio /var/home/lab/alum1/03/17/102/Escritorio/Proyecto/apache-tomcat-8.0.47/webapps/examples de la aplicación web
17-Apr-2018 19:03:53.316 INFORMACIÓN [localhost-startStop-1] org.apache.catalina.startup.HostConfig.deployDirectory Deployment of web application directory /var/home/lab/alum1/03/17/102/Escritorio/Proyecto/apache-tomcat-8.0.47/webapps/examples has finished in 629 ms
17-Apr-2018 19:03:53.316 INFORMACIÓN [localhost-startStop-1] org.apache.catalina.startup.HostConfig.deployDirectory Despliegue del directorio /var/home/lab/alum1/03/17/102/Escritorio/Proyecto/apache-tomcat-8.0.47/webapps/ROOT de la aplicación web
17-Apr-2018 19:03:53.360 INFORMACIÓN [localhost-startStop-1] org.apache.catalina.startup.HostConfig.deployDirectory Deployment of web application directory /var/home/lab/alum1/03/17/102/Escritorio/Proyecto/apache-tomcat-8.0.47/webapps/ROOT has finished in 44 ms
17-Apr-2018 19:03:53.360 INFORMACIÓN [localhost-startStop-1] org.apache.catalina.startup.HostConfig.deployDirectory Despliegue del directorio /var/home/lab/alum1/03/17/102/Escritorio/Proyecto/apache-tomcat-8.0.47/webapps/host-manager de la aplicación web
17-Apr-2018 19:03:53.392 INFORMACIÓN [localhost-startStop-1] org.apache.catalina.startup.HostConfig.deployDirectory Deployment of web application directory /var/home/lab/alum1/03/17/102/Escritorio/Proyecto/apache-tomcat-8.0.47/webapps/host-manager has finished in 32 ms
17-Apr-2018 19:03:53.398 INFORMACIÓN [main] org.apache.coyote.AbstractProtocol.start Starting ProtocolHandler ["http-nio-9102"]
17-Apr-2018 19:03:53.405 INFORMACIÓN [main] org.apache.coyote.AbstractProtocol.start Starting ProtocolHandler ["ajp-nio-8009"]
17-Apr-2018 19:03:53.407 INFORMACIÓN [main] org.apache.catalina.startup.Catalina.start Server startup in 2141 ms
17-Apr-2018 19:04:53.531 INFORMACIÓN [ContainerBackgroundProcessor[StandardEngine[Catalina]]] org.apache.catalina.core.StandardContext.reload Ha comenzado la recarga de Contexto [/proyecto]
17-Apr-2018 19:04:53.739 INFORMACIÓN [ContainerBackgroundProcessor[StandardEngine[Catalina]]] org.apache.catalina.core.StandardContext.reload Se ha completado la recarga de este Contexto
17-Apr-2018 20:54:01.659 INFORMACIÓN [main] org.apache.catalina.core.StandardServer.await Se ha recibido un comando de apagado a través del puerto de apagado. Parando la instancia del Servidor.
17-Apr-2018 20:54:01.660 INFORMACIÓN [main] org.apache.coyote.AbstractProtocol.pause Pausing ProtocolHandler ["http-nio-9102"]
17-Apr-2018 20:54:01.711 INFORMACIÓN [main] org.apache.coyote.AbstractProtocol.pause Pausing ProtocolHandler ["ajp-nio-8009"]
17-Apr-2018 20:54:01.762 INFORMACIÓN [main] org.apache.catalina.core.StandardService.stopInternal Parando servicio Catalina
17-Apr-2018 20:54:01.812 ADVERTENCIA [localhost-startStop-2] org.apache.catalina.loader.WebappClassLoaderBase.clearReferencesJdbc La aplicación web [proyecto] registró el conductor JDBC [com.mysql.jdbc.Driver] pero falló al anular el registro mientras la aplicación web estaba parada. Para prevenir un fallo de memoria, se ha anulado el registro del conductor JDBC por la fuerza.
17-Apr-2018 20:54:01.812 ADVERTENCIA [localhost-startStop-2] org.apache.catalina.loader.WebappClassLoaderBase.clearReferencesThreads The web application [proyecto] appears to have started a thread named [Abandoned connection cleanup thread] but has failed to stop it. This is very likely to create a memory leak. Stack trace of thread:
 java.lang.Object.wait(Native Method)
 java.lang.ref.ReferenceQueue.remove(ReferenceQueue.java:143)
 com.mysql.jdbc.AbandonedConnectionCleanupThread.run(AbandonedConnectionCleanupThread.java:64)
 java.util.concurrent.ThreadPoolExecutor.runWorker(ThreadPoolExecutor.java:1149)
 java.util.concurrent.ThreadPoolExecutor$Worker.run(ThreadPoolExecutor.java:624)
 java.lang.Thread.run(Thread.java:748)
17-Apr-2018 20:54:01.820 INFORMACIÓN [main] org.apache.coyote.AbstractProtocol.stop Stopping ProtocolHandler ["http-nio-9102"]
17-Apr-2018 20:54:01.822 INFORMACIÓN [main] org.apache.coyote.AbstractProtocol.stop Stopping ProtocolHandler ["ajp-nio-8009"]
17-Apr-2018 20:54:01.826 INFORMACIÓN [main] org.apache.coyote.AbstractProtocol.destroy Destroying ProtocolHandler ["http-nio-9102"]
17-Apr-2018 20:54:01.826 INFORMACIÓN [main] org.apache.coyote.AbstractProtocol.destroy Destroying ProtocolHandler ["ajp-nio-8009"]
