30-Apr-2018 10:50:26.863 INFORMACIÓN [ContainerBackgroundProcessor[StandardEngine[Catalina]]] org.apache.catalina.loader.WebappClassLoaderBase.modified One or more JARs have been added to the web application [/proyecto]
30-Apr-2018 10:50:26.864 INFORMACIÓN [ContainerBackgroundProcessor[StandardEngine[Catalina]]] org.apache.catalina.core.StandardContext.reload Ha comenzado la recarga de Contexto [/proyecto]
30-Apr-2018 10:50:26.877 ADVERTENCIA [ContainerBackgroundProcessor[StandardEngine[Catalina]]] org.apache.catalina.loader.WebappClassLoaderBase.clearReferencesJdbc La aplicación web [proyecto] registró el conductor JDBC [com.mysql.jdbc.Driver] pero falló al anular el registro mientras la aplicación web estaba parada. Para prevenir un fallo de memoria, se ha anulado el registro del conductor JDBC por la fuerza.
30-Apr-2018 10:50:26.878 ADVERTENCIA [ContainerBackgroundProcessor[StandardEngine[Catalina]]] org.apache.catalina.loader.WebappClassLoaderBase.clearReferencesThreads The web application [proyecto] appears to have started a thread named [Abandoned connection cleanup thread] but has failed to stop it. This is very likely to create a memory leak. Stack trace of thread:
 java.lang.Object.wait(Native Method)
 java.lang.ref.ReferenceQueue.remove(ReferenceQueue.java:143)
 com.mysql.jdbc.AbandonedConnectionCleanupThread.run(AbandonedConnectionCleanupThread.java:64)
 java.util.concurrent.ThreadPoolExecutor.runWorker(ThreadPoolExecutor.java:1142)
 java.util.concurrent.ThreadPoolExecutor$Worker.run(ThreadPoolExecutor.java:617)
 java.lang.Thread.run(Thread.java:745)
30-Apr-2018 10:50:27.134 INFORMACIÓN [ContainerBackgroundProcessor[StandardEngine[Catalina]]] org.apache.catalina.core.StandardContext.reload Se ha completado la recarga de este Contexto
30-Apr-2018 10:50:28.160 INFORMACIÓN [Abandoned connection cleanup thread] org.apache.catalina.loader.WebappClassLoaderBase.checkStateForResourceLoading Acceso ilegal: esta instancia de aplicación web ya ha sido parada.  Could not load .  La eventual traza de pila que sigue ha sido motivada por un error lanzado con motivos de depuración así como para intentar terminar el hilo que motivó el acceso ilegal y no tiene impacto funcional.
 java.lang.IllegalStateException: Acceso ilegal: esta instancia de aplicación web ya ha sido parada.  Could not load .  La eventual traza de pila que sigue ha sido motivada por un error lanzado con motivos de depuración así como para intentar terminar el hilo que motivó el acceso ilegal y no tiene impacto funcional.
	at org.apache.catalina.loader.WebappClassLoaderBase.checkStateForResourceLoading(WebappClassLoaderBase.java:1359)
	at org.apache.catalina.loader.WebappClassLoaderBase.getResource(WebappClassLoaderBase.java:1029)
	at com.mysql.jdbc.AbandonedConnectionCleanupThread.checkContextClassLoaders(AbandonedConnectionCleanupThread.java:90)
	at com.mysql.jdbc.AbandonedConnectionCleanupThread.run(AbandonedConnectionCleanupThread.java:63)
	at java.util.concurrent.ThreadPoolExecutor.runWorker(ThreadPoolExecutor.java:1142)
	at java.util.concurrent.ThreadPoolExecutor$Worker.run(ThreadPoolExecutor.java:617)
	at java.lang.Thread.run(Thread.java:745)

30-Apr-2018 11:37:43.408 INFORMACIÓN [ContainerBackgroundProcessor[StandardEngine[Catalina]]] org.apache.catalina.core.StandardContext.reload Ha comenzado la recarga de Contexto [/proyecto]
30-Apr-2018 11:37:43.595 INFORMACIÓN [ContainerBackgroundProcessor[StandardEngine[Catalina]]] org.apache.catalina.core.StandardContext.reload Se ha completado la recarga de este Contexto
30-Apr-2018 11:38:13.622 INFORMACIÓN [ContainerBackgroundProcessor[StandardEngine[Catalina]]] org.apache.catalina.core.StandardContext.reload Ha comenzado la recarga de Contexto [/proyecto]
30-Apr-2018 11:38:13.749 INFORMACIÓN [ContainerBackgroundProcessor[StandardEngine[Catalina]]] org.apache.catalina.core.StandardContext.reload Se ha completado la recarga de este Contexto
30-Apr-2018 11:39:23.867 INFORMACIÓN [ContainerBackgroundProcessor[StandardEngine[Catalina]]] org.apache.catalina.core.StandardContext.reload Ha comenzado la recarga de Contexto [/proyecto]
30-Apr-2018 11:39:23.985 INFORMACIÓN [ContainerBackgroundProcessor[StandardEngine[Catalina]]] org.apache.catalina.core.StandardContext.reload Se ha completado la recarga de este Contexto
30-Apr-2018 11:40:44.111 INFORMACIÓN [ContainerBackgroundProcessor[StandardEngine[Catalina]]] org.apache.catalina.core.StandardContext.reload Ha comenzado la recarga de Contexto [/proyecto]
30-Apr-2018 11:40:44.270 INFORMACIÓN [ContainerBackgroundProcessor[StandardEngine[Catalina]]] org.apache.catalina.core.StandardContext.reload Se ha completado la recarga de este Contexto
30-Apr-2018 11:41:14.309 INFORMACIÓN [ContainerBackgroundProcessor[StandardEngine[Catalina]]] org.apache.catalina.core.StandardContext.reload Ha comenzado la recarga de Contexto [/proyecto]
30-Apr-2018 11:41:14.442 INFORMACIÓN [ContainerBackgroundProcessor[StandardEngine[Catalina]]] org.apache.catalina.core.StandardContext.reload Se ha completado la recarga de este Contexto
30-Apr-2018 11:41:44.475 INFORMACIÓN [ContainerBackgroundProcessor[StandardEngine[Catalina]]] org.apache.catalina.core.StandardContext.reload Ha comenzado la recarga de Contexto [/proyecto]
30-Apr-2018 11:41:44.604 INFORMACIÓN [ContainerBackgroundProcessor[StandardEngine[Catalina]]] org.apache.catalina.core.StandardContext.reload Se ha completado la recarga de este Contexto
30-Apr-2018 11:42:24.660 INFORMACIÓN [ContainerBackgroundProcessor[StandardEngine[Catalina]]] org.apache.catalina.core.StandardContext.reload Ha comenzado la recarga de Contexto [/proyecto]
30-Apr-2018 11:42:24.787 INFORMACIÓN [ContainerBackgroundProcessor[StandardEngine[Catalina]]] org.apache.catalina.core.StandardContext.reload Se ha completado la recarga de este Contexto
30-Apr-2018 11:42:52.325 INFORMACIÓN [main] org.apache.catalina.core.StandardServer.await Se ha recibido un comando de apagado a través del puerto de apagado. Parando la instancia del Servidor.
30-Apr-2018 11:42:52.326 INFORMACIÓN [main] org.apache.coyote.AbstractProtocol.pause Pausing ProtocolHandler ["http-nio-9102"]
30-Apr-2018 11:42:52.380 INFORMACIÓN [main] org.apache.coyote.AbstractProtocol.pause Pausing ProtocolHandler ["ajp-nio-8009"]
30-Apr-2018 11:42:52.430 INFORMACIÓN [main] org.apache.catalina.core.StandardService.stopInternal Parando servicio Catalina
30-Apr-2018 11:42:52.471 INFORMACIÓN [main] org.apache.coyote.AbstractProtocol.stop Stopping ProtocolHandler ["http-nio-9102"]
30-Apr-2018 11:42:52.479 INFORMACIÓN [main] org.apache.coyote.AbstractProtocol.stop Stopping ProtocolHandler ["ajp-nio-8009"]
30-Apr-2018 11:42:52.482 INFORMACIÓN [main] org.apache.coyote.AbstractProtocol.destroy Destroying ProtocolHandler ["http-nio-9102"]
30-Apr-2018 11:42:52.483 INFORMACIÓN [main] org.apache.coyote.AbstractProtocol.destroy Destroying ProtocolHandler ["ajp-nio-8009"]
30-Apr-2018 11:42:53.391 INFORMACIÓN [main] org.apache.catalina.startup.VersionLoggerListener.log Server version:        Apache Tomcat/8.0.47
30-Apr-2018 11:42:53.397 INFORMACIÓN [main] org.apache.catalina.startup.VersionLoggerListener.log Server built:          Sep 29 2017 13:46:41 UTC
30-Apr-2018 11:42:53.397 INFORMACIÓN [main] org.apache.catalina.startup.VersionLoggerListener.log Server number:         8.0.47.0
30-Apr-2018 11:42:53.397 INFORMACIÓN [main] org.apache.catalina.startup.VersionLoggerListener.log OS Name:               Mac OS X
30-Apr-2018 11:42:53.397 INFORMACIÓN [main] org.apache.catalina.startup.VersionLoggerListener.log OS Version:            10.13.4
30-Apr-2018 11:42:53.397 INFORMACIÓN [main] org.apache.catalina.startup.VersionLoggerListener.log Architecture:          x86_64
30-Apr-2018 11:42:53.397 INFORMACIÓN [main] org.apache.catalina.startup.VersionLoggerListener.log Java Home:             /Library/Java/JavaVirtualMachines/jdk1.8.0_111.jdk/Contents/Home/jre
30-Apr-2018 11:42:53.398 INFORMACIÓN [main] org.apache.catalina.startup.VersionLoggerListener.log JVM Version:           1.8.0_111-b14
30-Apr-2018 11:42:53.398 INFORMACIÓN [main] org.apache.catalina.startup.VersionLoggerListener.log JVM Vendor:            Oracle Corporation
30-Apr-2018 11:42:53.398 INFORMACIÓN [main] org.apache.catalina.startup.VersionLoggerListener.log CATALINA_BASE:         /Users/albertocm/Desktop/Ingeniería Telemática/CURSO 2017-2018/2º Cuatrimestre/Computación Web/ProyectoWeb/apache-tomcat-8.0.47
30-Apr-2018 11:42:53.398 INFORMACIÓN [main] org.apache.catalina.startup.VersionLoggerListener.log CATALINA_HOME:         /Users/albertocm/Desktop/Ingeniería Telemática/CURSO 2017-2018/2º Cuatrimestre/Computación Web/ProyectoWeb/apache-tomcat-8.0.47
30-Apr-2018 11:42:53.399 INFORMACIÓN [main] org.apache.catalina.startup.VersionLoggerListener.log Command line argument: -Djava.util.logging.config.file=/Users/albertocm/Desktop/Ingeniería Telemática/CURSO 2017-2018/2º Cuatrimestre/Computación Web/ProyectoWeb/apache-tomcat-8.0.47/conf/logging.properties
30-Apr-2018 11:42:53.400 INFORMACIÓN [main] org.apache.catalina.startup.VersionLoggerListener.log Command line argument: -Djava.util.logging.manager=org.apache.juli.ClassLoaderLogManager
30-Apr-2018 11:42:53.400 INFORMACIÓN [main] org.apache.catalina.startup.VersionLoggerListener.log Command line argument: -Djdk.tls.ephemeralDHKeySize=2048
30-Apr-2018 11:42:53.400 INFORMACIÓN [main] org.apache.catalina.startup.VersionLoggerListener.log Command line argument: -Djava.protocol.handler.pkgs=org.apache.catalina.webresources
30-Apr-2018 11:42:53.401 INFORMACIÓN [main] org.apache.catalina.startup.VersionLoggerListener.log Command line argument: -Djava.endorsed.dirs=/Users/albertocm/Desktop/Ingeniería Telemática/CURSO 2017-2018/2º Cuatrimestre/Computación Web/ProyectoWeb/apache-tomcat-8.0.47/endorsed
30-Apr-2018 11:42:53.402 INFORMACIÓN [main] org.apache.catalina.startup.VersionLoggerListener.log Command line argument: -Dcatalina.base=/Users/albertocm/Desktop/Ingeniería Telemática/CURSO 2017-2018/2º Cuatrimestre/Computación Web/ProyectoWeb/apache-tomcat-8.0.47
30-Apr-2018 11:42:53.403 INFORMACIÓN [main] org.apache.catalina.startup.VersionLoggerListener.log Command line argument: -Dcatalina.home=/Users/albertocm/Desktop/Ingeniería Telemática/CURSO 2017-2018/2º Cuatrimestre/Computación Web/ProyectoWeb/apache-tomcat-8.0.47
30-Apr-2018 11:42:53.403 INFORMACIÓN [main] org.apache.catalina.startup.VersionLoggerListener.log Command line argument: -Djava.io.tmpdir=/Users/albertocm/Desktop/Ingeniería Telemática/CURSO 2017-2018/2º Cuatrimestre/Computación Web/ProyectoWeb/apache-tomcat-8.0.47/temp
30-Apr-2018 11:42:53.403 INFORMACIÓN [main] org.apache.catalina.core.AprLifecycleListener.lifecycleEvent La biblioteca nativa de Apache Tomcat basada en ARP que permite un rendimiento óptimo en entornos de desarrollo no ha sido hallada en java.library.path: /Users/albertocm/Library/Java/Extensions:/Library/Java/Extensions:/Network/Library/Java/Extensions:/System/Library/Java/Extensions:/usr/lib/java:.
30-Apr-2018 11:42:53.767 INFORMACIÓN [main] org.apache.coyote.AbstractProtocol.init Initializing ProtocolHandler ["http-nio-9102"]
30-Apr-2018 11:42:53.820 INFORMACIÓN [main] org.apache.tomcat.util.net.NioSelectorPool.getSharedSelector Using a shared selector for servlet write/read
30-Apr-2018 11:42:53.824 INFORMACIÓN [main] org.apache.coyote.AbstractProtocol.init Initializing ProtocolHandler ["ajp-nio-8009"]
30-Apr-2018 11:42:53.826 INFORMACIÓN [main] org.apache.tomcat.util.net.NioSelectorPool.getSharedSelector Using a shared selector for servlet write/read
30-Apr-2018 11:42:53.826 INFORMACIÓN [main] org.apache.catalina.startup.Catalina.load Initialization processed in 1075 ms
30-Apr-2018 11:42:53.858 INFORMACIÓN [main] org.apache.catalina.core.StandardService.startInternal Arrancando servicio Catalina
30-Apr-2018 11:42:53.858 INFORMACIÓN [main] org.apache.catalina.core.StandardEngine.startInternal Starting Servlet Engine: Apache Tomcat/8.0.47
30-Apr-2018 11:42:53.879 INFORMACIÓN [localhost-startStop-1] org.apache.catalina.startup.HostConfig.deployDirectory Despliegue del directorio /Users/albertocm/Desktop/Ingeniería Telemática/CURSO 2017-2018/2º Cuatrimestre/Computación Web/ProyectoWeb/apache-tomcat-8.0.47/webapps/proyecto de la aplicación web
30-Apr-2018 11:42:54.867 ADVERTENCIA [localhost-startStop-1] org.apache.tomcat.dbcp.dbcp2.BasicDataSourceFactory.getObjectInstance Name = webrestaurants Property maxActive is not used in DBCP2, use maxTotal instead. maxTotal default value is 8. You have set value of "8" for "maxActive" property, which is being ignored.
30-Apr-2018 11:42:54.959 INFORMACIÓN [localhost-startStop-1] org.apache.jasper.servlet.TldScanner.scanJars Al menos un JAR, que se ha explorado buscando TLDs, aún no contenía TLDs. Activar historial de depuración para este historiador para una completa lista de los JARs que fueron explorados y de los que nos se halló TLDs. Saltarse JARs no necesarios durante la exploración puede dar lugar a una mejora de tiempo significativa en el arranque y compilación de JSP .
30-Apr-2018 11:42:55.039 INFORMACIÓN [localhost-startStop-1] org.apache.catalina.startup.HostConfig.deployDirectory Deployment of web application directory /Users/albertocm/Desktop/Ingeniería Telemática/CURSO 2017-2018/2º Cuatrimestre/Computación Web/ProyectoWeb/apache-tomcat-8.0.47/webapps/proyecto has finished in 1.158 ms
30-Apr-2018 11:42:55.039 INFORMACIÓN [localhost-startStop-1] org.apache.catalina.startup.HostConfig.deployDirectory Despliegue del directorio /Users/albertocm/Desktop/Ingeniería Telemática/CURSO 2017-2018/2º Cuatrimestre/Computación Web/ProyectoWeb/apache-tomcat-8.0.47/webapps/docs de la aplicación web
30-Apr-2018 11:42:55.062 INFORMACIÓN [localhost-startStop-1] org.apache.catalina.startup.HostConfig.deployDirectory Deployment of web application directory /Users/albertocm/Desktop/Ingeniería Telemática/CURSO 2017-2018/2º Cuatrimestre/Computación Web/ProyectoWeb/apache-tomcat-8.0.47/webapps/docs has finished in 23 ms
30-Apr-2018 11:42:55.063 INFORMACIÓN [localhost-startStop-1] org.apache.catalina.startup.HostConfig.deployDirectory Despliegue del directorio /Users/albertocm/Desktop/Ingeniería Telemática/CURSO 2017-2018/2º Cuatrimestre/Computación Web/ProyectoWeb/apache-tomcat-8.0.47/webapps/manager de la aplicación web
30-Apr-2018 11:42:55.103 INFORMACIÓN [localhost-startStop-1] org.apache.catalina.startup.HostConfig.deployDirectory Deployment of web application directory /Users/albertocm/Desktop/Ingeniería Telemática/CURSO 2017-2018/2º Cuatrimestre/Computación Web/ProyectoWeb/apache-tomcat-8.0.47/webapps/manager has finished in 40 ms
30-Apr-2018 11:42:55.103 INFORMACIÓN [localhost-startStop-1] org.apache.catalina.startup.HostConfig.deployDirectory Despliegue del directorio /Users/albertocm/Desktop/Ingeniería Telemática/CURSO 2017-2018/2º Cuatrimestre/Computación Web/ProyectoWeb/apache-tomcat-8.0.47/webapps/examples de la aplicación web
30-Apr-2018 11:42:55.455 INFORMACIÓN [localhost-startStop-1] org.apache.catalina.startup.HostConfig.deployDirectory Deployment of web application directory /Users/albertocm/Desktop/Ingeniería Telemática/CURSO 2017-2018/2º Cuatrimestre/Computación Web/ProyectoWeb/apache-tomcat-8.0.47/webapps/examples has finished in 351 ms
30-Apr-2018 11:42:55.455 INFORMACIÓN [localhost-startStop-1] org.apache.catalina.startup.HostConfig.deployDirectory Despliegue del directorio /Users/albertocm/Desktop/Ingeniería Telemática/CURSO 2017-2018/2º Cuatrimestre/Computación Web/ProyectoWeb/apache-tomcat-8.0.47/webapps/ROOT de la aplicación web
30-Apr-2018 11:42:55.476 INFORMACIÓN [localhost-startStop-1] org.apache.catalina.startup.HostConfig.deployDirectory Deployment of web application directory /Users/albertocm/Desktop/Ingeniería Telemática/CURSO 2017-2018/2º Cuatrimestre/Computación Web/ProyectoWeb/apache-tomcat-8.0.47/webapps/ROOT has finished in 21 ms
30-Apr-2018 11:42:55.476 INFORMACIÓN [localhost-startStop-1] org.apache.catalina.startup.HostConfig.deployDirectory Despliegue del directorio /Users/albertocm/Desktop/Ingeniería Telemática/CURSO 2017-2018/2º Cuatrimestre/Computación Web/ProyectoWeb/apache-tomcat-8.0.47/webapps/host-manager de la aplicación web
30-Apr-2018 11:42:55.496 INFORMACIÓN [localhost-startStop-1] org.apache.catalina.startup.HostConfig.deployDirectory Deployment of web application directory /Users/albertocm/Desktop/Ingeniería Telemática/CURSO 2017-2018/2º Cuatrimestre/Computación Web/ProyectoWeb/apache-tomcat-8.0.47/webapps/host-manager has finished in 20 ms
30-Apr-2018 11:42:55.499 INFORMACIÓN [main] org.apache.coyote.AbstractProtocol.start Starting ProtocolHandler ["http-nio-9102"]
30-Apr-2018 11:42:55.508 INFORMACIÓN [main] org.apache.coyote.AbstractProtocol.start Starting ProtocolHandler ["ajp-nio-8009"]
30-Apr-2018 11:42:55.509 INFORMACIÓN [main] org.apache.catalina.startup.Catalina.start Server startup in 1682 ms
30-Apr-2018 11:49:47.800 INFORMACIÓN [ContainerBackgroundProcessor[StandardEngine[Catalina]]] org.apache.catalina.core.StandardContext.reload Ha comenzado la recarga de Contexto [/proyecto]
30-Apr-2018 11:49:47.822 ADVERTENCIA [ContainerBackgroundProcessor[StandardEngine[Catalina]]] org.apache.catalina.loader.WebappClassLoaderBase.clearReferencesJdbc La aplicación web [proyecto] registró el conductor JDBC [com.mysql.jdbc.Driver] pero falló al anular el registro mientras la aplicación web estaba parada. Para prevenir un fallo de memoria, se ha anulado el registro del conductor JDBC por la fuerza.
30-Apr-2018 11:49:47.823 ADVERTENCIA [ContainerBackgroundProcessor[StandardEngine[Catalina]]] org.apache.catalina.loader.WebappClassLoaderBase.clearReferencesThreads The web application [proyecto] appears to have started a thread named [Abandoned connection cleanup thread] but has failed to stop it. This is very likely to create a memory leak. Stack trace of thread:
 java.lang.Object.wait(Native Method)
 java.lang.ref.ReferenceQueue.remove(ReferenceQueue.java:143)
 com.mysql.jdbc.AbandonedConnectionCleanupThread.run(AbandonedConnectionCleanupThread.java:64)
 java.util.concurrent.ThreadPoolExecutor.runWorker(ThreadPoolExecutor.java:1142)
 java.util.concurrent.ThreadPoolExecutor$Worker.run(ThreadPoolExecutor.java:617)
 java.lang.Thread.run(Thread.java:745)
30-Apr-2018 11:49:48.043 INFORMACIÓN [ContainerBackgroundProcessor[StandardEngine[Catalina]]] org.apache.catalina.core.StandardContext.reload Se ha completado la recarga de este Contexto
30-Apr-2018 11:49:48.443 INFORMACIÓN [Abandoned connection cleanup thread] org.apache.catalina.loader.WebappClassLoaderBase.checkStateForResourceLoading Acceso ilegal: esta instancia de aplicación web ya ha sido parada.  Could not load .  La eventual traza de pila que sigue ha sido motivada por un error lanzado con motivos de depuración así como para intentar terminar el hilo que motivó el acceso ilegal y no tiene impacto funcional.
 java.lang.IllegalStateException: Acceso ilegal: esta instancia de aplicación web ya ha sido parada.  Could not load .  La eventual traza de pila que sigue ha sido motivada por un error lanzado con motivos de depuración así como para intentar terminar el hilo que motivó el acceso ilegal y no tiene impacto funcional.
	at org.apache.catalina.loader.WebappClassLoaderBase.checkStateForResourceLoading(WebappClassLoaderBase.java:1359)
	at org.apache.catalina.loader.WebappClassLoaderBase.getResource(WebappClassLoaderBase.java:1029)
	at com.mysql.jdbc.AbandonedConnectionCleanupThread.checkContextClassLoaders(AbandonedConnectionCleanupThread.java:90)
	at com.mysql.jdbc.AbandonedConnectionCleanupThread.run(AbandonedConnectionCleanupThread.java:63)
	at java.util.concurrent.ThreadPoolExecutor.runWorker(ThreadPoolExecutor.java:1142)
	at java.util.concurrent.ThreadPoolExecutor$Worker.run(ThreadPoolExecutor.java:617)
	at java.lang.Thread.run(Thread.java:745)

30-Apr-2018 11:49:50.740 INFORMACIÓN [main] org.apache.catalina.core.StandardServer.await Se ha recibido un comando de apagado a través del puerto de apagado. Parando la instancia del Servidor.
30-Apr-2018 11:49:50.740 INFORMACIÓN [main] org.apache.coyote.AbstractProtocol.pause Pausing ProtocolHandler ["http-nio-9102"]
30-Apr-2018 11:49:50.793 INFORMACIÓN [main] org.apache.coyote.AbstractProtocol.pause Pausing ProtocolHandler ["ajp-nio-8009"]
30-Apr-2018 11:49:50.844 INFORMACIÓN [main] org.apache.catalina.core.StandardService.stopInternal Parando servicio Catalina
30-Apr-2018 11:49:50.885 INFORMACIÓN [main] org.apache.coyote.AbstractProtocol.stop Stopping ProtocolHandler ["http-nio-9102"]
30-Apr-2018 11:49:50.892 INFORMACIÓN [main] org.apache.coyote.AbstractProtocol.stop Stopping ProtocolHandler ["ajp-nio-8009"]
30-Apr-2018 11:49:50.899 INFORMACIÓN [main] org.apache.coyote.AbstractProtocol.destroy Destroying ProtocolHandler ["http-nio-9102"]
30-Apr-2018 11:49:50.901 INFORMACIÓN [main] org.apache.coyote.AbstractProtocol.destroy Destroying ProtocolHandler ["ajp-nio-8009"]
30-Apr-2018 11:49:51.560 INFORMACIÓN [main] org.apache.catalina.startup.VersionLoggerListener.log Server version:        Apache Tomcat/8.0.47
30-Apr-2018 11:49:51.562 INFORMACIÓN [main] org.apache.catalina.startup.VersionLoggerListener.log Server built:          Sep 29 2017 13:46:41 UTC
30-Apr-2018 11:49:51.562 INFORMACIÓN [main] org.apache.catalina.startup.VersionLoggerListener.log Server number:         8.0.47.0
30-Apr-2018 11:49:51.562 INFORMACIÓN [main] org.apache.catalina.startup.VersionLoggerListener.log OS Name:               Mac OS X
30-Apr-2018 11:49:51.563 INFORMACIÓN [main] org.apache.catalina.startup.VersionLoggerListener.log OS Version:            10.13.4
30-Apr-2018 11:49:51.563 INFORMACIÓN [main] org.apache.catalina.startup.VersionLoggerListener.log Architecture:          x86_64
30-Apr-2018 11:49:51.563 INFORMACIÓN [main] org.apache.catalina.startup.VersionLoggerListener.log Java Home:             /Library/Java/JavaVirtualMachines/jdk1.8.0_111.jdk/Contents/Home/jre
30-Apr-2018 11:49:51.563 INFORMACIÓN [main] org.apache.catalina.startup.VersionLoggerListener.log JVM Version:           1.8.0_111-b14
30-Apr-2018 11:49:51.563 INFORMACIÓN [main] org.apache.catalina.startup.VersionLoggerListener.log JVM Vendor:            Oracle Corporation
30-Apr-2018 11:49:51.563 INFORMACIÓN [main] org.apache.catalina.startup.VersionLoggerListener.log CATALINA_BASE:         /Users/albertocm/Desktop/Ingeniería Telemática/CURSO 2017-2018/2º Cuatrimestre/Computación Web/ProyectoWeb/apache-tomcat-8.0.47
30-Apr-2018 11:49:51.563 INFORMACIÓN [main] org.apache.catalina.startup.VersionLoggerListener.log CATALINA_HOME:         /Users/albertocm/Desktop/Ingeniería Telemática/CURSO 2017-2018/2º Cuatrimestre/Computación Web/ProyectoWeb/apache-tomcat-8.0.47
30-Apr-2018 11:49:51.564 INFORMACIÓN [main] org.apache.catalina.startup.VersionLoggerListener.log Command line argument: -Djava.util.logging.config.file=/Users/albertocm/Desktop/Ingeniería Telemática/CURSO 2017-2018/2º Cuatrimestre/Computación Web/ProyectoWeb/apache-tomcat-8.0.47/conf/logging.properties
30-Apr-2018 11:49:51.564 INFORMACIÓN [main] org.apache.catalina.startup.VersionLoggerListener.log Command line argument: -Djava.util.logging.manager=org.apache.juli.ClassLoaderLogManager
30-Apr-2018 11:49:51.564 INFORMACIÓN [main] org.apache.catalina.startup.VersionLoggerListener.log Command line argument: -Djdk.tls.ephemeralDHKeySize=2048
30-Apr-2018 11:49:51.564 INFORMACIÓN [main] org.apache.catalina.startup.VersionLoggerListener.log Command line argument: -Djava.protocol.handler.pkgs=org.apache.catalina.webresources
30-Apr-2018 11:49:51.565 INFORMACIÓN [main] org.apache.catalina.startup.VersionLoggerListener.log Command line argument: -Djava.endorsed.dirs=/Users/albertocm/Desktop/Ingeniería Telemática/CURSO 2017-2018/2º Cuatrimestre/Computación Web/ProyectoWeb/apache-tomcat-8.0.47/endorsed
30-Apr-2018 11:49:51.565 INFORMACIÓN [main] org.apache.catalina.startup.VersionLoggerListener.log Command line argument: -Dcatalina.base=/Users/albertocm/Desktop/Ingeniería Telemática/CURSO 2017-2018/2º Cuatrimestre/Computación Web/ProyectoWeb/apache-tomcat-8.0.47
30-Apr-2018 11:49:51.565 INFORMACIÓN [main] org.apache.catalina.startup.VersionLoggerListener.log Command line argument: -Dcatalina.home=/Users/albertocm/Desktop/Ingeniería Telemática/CURSO 2017-2018/2º Cuatrimestre/Computación Web/ProyectoWeb/apache-tomcat-8.0.47
30-Apr-2018 11:49:51.565 INFORMACIÓN [main] org.apache.catalina.startup.VersionLoggerListener.log Command line argument: -Djava.io.tmpdir=/Users/albertocm/Desktop/Ingeniería Telemática/CURSO 2017-2018/2º Cuatrimestre/Computación Web/ProyectoWeb/apache-tomcat-8.0.47/temp
30-Apr-2018 11:49:51.565 INFORMACIÓN [main] org.apache.catalina.core.AprLifecycleListener.lifecycleEvent La biblioteca nativa de Apache Tomcat basada en ARP que permite un rendimiento óptimo en entornos de desarrollo no ha sido hallada en java.library.path: /Users/albertocm/Library/Java/Extensions:/Library/Java/Extensions:/Network/Library/Java/Extensions:/System/Library/Java/Extensions:/usr/lib/java:.
30-Apr-2018 11:49:51.761 INFORMACIÓN [main] org.apache.coyote.AbstractProtocol.init Initializing ProtocolHandler ["http-nio-9102"]
30-Apr-2018 11:49:51.815 INFORMACIÓN [main] org.apache.tomcat.util.net.NioSelectorPool.getSharedSelector Using a shared selector for servlet write/read
30-Apr-2018 11:49:51.820 INFORMACIÓN [main] org.apache.coyote.AbstractProtocol.init Initializing ProtocolHandler ["ajp-nio-8009"]
30-Apr-2018 11:49:51.823 INFORMACIÓN [main] org.apache.tomcat.util.net.NioSelectorPool.getSharedSelector Using a shared selector for servlet write/read
30-Apr-2018 11:49:51.823 INFORMACIÓN [main] org.apache.catalina.startup.Catalina.load Initialization processed in 725 ms
30-Apr-2018 11:49:51.861 INFORMACIÓN [main] org.apache.catalina.core.StandardService.startInternal Arrancando servicio Catalina
30-Apr-2018 11:49:51.861 INFORMACIÓN [main] org.apache.catalina.core.StandardEngine.startInternal Starting Servlet Engine: Apache Tomcat/8.0.47
30-Apr-2018 11:49:51.885 INFORMACIÓN [localhost-startStop-1] org.apache.catalina.startup.HostConfig.deployDirectory Despliegue del directorio /Users/albertocm/Desktop/Ingeniería Telemática/CURSO 2017-2018/2º Cuatrimestre/Computación Web/ProyectoWeb/apache-tomcat-8.0.47/webapps/proyecto de la aplicación web
30-Apr-2018 11:49:52.652 ADVERTENCIA [localhost-startStop-1] org.apache.tomcat.dbcp.dbcp2.BasicDataSourceFactory.getObjectInstance Name = webrestaurants Property maxActive is not used in DBCP2, use maxTotal instead. maxTotal default value is 8. You have set value of "8" for "maxActive" property, which is being ignored.
30-Apr-2018 11:49:52.723 INFORMACIÓN [localhost-startStop-1] org.apache.jasper.servlet.TldScanner.scanJars Al menos un JAR, que se ha explorado buscando TLDs, aún no contenía TLDs. Activar historial de depuración para este historiador para una completa lista de los JARs que fueron explorados y de los que nos se halló TLDs. Saltarse JARs no necesarios durante la exploración puede dar lugar a una mejora de tiempo significativa en el arranque y compilación de JSP .
30-Apr-2018 11:49:52.840 INFORMACIÓN [localhost-startStop-1] org.apache.catalina.startup.HostConfig.deployDirectory Deployment of web application directory /Users/albertocm/Desktop/Ingeniería Telemática/CURSO 2017-2018/2º Cuatrimestre/Computación Web/ProyectoWeb/apache-tomcat-8.0.47/webapps/proyecto has finished in 954 ms
30-Apr-2018 11:49:52.841 INFORMACIÓN [localhost-startStop-1] org.apache.catalina.startup.HostConfig.deployDirectory Despliegue del directorio /Users/albertocm/Desktop/Ingeniería Telemática/CURSO 2017-2018/2º Cuatrimestre/Computación Web/ProyectoWeb/apache-tomcat-8.0.47/webapps/docs de la aplicación web
30-Apr-2018 11:49:52.861 INFORMACIÓN [localhost-startStop-1] org.apache.catalina.startup.HostConfig.deployDirectory Deployment of web application directory /Users/albertocm/Desktop/Ingeniería Telemática/CURSO 2017-2018/2º Cuatrimestre/Computación Web/ProyectoWeb/apache-tomcat-8.0.47/webapps/docs has finished in 20 ms
30-Apr-2018 11:49:52.862 INFORMACIÓN [localhost-startStop-1] org.apache.catalina.startup.HostConfig.deployDirectory Despliegue del directorio /Users/albertocm/Desktop/Ingeniería Telemática/CURSO 2017-2018/2º Cuatrimestre/Computación Web/ProyectoWeb/apache-tomcat-8.0.47/webapps/manager de la aplicación web
30-Apr-2018 11:49:52.895 INFORMACIÓN [localhost-startStop-1] org.apache.catalina.startup.HostConfig.deployDirectory Deployment of web application directory /Users/albertocm/Desktop/Ingeniería Telemática/CURSO 2017-2018/2º Cuatrimestre/Computación Web/ProyectoWeb/apache-tomcat-8.0.47/webapps/manager has finished in 32 ms
30-Apr-2018 11:49:52.895 INFORMACIÓN [localhost-startStop-1] org.apache.catalina.startup.HostConfig.deployDirectory Despliegue del directorio /Users/albertocm/Desktop/Ingeniería Telemática/CURSO 2017-2018/2º Cuatrimestre/Computación Web/ProyectoWeb/apache-tomcat-8.0.47/webapps/examples de la aplicación web
30-Apr-2018 11:49:53.244 INFORMACIÓN [localhost-startStop-1] org.apache.catalina.startup.HostConfig.deployDirectory Deployment of web application directory /Users/albertocm/Desktop/Ingeniería Telemática/CURSO 2017-2018/2º Cuatrimestre/Computación Web/ProyectoWeb/apache-tomcat-8.0.47/webapps/examples has finished in 349 ms
30-Apr-2018 11:49:53.244 INFORMACIÓN [localhost-startStop-1] org.apache.catalina.startup.HostConfig.deployDirectory Despliegue del directorio /Users/albertocm/Desktop/Ingeniería Telemática/CURSO 2017-2018/2º Cuatrimestre/Computación Web/ProyectoWeb/apache-tomcat-8.0.47/webapps/ROOT de la aplicación web
30-Apr-2018 11:49:53.272 INFORMACIÓN [localhost-startStop-1] org.apache.catalina.startup.HostConfig.deployDirectory Deployment of web application directory /Users/albertocm/Desktop/Ingeniería Telemática/CURSO 2017-2018/2º Cuatrimestre/Computación Web/ProyectoWeb/apache-tomcat-8.0.47/webapps/ROOT has finished in 28 ms
30-Apr-2018 11:49:53.272 INFORMACIÓN [localhost-startStop-1] org.apache.catalina.startup.HostConfig.deployDirectory Despliegue del directorio /Users/albertocm/Desktop/Ingeniería Telemática/CURSO 2017-2018/2º Cuatrimestre/Computación Web/ProyectoWeb/apache-tomcat-8.0.47/webapps/host-manager de la aplicación web
30-Apr-2018 11:49:53.299 INFORMACIÓN [localhost-startStop-1] org.apache.catalina.startup.HostConfig.deployDirectory Deployment of web application directory /Users/albertocm/Desktop/Ingeniería Telemática/CURSO 2017-2018/2º Cuatrimestre/Computación Web/ProyectoWeb/apache-tomcat-8.0.47/webapps/host-manager has finished in 27 ms
30-Apr-2018 11:49:53.302 INFORMACIÓN [main] org.apache.coyote.AbstractProtocol.start Starting ProtocolHandler ["http-nio-9102"]
30-Apr-2018 11:49:53.310 INFORMACIÓN [main] org.apache.coyote.AbstractProtocol.start Starting ProtocolHandler ["ajp-nio-8009"]
30-Apr-2018 11:49:53.312 INFORMACIÓN [main] org.apache.catalina.startup.Catalina.start Server startup in 1488 ms
30-Apr-2018 11:54:34.894 INFORMACIÓN [ContainerBackgroundProcessor[StandardEngine[Catalina]]] org.apache.catalina.core.StandardContext.reload Ha comenzado la recarga de Contexto [/proyecto]
30-Apr-2018 11:54:34.904 ADVERTENCIA [ContainerBackgroundProcessor[StandardEngine[Catalina]]] org.apache.catalina.loader.WebappClassLoaderBase.clearReferencesJdbc La aplicación web [proyecto] registró el conductor JDBC [com.mysql.jdbc.Driver] pero falló al anular el registro mientras la aplicación web estaba parada. Para prevenir un fallo de memoria, se ha anulado el registro del conductor JDBC por la fuerza.
30-Apr-2018 11:54:34.908 ADVERTENCIA [ContainerBackgroundProcessor[StandardEngine[Catalina]]] org.apache.catalina.loader.WebappClassLoaderBase.clearReferencesThreads The web application [proyecto] appears to have started a thread named [Abandoned connection cleanup thread] but has failed to stop it. This is very likely to create a memory leak. Stack trace of thread:
 java.lang.Object.wait(Native Method)
 java.lang.ref.ReferenceQueue.remove(ReferenceQueue.java:143)
 com.mysql.jdbc.AbandonedConnectionCleanupThread.run(AbandonedConnectionCleanupThread.java:64)
 java.util.concurrent.ThreadPoolExecutor.runWorker(ThreadPoolExecutor.java:1142)
 java.util.concurrent.ThreadPoolExecutor$Worker.run(ThreadPoolExecutor.java:617)
 java.lang.Thread.run(Thread.java:745)
30-Apr-2018 11:54:35.135 INFORMACIÓN [ContainerBackgroundProcessor[StandardEngine[Catalina]]] org.apache.catalina.core.StandardContext.reload Se ha completado la recarga de este Contexto
30-Apr-2018 11:54:39.273 INFORMACIÓN [Abandoned connection cleanup thread] org.apache.catalina.loader.WebappClassLoaderBase.checkStateForResourceLoading Acceso ilegal: esta instancia de aplicación web ya ha sido parada.  Could not load .  La eventual traza de pila que sigue ha sido motivada por un error lanzado con motivos de depuración así como para intentar terminar el hilo que motivó el acceso ilegal y no tiene impacto funcional.
 java.lang.IllegalStateException: Acceso ilegal: esta instancia de aplicación web ya ha sido parada.  Could not load .  La eventual traza de pila que sigue ha sido motivada por un error lanzado con motivos de depuración así como para intentar terminar el hilo que motivó el acceso ilegal y no tiene impacto funcional.
	at org.apache.catalina.loader.WebappClassLoaderBase.checkStateForResourceLoading(WebappClassLoaderBase.java:1359)
	at org.apache.catalina.loader.WebappClassLoaderBase.getResource(WebappClassLoaderBase.java:1029)
	at com.mysql.jdbc.AbandonedConnectionCleanupThread.checkContextClassLoaders(AbandonedConnectionCleanupThread.java:90)
	at com.mysql.jdbc.AbandonedConnectionCleanupThread.run(AbandonedConnectionCleanupThread.java:63)
	at java.util.concurrent.ThreadPoolExecutor.runWorker(ThreadPoolExecutor.java:1142)
	at java.util.concurrent.ThreadPoolExecutor$Worker.run(ThreadPoolExecutor.java:617)
	at java.lang.Thread.run(Thread.java:745)

30-Apr-2018 11:54:55.195 INFORMACIÓN [ContainerBackgroundProcessor[StandardEngine[Catalina]]] org.apache.catalina.core.StandardContext.reload Ha comenzado la recarga de Contexto [/proyecto]
30-Apr-2018 11:54:55.437 INFORMACIÓN [ContainerBackgroundProcessor[StandardEngine[Catalina]]] org.apache.catalina.core.StandardContext.reload Se ha completado la recarga de este Contexto
30-Apr-2018 11:55:55.576 INFORMACIÓN [ContainerBackgroundProcessor[StandardEngine[Catalina]]] org.apache.catalina.core.StandardContext.reload Ha comenzado la recarga de Contexto [/proyecto]
30-Apr-2018 11:55:55.767 INFORMACIÓN [ContainerBackgroundProcessor[StandardEngine[Catalina]]] org.apache.catalina.core.StandardContext.reload Se ha completado la recarga de este Contexto
30-Apr-2018 11:55:58.779 INFORMACIÓN [main] org.apache.catalina.core.StandardServer.await Se ha recibido un comando de apagado a través del puerto de apagado. Parando la instancia del Servidor.
30-Apr-2018 11:55:58.780 INFORMACIÓN [main] org.apache.coyote.AbstractProtocol.pause Pausing ProtocolHandler ["http-nio-9102"]
30-Apr-2018 11:55:58.832 INFORMACIÓN [main] org.apache.coyote.AbstractProtocol.pause Pausing ProtocolHandler ["ajp-nio-8009"]
30-Apr-2018 11:55:58.885 INFORMACIÓN [main] org.apache.catalina.core.StandardService.stopInternal Parando servicio Catalina
30-Apr-2018 11:55:58.918 INFORMACIÓN [main] org.apache.coyote.AbstractProtocol.stop Stopping ProtocolHandler ["http-nio-9102"]
30-Apr-2018 11:55:59.010 INFORMACIÓN [main] org.apache.coyote.AbstractProtocol.stop Stopping ProtocolHandler ["ajp-nio-8009"]
30-Apr-2018 11:55:59.011 INFORMACIÓN [main] org.apache.coyote.AbstractProtocol.destroy Destroying ProtocolHandler ["http-nio-9102"]
30-Apr-2018 11:55:59.012 INFORMACIÓN [main] org.apache.coyote.AbstractProtocol.destroy Destroying ProtocolHandler ["ajp-nio-8009"]
30-Apr-2018 11:55:59.547 INFORMACIÓN [main] org.apache.catalina.startup.VersionLoggerListener.log Server version:        Apache Tomcat/8.0.47
30-Apr-2018 11:55:59.550 INFORMACIÓN [main] org.apache.catalina.startup.VersionLoggerListener.log Server built:          Sep 29 2017 13:46:41 UTC
30-Apr-2018 11:55:59.550 INFORMACIÓN [main] org.apache.catalina.startup.VersionLoggerListener.log Server number:         8.0.47.0
30-Apr-2018 11:55:59.550 INFORMACIÓN [main] org.apache.catalina.startup.VersionLoggerListener.log OS Name:               Mac OS X
30-Apr-2018 11:55:59.550 INFORMACIÓN [main] org.apache.catalina.startup.VersionLoggerListener.log OS Version:            10.13.4
30-Apr-2018 11:55:59.550 INFORMACIÓN [main] org.apache.catalina.startup.VersionLoggerListener.log Architecture:          x86_64
30-Apr-2018 11:55:59.551 INFORMACIÓN [main] org.apache.catalina.startup.VersionLoggerListener.log Java Home:             /Library/Java/JavaVirtualMachines/jdk1.8.0_111.jdk/Contents/Home/jre
30-Apr-2018 11:55:59.551 INFORMACIÓN [main] org.apache.catalina.startup.VersionLoggerListener.log JVM Version:           1.8.0_111-b14
30-Apr-2018 11:55:59.551 INFORMACIÓN [main] org.apache.catalina.startup.VersionLoggerListener.log JVM Vendor:            Oracle Corporation
30-Apr-2018 11:55:59.551 INFORMACIÓN [main] org.apache.catalina.startup.VersionLoggerListener.log CATALINA_BASE:         /Users/albertocm/Desktop/Ingeniería Telemática/CURSO 2017-2018/2º Cuatrimestre/Computación Web/ProyectoWeb/apache-tomcat-8.0.47
30-Apr-2018 11:55:59.551 INFORMACIÓN [main] org.apache.catalina.startup.VersionLoggerListener.log CATALINA_HOME:         /Users/albertocm/Desktop/Ingeniería Telemática/CURSO 2017-2018/2º Cuatrimestre/Computación Web/ProyectoWeb/apache-tomcat-8.0.47
30-Apr-2018 11:55:59.552 INFORMACIÓN [main] org.apache.catalina.startup.VersionLoggerListener.log Command line argument: -Djava.util.logging.config.file=/Users/albertocm/Desktop/Ingeniería Telemática/CURSO 2017-2018/2º Cuatrimestre/Computación Web/ProyectoWeb/apache-tomcat-8.0.47/conf/logging.properties
30-Apr-2018 11:55:59.552 INFORMACIÓN [main] org.apache.catalina.startup.VersionLoggerListener.log Command line argument: -Djava.util.logging.manager=org.apache.juli.ClassLoaderLogManager
30-Apr-2018 11:55:59.552 INFORMACIÓN [main] org.apache.catalina.startup.VersionLoggerListener.log Command line argument: -Djdk.tls.ephemeralDHKeySize=2048
30-Apr-2018 11:55:59.552 INFORMACIÓN [main] org.apache.catalina.startup.VersionLoggerListener.log Command line argument: -Djava.protocol.handler.pkgs=org.apache.catalina.webresources
30-Apr-2018 11:55:59.553 INFORMACIÓN [main] org.apache.catalina.startup.VersionLoggerListener.log Command line argument: -Djava.endorsed.dirs=/Users/albertocm/Desktop/Ingeniería Telemática/CURSO 2017-2018/2º Cuatrimestre/Computación Web/ProyectoWeb/apache-tomcat-8.0.47/endorsed
30-Apr-2018 11:55:59.553 INFORMACIÓN [main] org.apache.catalina.startup.VersionLoggerListener.log Command line argument: -Dcatalina.base=/Users/albertocm/Desktop/Ingeniería Telemática/CURSO 2017-2018/2º Cuatrimestre/Computación Web/ProyectoWeb/apache-tomcat-8.0.47
30-Apr-2018 11:55:59.553 INFORMACIÓN [main] org.apache.catalina.startup.VersionLoggerListener.log Command line argument: -Dcatalina.home=/Users/albertocm/Desktop/Ingeniería Telemática/CURSO 2017-2018/2º Cuatrimestre/Computación Web/ProyectoWeb/apache-tomcat-8.0.47
30-Apr-2018 11:55:59.553 INFORMACIÓN [main] org.apache.catalina.startup.VersionLoggerListener.log Command line argument: -Djava.io.tmpdir=/Users/albertocm/Desktop/Ingeniería Telemática/CURSO 2017-2018/2º Cuatrimestre/Computación Web/ProyectoWeb/apache-tomcat-8.0.47/temp
30-Apr-2018 11:55:59.554 INFORMACIÓN [main] org.apache.catalina.core.AprLifecycleListener.lifecycleEvent La biblioteca nativa de Apache Tomcat basada en ARP que permite un rendimiento óptimo en entornos de desarrollo no ha sido hallada en java.library.path: /Users/albertocm/Library/Java/Extensions:/Library/Java/Extensions:/Network/Library/Java/Extensions:/System/Library/Java/Extensions:/usr/lib/java:.
30-Apr-2018 11:55:59.700 INFORMACIÓN [main] org.apache.coyote.AbstractProtocol.init Initializing ProtocolHandler ["http-nio-9102"]
30-Apr-2018 11:55:59.730 INFORMACIÓN [main] org.apache.tomcat.util.net.NioSelectorPool.getSharedSelector Using a shared selector for servlet write/read
30-Apr-2018 11:55:59.732 INFORMACIÓN [main] org.apache.coyote.AbstractProtocol.init Initializing ProtocolHandler ["ajp-nio-8009"]
30-Apr-2018 11:55:59.735 INFORMACIÓN [main] org.apache.tomcat.util.net.NioSelectorPool.getSharedSelector Using a shared selector for servlet write/read
30-Apr-2018 11:55:59.735 INFORMACIÓN [main] org.apache.catalina.startup.Catalina.load Initialization processed in 630 ms
30-Apr-2018 11:55:59.760 INFORMACIÓN [main] org.apache.catalina.core.StandardService.startInternal Arrancando servicio Catalina
30-Apr-2018 11:55:59.760 INFORMACIÓN [main] org.apache.catalina.core.StandardEngine.startInternal Starting Servlet Engine: Apache Tomcat/8.0.47
30-Apr-2018 11:55:59.787 INFORMACIÓN [localhost-startStop-1] org.apache.catalina.startup.HostConfig.deployDirectory Despliegue del directorio /Users/albertocm/Desktop/Ingeniería Telemática/CURSO 2017-2018/2º Cuatrimestre/Computación Web/ProyectoWeb/apache-tomcat-8.0.47/webapps/proyecto de la aplicación web
30-Apr-2018 11:56:00.508 ADVERTENCIA [localhost-startStop-1] org.apache.tomcat.dbcp.dbcp2.BasicDataSourceFactory.getObjectInstance Name = webrestaurants Property maxActive is not used in DBCP2, use maxTotal instead. maxTotal default value is 8. You have set value of "8" for "maxActive" property, which is being ignored.
30-Apr-2018 11:56:00.578 INFORMACIÓN [localhost-startStop-1] org.apache.jasper.servlet.TldScanner.scanJars Al menos un JAR, que se ha explorado buscando TLDs, aún no contenía TLDs. Activar historial de depuración para este historiador para una completa lista de los JARs que fueron explorados y de los que nos se halló TLDs. Saltarse JARs no necesarios durante la exploración puede dar lugar a una mejora de tiempo significativa en el arranque y compilación de JSP .
30-Apr-2018 11:56:00.696 INFORMACIÓN [localhost-startStop-1] org.apache.catalina.startup.HostConfig.deployDirectory Deployment of web application directory /Users/albertocm/Desktop/Ingeniería Telemática/CURSO 2017-2018/2º Cuatrimestre/Computación Web/ProyectoWeb/apache-tomcat-8.0.47/webapps/proyecto has finished in 908 ms
30-Apr-2018 11:56:00.697 INFORMACIÓN [localhost-startStop-1] org.apache.catalina.startup.HostConfig.deployDirectory Despliegue del directorio /Users/albertocm/Desktop/Ingeniería Telemática/CURSO 2017-2018/2º Cuatrimestre/Computación Web/ProyectoWeb/apache-tomcat-8.0.47/webapps/docs de la aplicación web
30-Apr-2018 11:56:00.719 INFORMACIÓN [localhost-startStop-1] org.apache.catalina.startup.HostConfig.deployDirectory Deployment of web application directory /Users/albertocm/Desktop/Ingeniería Telemática/CURSO 2017-2018/2º Cuatrimestre/Computación Web/ProyectoWeb/apache-tomcat-8.0.47/webapps/docs has finished in 22 ms
30-Apr-2018 11:56:00.720 INFORMACIÓN [localhost-startStop-1] org.apache.catalina.startup.HostConfig.deployDirectory Despliegue del directorio /Users/albertocm/Desktop/Ingeniería Telemática/CURSO 2017-2018/2º Cuatrimestre/Computación Web/ProyectoWeb/apache-tomcat-8.0.47/webapps/manager de la aplicación web
30-Apr-2018 11:56:00.758 INFORMACIÓN [localhost-startStop-1] org.apache.catalina.startup.HostConfig.deployDirectory Deployment of web application directory /Users/albertocm/Desktop/Ingeniería Telemática/CURSO 2017-2018/2º Cuatrimestre/Computación Web/ProyectoWeb/apache-tomcat-8.0.47/webapps/manager has finished in 39 ms
30-Apr-2018 11:56:00.758 INFORMACIÓN [localhost-startStop-1] org.apache.catalina.startup.HostConfig.deployDirectory Despliegue del directorio /Users/albertocm/Desktop/Ingeniería Telemática/CURSO 2017-2018/2º Cuatrimestre/Computación Web/ProyectoWeb/apache-tomcat-8.0.47/webapps/examples de la aplicación web
30-Apr-2018 11:56:01.086 INFORMACIÓN [localhost-startStop-1] org.apache.catalina.startup.HostConfig.deployDirectory Deployment of web application directory /Users/albertocm/Desktop/Ingeniería Telemática/CURSO 2017-2018/2º Cuatrimestre/Computación Web/ProyectoWeb/apache-tomcat-8.0.47/webapps/examples has finished in 327 ms
30-Apr-2018 11:56:01.086 INFORMACIÓN [localhost-startStop-1] org.apache.catalina.startup.HostConfig.deployDirectory Despliegue del directorio /Users/albertocm/Desktop/Ingeniería Telemática/CURSO 2017-2018/2º Cuatrimestre/Computación Web/ProyectoWeb/apache-tomcat-8.0.47/webapps/ROOT de la aplicación web
30-Apr-2018 11:56:01.111 INFORMACIÓN [localhost-startStop-1] org.apache.catalina.startup.HostConfig.deployDirectory Deployment of web application directory /Users/albertocm/Desktop/Ingeniería Telemática/CURSO 2017-2018/2º Cuatrimestre/Computación Web/ProyectoWeb/apache-tomcat-8.0.47/webapps/ROOT has finished in 25 ms
30-Apr-2018 11:56:01.111 INFORMACIÓN [localhost-startStop-1] org.apache.catalina.startup.HostConfig.deployDirectory Despliegue del directorio /Users/albertocm/Desktop/Ingeniería Telemática/CURSO 2017-2018/2º Cuatrimestre/Computación Web/ProyectoWeb/apache-tomcat-8.0.47/webapps/host-manager de la aplicación web
30-Apr-2018 11:56:01.134 INFORMACIÓN [localhost-startStop-1] org.apache.catalina.startup.HostConfig.deployDirectory Deployment of web application directory /Users/albertocm/Desktop/Ingeniería Telemática/CURSO 2017-2018/2º Cuatrimestre/Computación Web/ProyectoWeb/apache-tomcat-8.0.47/webapps/host-manager has finished in 23 ms
30-Apr-2018 11:56:01.137 INFORMACIÓN [main] org.apache.coyote.AbstractProtocol.start Starting ProtocolHandler ["http-nio-9102"]
30-Apr-2018 11:56:01.145 INFORMACIÓN [main] org.apache.coyote.AbstractProtocol.start Starting ProtocolHandler ["ajp-nio-8009"]
30-Apr-2018 11:56:01.146 INFORMACIÓN [main] org.apache.catalina.startup.Catalina.start Server startup in 1411 ms
30-Apr-2018 12:06:45.661 INFORMACIÓN [ContainerBackgroundProcessor[StandardEngine[Catalina]]] org.apache.catalina.core.StandardContext.reload Ha comenzado la recarga de Contexto [/proyecto]
30-Apr-2018 12:06:45.680 ADVERTENCIA [ContainerBackgroundProcessor[StandardEngine[Catalina]]] org.apache.catalina.loader.WebappClassLoaderBase.clearReferencesJdbc La aplicación web [proyecto] registró el conductor JDBC [com.mysql.jdbc.Driver] pero falló al anular el registro mientras la aplicación web estaba parada. Para prevenir un fallo de memoria, se ha anulado el registro del conductor JDBC por la fuerza.
30-Apr-2018 12:06:45.681 ADVERTENCIA [ContainerBackgroundProcessor[StandardEngine[Catalina]]] org.apache.catalina.loader.WebappClassLoaderBase.clearReferencesThreads The web application [proyecto] appears to have started a thread named [Abandoned connection cleanup thread] but has failed to stop it. This is very likely to create a memory leak. Stack trace of thread:
 java.lang.Object.wait(Native Method)
 java.lang.ref.ReferenceQueue.remove(ReferenceQueue.java:143)
 com.mysql.jdbc.AbandonedConnectionCleanupThread.run(AbandonedConnectionCleanupThread.java:64)
 java.util.concurrent.ThreadPoolExecutor.runWorker(ThreadPoolExecutor.java:1142)
 java.util.concurrent.ThreadPoolExecutor$Worker.run(ThreadPoolExecutor.java:617)
 java.lang.Thread.run(Thread.java:745)
30-Apr-2018 12:06:45.872 INFORMACIÓN [ContainerBackgroundProcessor[StandardEngine[Catalina]]] org.apache.catalina.core.StandardContext.reload Se ha completado la recarga de este Contexto
30-Apr-2018 12:06:47.872 INFORMACIÓN [main] org.apache.catalina.core.StandardServer.await Se ha recibido un comando de apagado a través del puerto de apagado. Parando la instancia del Servidor.
30-Apr-2018 12:06:47.873 INFORMACIÓN [main] org.apache.coyote.AbstractProtocol.pause Pausing ProtocolHandler ["http-nio-9102"]
30-Apr-2018 12:06:47.925 INFORMACIÓN [main] org.apache.coyote.AbstractProtocol.pause Pausing ProtocolHandler ["ajp-nio-8009"]
30-Apr-2018 12:06:47.976 INFORMACIÓN [main] org.apache.catalina.core.StandardService.stopInternal Parando servicio Catalina
30-Apr-2018 12:06:48.023 INFORMACIÓN [main] org.apache.coyote.AbstractProtocol.stop Stopping ProtocolHandler ["http-nio-9102"]
30-Apr-2018 12:06:48.027 INFORMACIÓN [main] org.apache.coyote.AbstractProtocol.stop Stopping ProtocolHandler ["ajp-nio-8009"]
30-Apr-2018 12:06:48.030 INFORMACIÓN [main] org.apache.coyote.AbstractProtocol.destroy Destroying ProtocolHandler ["http-nio-9102"]
30-Apr-2018 12:06:48.032 INFORMACIÓN [main] org.apache.coyote.AbstractProtocol.destroy Destroying ProtocolHandler ["ajp-nio-8009"]
30-Apr-2018 12:06:48.597 INFORMACIÓN [main] org.apache.catalina.startup.VersionLoggerListener.log Server version:        Apache Tomcat/8.0.47
30-Apr-2018 12:06:48.600 INFORMACIÓN [main] org.apache.catalina.startup.VersionLoggerListener.log Server built:          Sep 29 2017 13:46:41 UTC
30-Apr-2018 12:06:48.600 INFORMACIÓN [main] org.apache.catalina.startup.VersionLoggerListener.log Server number:         8.0.47.0
30-Apr-2018 12:06:48.600 INFORMACIÓN [main] org.apache.catalina.startup.VersionLoggerListener.log OS Name:               Mac OS X
30-Apr-2018 12:06:48.600 INFORMACIÓN [main] org.apache.catalina.startup.VersionLoggerListener.log OS Version:            10.13.4
30-Apr-2018 12:06:48.600 INFORMACIÓN [main] org.apache.catalina.startup.VersionLoggerListener.log Architecture:          x86_64
30-Apr-2018 12:06:48.600 INFORMACIÓN [main] org.apache.catalina.startup.VersionLoggerListener.log Java Home:             /Library/Java/JavaVirtualMachines/jdk1.8.0_111.jdk/Contents/Home/jre
30-Apr-2018 12:06:48.600 INFORMACIÓN [main] org.apache.catalina.startup.VersionLoggerListener.log JVM Version:           1.8.0_111-b14
30-Apr-2018 12:06:48.601 INFORMACIÓN [main] org.apache.catalina.startup.VersionLoggerListener.log JVM Vendor:            Oracle Corporation
30-Apr-2018 12:06:48.601 INFORMACIÓN [main] org.apache.catalina.startup.VersionLoggerListener.log CATALINA_BASE:         /Users/albertocm/Desktop/Ingeniería Telemática/CURSO 2017-2018/2º Cuatrimestre/Computación Web/ProyectoWeb/apache-tomcat-8.0.47
30-Apr-2018 12:06:48.601 INFORMACIÓN [main] org.apache.catalina.startup.VersionLoggerListener.log CATALINA_HOME:         /Users/albertocm/Desktop/Ingeniería Telemática/CURSO 2017-2018/2º Cuatrimestre/Computación Web/ProyectoWeb/apache-tomcat-8.0.47
30-Apr-2018 12:06:48.601 INFORMACIÓN [main] org.apache.catalina.startup.VersionLoggerListener.log Command line argument: -Djava.util.logging.config.file=/Users/albertocm/Desktop/Ingeniería Telemática/CURSO 2017-2018/2º Cuatrimestre/Computación Web/ProyectoWeb/apache-tomcat-8.0.47/conf/logging.properties
30-Apr-2018 12:06:48.602 INFORMACIÓN [main] org.apache.catalina.startup.VersionLoggerListener.log Command line argument: -Djava.util.logging.manager=org.apache.juli.ClassLoaderLogManager
30-Apr-2018 12:06:48.602 INFORMACIÓN [main] org.apache.catalina.startup.VersionLoggerListener.log Command line argument: -Djdk.tls.ephemeralDHKeySize=2048
30-Apr-2018 12:06:48.602 INFORMACIÓN [main] org.apache.catalina.startup.VersionLoggerListener.log Command line argument: -Djava.protocol.handler.pkgs=org.apache.catalina.webresources
30-Apr-2018 12:06:48.603 INFORMACIÓN [main] org.apache.catalina.startup.VersionLoggerListener.log Command line argument: -Djava.endorsed.dirs=/Users/albertocm/Desktop/Ingeniería Telemática/CURSO 2017-2018/2º Cuatrimestre/Computación Web/ProyectoWeb/apache-tomcat-8.0.47/endorsed
30-Apr-2018 12:06:48.603 INFORMACIÓN [main] org.apache.catalina.startup.VersionLoggerListener.log Command line argument: -Dcatalina.base=/Users/albertocm/Desktop/Ingeniería Telemática/CURSO 2017-2018/2º Cuatrimestre/Computación Web/ProyectoWeb/apache-tomcat-8.0.47
30-Apr-2018 12:06:48.603 INFORMACIÓN [main] org.apache.catalina.startup.VersionLoggerListener.log Command line argument: -Dcatalina.home=/Users/albertocm/Desktop/Ingeniería Telemática/CURSO 2017-2018/2º Cuatrimestre/Computación Web/ProyectoWeb/apache-tomcat-8.0.47
30-Apr-2018 12:06:48.603 INFORMACIÓN [main] org.apache.catalina.startup.VersionLoggerListener.log Command line argument: -Djava.io.tmpdir=/Users/albertocm/Desktop/Ingeniería Telemática/CURSO 2017-2018/2º Cuatrimestre/Computación Web/ProyectoWeb/apache-tomcat-8.0.47/temp
30-Apr-2018 12:06:48.603 INFORMACIÓN [main] org.apache.catalina.core.AprLifecycleListener.lifecycleEvent La biblioteca nativa de Apache Tomcat basada en ARP que permite un rendimiento óptimo en entornos de desarrollo no ha sido hallada en java.library.path: /Users/albertocm/Library/Java/Extensions:/Library/Java/Extensions:/Network/Library/Java/Extensions:/System/Library/Java/Extensions:/usr/lib/java:.
30-Apr-2018 12:06:48.752 INFORMACIÓN [main] org.apache.coyote.AbstractProtocol.init Initializing ProtocolHandler ["http-nio-9102"]
30-Apr-2018 12:06:48.784 INFORMACIÓN [main] org.apache.tomcat.util.net.NioSelectorPool.getSharedSelector Using a shared selector for servlet write/read
30-Apr-2018 12:06:48.786 INFORMACIÓN [main] org.apache.coyote.AbstractProtocol.init Initializing ProtocolHandler ["ajp-nio-8009"]
30-Apr-2018 12:06:48.788 INFORMACIÓN [main] org.apache.tomcat.util.net.NioSelectorPool.getSharedSelector Using a shared selector for servlet write/read
30-Apr-2018 12:06:48.789 INFORMACIÓN [main] org.apache.catalina.startup.Catalina.load Initialization processed in 587 ms
30-Apr-2018 12:06:48.809 INFORMACIÓN [main] org.apache.catalina.core.StandardService.startInternal Arrancando servicio Catalina
30-Apr-2018 12:06:48.809 INFORMACIÓN [main] org.apache.catalina.core.StandardEngine.startInternal Starting Servlet Engine: Apache Tomcat/8.0.47
30-Apr-2018 12:06:48.826 INFORMACIÓN [localhost-startStop-1] org.apache.catalina.startup.HostConfig.deployDirectory Despliegue del directorio /Users/albertocm/Desktop/Ingeniería Telemática/CURSO 2017-2018/2º Cuatrimestre/Computación Web/ProyectoWeb/apache-tomcat-8.0.47/webapps/proyecto de la aplicación web
30-Apr-2018 12:06:49.427 ADVERTENCIA [localhost-startStop-1] org.apache.tomcat.dbcp.dbcp2.BasicDataSourceFactory.getObjectInstance Name = webrestaurants Property maxActive is not used in DBCP2, use maxTotal instead. maxTotal default value is 8. You have set value of "8" for "maxActive" property, which is being ignored.
30-Apr-2018 12:06:49.484 INFORMACIÓN [localhost-startStop-1] org.apache.jasper.servlet.TldScanner.scanJars Al menos un JAR, que se ha explorado buscando TLDs, aún no contenía TLDs. Activar historial de depuración para este historiador para una completa lista de los JARs que fueron explorados y de los que nos se halló TLDs. Saltarse JARs no necesarios durante la exploración puede dar lugar a una mejora de tiempo significativa en el arranque y compilación de JSP .
30-Apr-2018 12:06:49.643 INFORMACIÓN [localhost-startStop-1] org.apache.catalina.startup.HostConfig.deployDirectory Deployment of web application directory /Users/albertocm/Desktop/Ingeniería Telemática/CURSO 2017-2018/2º Cuatrimestre/Computación Web/ProyectoWeb/apache-tomcat-8.0.47/webapps/proyecto has finished in 816 ms
30-Apr-2018 12:06:49.643 INFORMACIÓN [localhost-startStop-1] org.apache.catalina.startup.HostConfig.deployDirectory Despliegue del directorio /Users/albertocm/Desktop/Ingeniería Telemática/CURSO 2017-2018/2º Cuatrimestre/Computación Web/ProyectoWeb/apache-tomcat-8.0.47/webapps/docs de la aplicación web
30-Apr-2018 12:06:49.673 INFORMACIÓN [localhost-startStop-1] org.apache.catalina.startup.HostConfig.deployDirectory Deployment of web application directory /Users/albertocm/Desktop/Ingeniería Telemática/CURSO 2017-2018/2º Cuatrimestre/Computación Web/ProyectoWeb/apache-tomcat-8.0.47/webapps/docs has finished in 29 ms
30-Apr-2018 12:06:49.673 INFORMACIÓN [localhost-startStop-1] org.apache.catalina.startup.HostConfig.deployDirectory Despliegue del directorio /Users/albertocm/Desktop/Ingeniería Telemática/CURSO 2017-2018/2º Cuatrimestre/Computación Web/ProyectoWeb/apache-tomcat-8.0.47/webapps/manager de la aplicación web
30-Apr-2018 12:06:49.713 INFORMACIÓN [localhost-startStop-1] org.apache.catalina.startup.HostConfig.deployDirectory Deployment of web application directory /Users/albertocm/Desktop/Ingeniería Telemática/CURSO 2017-2018/2º Cuatrimestre/Computación Web/ProyectoWeb/apache-tomcat-8.0.47/webapps/manager has finished in 40 ms
30-Apr-2018 12:06:49.714 INFORMACIÓN [localhost-startStop-1] org.apache.catalina.startup.HostConfig.deployDirectory Despliegue del directorio /Users/albertocm/Desktop/Ingeniería Telemática/CURSO 2017-2018/2º Cuatrimestre/Computación Web/ProyectoWeb/apache-tomcat-8.0.47/webapps/examples de la aplicación web
30-Apr-2018 12:06:50.131 INFORMACIÓN [localhost-startStop-1] org.apache.catalina.startup.HostConfig.deployDirectory Deployment of web application directory /Users/albertocm/Desktop/Ingeniería Telemática/CURSO 2017-2018/2º Cuatrimestre/Computación Web/ProyectoWeb/apache-tomcat-8.0.47/webapps/examples has finished in 416 ms
30-Apr-2018 12:06:50.131 INFORMACIÓN [localhost-startStop-1] org.apache.catalina.startup.HostConfig.deployDirectory Despliegue del directorio /Users/albertocm/Desktop/Ingeniería Telemática/CURSO 2017-2018/2º Cuatrimestre/Computación Web/ProyectoWeb/apache-tomcat-8.0.47/webapps/ROOT de la aplicación web
30-Apr-2018 12:06:50.169 INFORMACIÓN [localhost-startStop-1] org.apache.catalina.startup.HostConfig.deployDirectory Deployment of web application directory /Users/albertocm/Desktop/Ingeniería Telemática/CURSO 2017-2018/2º Cuatrimestre/Computación Web/ProyectoWeb/apache-tomcat-8.0.47/webapps/ROOT has finished in 38 ms
30-Apr-2018 12:06:50.169 INFORMACIÓN [localhost-startStop-1] org.apache.catalina.startup.HostConfig.deployDirectory Despliegue del directorio /Users/albertocm/Desktop/Ingeniería Telemática/CURSO 2017-2018/2º Cuatrimestre/Computación Web/ProyectoWeb/apache-tomcat-8.0.47/webapps/host-manager de la aplicación web
30-Apr-2018 12:06:50.207 INFORMACIÓN [localhost-startStop-1] org.apache.catalina.startup.HostConfig.deployDirectory Deployment of web application directory /Users/albertocm/Desktop/Ingeniería Telemática/CURSO 2017-2018/2º Cuatrimestre/Computación Web/ProyectoWeb/apache-tomcat-8.0.47/webapps/host-manager has finished in 38 ms
30-Apr-2018 12:06:50.210 INFORMACIÓN [main] org.apache.coyote.AbstractProtocol.start Starting ProtocolHandler ["http-nio-9102"]
30-Apr-2018 12:06:50.225 INFORMACIÓN [main] org.apache.coyote.AbstractProtocol.start Starting ProtocolHandler ["ajp-nio-8009"]
30-Apr-2018 12:06:50.227 INFORMACIÓN [main] org.apache.catalina.startup.Catalina.start Server startup in 1438 ms
30-Apr-2018 12:24:46.811 INFORMACIÓN [ContainerBackgroundProcessor[StandardEngine[Catalina]]] org.apache.catalina.core.StandardContext.reload Ha comenzado la recarga de Contexto [/proyecto]
30-Apr-2018 12:24:46.825 ADVERTENCIA [ContainerBackgroundProcessor[StandardEngine[Catalina]]] org.apache.catalina.loader.WebappClassLoaderBase.clearReferencesJdbc La aplicación web [proyecto] registró el conductor JDBC [com.mysql.jdbc.Driver] pero falló al anular el registro mientras la aplicación web estaba parada. Para prevenir un fallo de memoria, se ha anulado el registro del conductor JDBC por la fuerza.
30-Apr-2018 12:24:46.825 ADVERTENCIA [ContainerBackgroundProcessor[StandardEngine[Catalina]]] org.apache.catalina.loader.WebappClassLoaderBase.clearReferencesThreads The web application [proyecto] appears to have started a thread named [Abandoned connection cleanup thread] but has failed to stop it. This is very likely to create a memory leak. Stack trace of thread:
 java.lang.Object.wait(Native Method)
 java.lang.ref.ReferenceQueue.remove(ReferenceQueue.java:143)
 com.mysql.jdbc.AbandonedConnectionCleanupThread.run(AbandonedConnectionCleanupThread.java:64)
 java.util.concurrent.ThreadPoolExecutor.runWorker(ThreadPoolExecutor.java:1142)
 java.util.concurrent.ThreadPoolExecutor$Worker.run(ThreadPoolExecutor.java:617)
 java.lang.Thread.run(Thread.java:745)
30-Apr-2018 12:24:47.018 INFORMACIÓN [ContainerBackgroundProcessor[StandardEngine[Catalina]]] org.apache.catalina.core.StandardContext.reload Se ha completado la recarga de este Contexto
30-Apr-2018 12:24:48.802 INFORMACIÓN [Abandoned connection cleanup thread] org.apache.catalina.loader.WebappClassLoaderBase.checkStateForResourceLoading Acceso ilegal: esta instancia de aplicación web ya ha sido parada.  Could not load .  La eventual traza de pila que sigue ha sido motivada por un error lanzado con motivos de depuración así como para intentar terminar el hilo que motivó el acceso ilegal y no tiene impacto funcional.
 java.lang.IllegalStateException: Acceso ilegal: esta instancia de aplicación web ya ha sido parada.  Could not load .  La eventual traza de pila que sigue ha sido motivada por un error lanzado con motivos de depuración así como para intentar terminar el hilo que motivó el acceso ilegal y no tiene impacto funcional.
	at org.apache.catalina.loader.WebappClassLoaderBase.checkStateForResourceLoading(WebappClassLoaderBase.java:1359)
	at org.apache.catalina.loader.WebappClassLoaderBase.getResource(WebappClassLoaderBase.java:1029)
	at com.mysql.jdbc.AbandonedConnectionCleanupThread.checkContextClassLoaders(AbandonedConnectionCleanupThread.java:90)
	at com.mysql.jdbc.AbandonedConnectionCleanupThread.run(AbandonedConnectionCleanupThread.java:63)
	at java.util.concurrent.ThreadPoolExecutor.runWorker(ThreadPoolExecutor.java:1142)
	at java.util.concurrent.ThreadPoolExecutor$Worker.run(ThreadPoolExecutor.java:617)
	at java.lang.Thread.run(Thread.java:745)

