14-Apr-2018 18:44:56.716 INFORMACIÓN [main] org.apache.catalina.startup.VersionLoggerListener.log Server version:        Apache Tomcat/8.0.47
14-Apr-2018 18:44:56.717 INFORMACIÓN [main] org.apache.catalina.startup.VersionLoggerListener.log Server built:          Sep 29 2017 13:46:41 UTC
14-Apr-2018 18:44:56.717 INFORMACIÓN [main] org.apache.catalina.startup.VersionLoggerListener.log Server number:         8.0.47.0
14-Apr-2018 18:44:56.717 INFORMACIÓN [main] org.apache.catalina.startup.VersionLoggerListener.log OS Name:               Linux
14-Apr-2018 18:44:56.718 INFORMACIÓN [main] org.apache.catalina.startup.VersionLoggerListener.log OS Version:            4.12.0
14-Apr-2018 18:44:56.718 INFORMACIÓN [main] org.apache.catalina.startup.VersionLoggerListener.log Architecture:          amd64
14-Apr-2018 18:44:56.718 INFORMACIÓN [main] org.apache.catalina.startup.VersionLoggerListener.log Java Home:             /usr/lib/jvm/oracle-java8-jdk-amd64/jre
14-Apr-2018 18:44:56.718 INFORMACIÓN [main] org.apache.catalina.startup.VersionLoggerListener.log JVM Version:           1.8.0_141-b15
14-Apr-2018 18:44:56.718 INFORMACIÓN [main] org.apache.catalina.startup.VersionLoggerListener.log JVM Vendor:            Oracle Corporation
14-Apr-2018 18:44:56.718 INFORMACIÓN [main] org.apache.catalina.startup.VersionLoggerListener.log CATALINA_BASE:         /var/home/lab/alum1/03/17/102/Escritorio/Proyecto/apache-tomcat-8.0.47
14-Apr-2018 18:44:56.718 INFORMACIÓN [main] org.apache.catalina.startup.VersionLoggerListener.log CATALINA_HOME:         /var/home/lab/alum1/03/17/102/Escritorio/Proyecto/apache-tomcat-8.0.47
14-Apr-2018 18:44:56.718 INFORMACIÓN [main] org.apache.catalina.startup.VersionLoggerListener.log Command line argument: -Djava.util.logging.config.file=/usr/lab/alum/0317102/Escritorio/Proyecto/apache-tomcat-8.0.47/conf/logging.properties
14-Apr-2018 18:44:56.718 INFORMACIÓN [main] org.apache.catalina.startup.VersionLoggerListener.log Command line argument: -Djava.util.logging.manager=org.apache.juli.ClassLoaderLogManager
14-Apr-2018 18:44:56.718 INFORMACIÓN [main] org.apache.catalina.startup.VersionLoggerListener.log Command line argument: -Djdk.tls.ephemeralDHKeySize=2048
14-Apr-2018 18:44:56.718 INFORMACIÓN [main] org.apache.catalina.startup.VersionLoggerListener.log Command line argument: -Djava.protocol.handler.pkgs=org.apache.catalina.webresources
14-Apr-2018 18:44:56.718 INFORMACIÓN [main] org.apache.catalina.startup.VersionLoggerListener.log Command line argument: -Djava.endorsed.dirs=/usr/lab/alum/0317102/Escritorio/Proyecto/apache-tomcat-8.0.47/endorsed
14-Apr-2018 18:44:56.719 INFORMACIÓN [main] org.apache.catalina.startup.VersionLoggerListener.log Command line argument: -Dcatalina.base=/usr/lab/alum/0317102/Escritorio/Proyecto/apache-tomcat-8.0.47
14-Apr-2018 18:44:56.719 INFORMACIÓN [main] org.apache.catalina.startup.VersionLoggerListener.log Command line argument: -Dcatalina.home=/usr/lab/alum/0317102/Escritorio/Proyecto/apache-tomcat-8.0.47
14-Apr-2018 18:44:56.719 INFORMACIÓN [main] org.apache.catalina.startup.VersionLoggerListener.log Command line argument: -Djava.io.tmpdir=/usr/lab/alum/0317102/Escritorio/Proyecto/apache-tomcat-8.0.47/temp
14-Apr-2018 18:44:56.719 INFORMACIÓN [main] org.apache.catalina.core.AprLifecycleListener.lifecycleEvent La biblioteca nativa de Apache Tomcat basada en ARP que permite un rendimiento óptimo en entornos de desarrollo no ha sido hallada en java.library.path: /usr/java/packages/lib/amd64:/usr/lib64:/lib64:/lib:/usr/lib
14-Apr-2018 18:44:56.842 INFORMACIÓN [main] org.apache.coyote.AbstractProtocol.init Initializing ProtocolHandler ["http-nio-9102"]
14-Apr-2018 18:44:56.852 INFORMACIÓN [main] org.apache.tomcat.util.net.NioSelectorPool.getSharedSelector Using a shared selector for servlet write/read
14-Apr-2018 18:44:56.854 INFORMACIÓN [main] org.apache.coyote.AbstractProtocol.init Initializing ProtocolHandler ["ajp-nio-8009"]
14-Apr-2018 18:44:56.855 INFORMACIÓN [main] org.apache.tomcat.util.net.NioSelectorPool.getSharedSelector Using a shared selector for servlet write/read
14-Apr-2018 18:44:56.861 INFORMACIÓN [main] org.apache.catalina.startup.Catalina.load Initialization processed in 644 ms
14-Apr-2018 18:44:56.904 INFORMACIÓN [main] org.apache.catalina.core.StandardService.startInternal Arrancando servicio Catalina
14-Apr-2018 18:44:56.904 INFORMACIÓN [main] org.apache.catalina.core.StandardEngine.startInternal Starting Servlet Engine: Apache Tomcat/8.0.47
14-Apr-2018 18:44:56.920 INFORMACIÓN [localhost-startStop-1] org.apache.catalina.startup.HostConfig.deployDirectory Despliegue del directorio /var/home/lab/alum1/03/17/102/Escritorio/Proyecto/apache-tomcat-8.0.47/webapps/proyecto de la aplicación web
14-Apr-2018 18:44:57.823 ADVERTENCIA [localhost-startStop-1] org.apache.tomcat.dbcp.dbcp2.BasicDataSourceFactory.getObjectInstance Name = webrestaurants Property maxActive is not used in DBCP2, use maxTotal instead. maxTotal default value is 8. You have set value of "8" for "maxActive" property, which is being ignored.
14-Apr-2018 18:44:57.913 INFORMACIÓN [localhost-startStop-1] org.apache.jasper.servlet.TldScanner.scanJars Al menos un JAR, que se ha explorado buscando TLDs, aún no contenía TLDs. Activar historial de depuración para este historiador para una completa lista de los JARs que fueron explorados y de los que nos se halló TLDs. Saltarse JARs no necesarios durante la exploración puede dar lugar a una mejora de tiempo significativa en el arranque y compilación de JSP .
14-Apr-2018 18:44:57.965 INFORMACIÓN [localhost-startStop-1] org.apache.catalina.startup.HostConfig.deployDirectory Deployment of web application directory /var/home/lab/alum1/03/17/102/Escritorio/Proyecto/apache-tomcat-8.0.47/webapps/proyecto has finished in 1.044 ms
14-Apr-2018 18:44:57.965 INFORMACIÓN [localhost-startStop-1] org.apache.catalina.startup.HostConfig.deployDirectory Despliegue del directorio /var/home/lab/alum1/03/17/102/Escritorio/Proyecto/apache-tomcat-8.0.47/webapps/docs de la aplicación web
14-Apr-2018 18:44:58.001 INFORMACIÓN [localhost-startStop-1] org.apache.catalina.startup.HostConfig.deployDirectory Deployment of web application directory /var/home/lab/alum1/03/17/102/Escritorio/Proyecto/apache-tomcat-8.0.47/webapps/docs has finished in 36 ms
14-Apr-2018 18:44:58.002 INFORMACIÓN [localhost-startStop-1] org.apache.catalina.startup.HostConfig.deployDirectory Despliegue del directorio /var/home/lab/alum1/03/17/102/Escritorio/Proyecto/apache-tomcat-8.0.47/webapps/manager de la aplicación web
14-Apr-2018 18:44:58.086 INFORMACIÓN [localhost-startStop-1] org.apache.catalina.startup.HostConfig.deployDirectory Deployment of web application directory /var/home/lab/alum1/03/17/102/Escritorio/Proyecto/apache-tomcat-8.0.47/webapps/manager has finished in 84 ms
14-Apr-2018 18:44:58.086 INFORMACIÓN [localhost-startStop-1] org.apache.catalina.startup.HostConfig.deployDirectory Despliegue del directorio /var/home/lab/alum1/03/17/102/Escritorio/Proyecto/apache-tomcat-8.0.47/webapps/examples de la aplicación web
14-Apr-2018 18:45:00.130 INFORMACIÓN [localhost-startStop-1] org.apache.catalina.startup.HostConfig.deployDirectory Deployment of web application directory /var/home/lab/alum1/03/17/102/Escritorio/Proyecto/apache-tomcat-8.0.47/webapps/examples has finished in 2.044 ms
14-Apr-2018 18:45:00.131 INFORMACIÓN [localhost-startStop-1] org.apache.catalina.startup.HostConfig.deployDirectory Despliegue del directorio /var/home/lab/alum1/03/17/102/Escritorio/Proyecto/apache-tomcat-8.0.47/webapps/ROOT de la aplicación web
14-Apr-2018 18:45:00.170 INFORMACIÓN [localhost-startStop-1] org.apache.catalina.startup.HostConfig.deployDirectory Deployment of web application directory /var/home/lab/alum1/03/17/102/Escritorio/Proyecto/apache-tomcat-8.0.47/webapps/ROOT has finished in 39 ms
14-Apr-2018 18:45:00.170 INFORMACIÓN [localhost-startStop-1] org.apache.catalina.startup.HostConfig.deployDirectory Despliegue del directorio /var/home/lab/alum1/03/17/102/Escritorio/Proyecto/apache-tomcat-8.0.47/webapps/host-manager de la aplicación web
14-Apr-2018 18:45:00.236 INFORMACIÓN [localhost-startStop-1] org.apache.catalina.startup.HostConfig.deployDirectory Deployment of web application directory /var/home/lab/alum1/03/17/102/Escritorio/Proyecto/apache-tomcat-8.0.47/webapps/host-manager has finished in 66 ms
14-Apr-2018 18:45:00.239 INFORMACIÓN [main] org.apache.coyote.AbstractProtocol.start Starting ProtocolHandler ["http-nio-9102"]
14-Apr-2018 18:45:00.243 INFORMACIÓN [main] org.apache.coyote.AbstractProtocol.start Starting ProtocolHandler ["ajp-nio-8009"]
14-Apr-2018 18:45:00.244 INFORMACIÓN [main] org.apache.catalina.startup.Catalina.start Server startup in 3383 ms
14-Apr-2018 18:58:09.632 INFORMACIÓN [main] org.apache.catalina.core.StandardServer.await Se ha recibido un comando de apagado a través del puerto de apagado. Parando la instancia del Servidor.
14-Apr-2018 18:58:09.633 INFORMACIÓN [main] org.apache.coyote.AbstractProtocol.pause Pausing ProtocolHandler ["http-nio-9102"]
14-Apr-2018 18:58:09.684 INFORMACIÓN [main] org.apache.coyote.AbstractProtocol.pause Pausing ProtocolHandler ["ajp-nio-8009"]
14-Apr-2018 18:58:09.734 INFORMACIÓN [main] org.apache.catalina.core.StandardService.stopInternal Parando servicio Catalina
14-Apr-2018 18:58:09.778 ADVERTENCIA [localhost-startStop-2] org.apache.catalina.loader.WebappClassLoaderBase.clearReferencesJdbc La aplicación web [proyecto] registró el conductor JDBC [com.mysql.jdbc.Driver] pero falló al anular el registro mientras la aplicación web estaba parada. Para prevenir un fallo de memoria, se ha anulado el registro del conductor JDBC por la fuerza.
14-Apr-2018 18:58:09.779 ADVERTENCIA [localhost-startStop-2] org.apache.catalina.loader.WebappClassLoaderBase.clearReferencesThreads The web application [proyecto] appears to have started a thread named [Abandoned connection cleanup thread] but has failed to stop it. This is very likely to create a memory leak. Stack trace of thread:
 java.lang.Object.wait(Native Method)
 java.lang.ref.ReferenceQueue.remove(ReferenceQueue.java:143)
 com.mysql.jdbc.AbandonedConnectionCleanupThread.run(AbandonedConnectionCleanupThread.java:64)
 java.util.concurrent.ThreadPoolExecutor.runWorker(ThreadPoolExecutor.java:1149)
 java.util.concurrent.ThreadPoolExecutor$Worker.run(ThreadPoolExecutor.java:624)
 java.lang.Thread.run(Thread.java:748)
14-Apr-2018 18:58:09.784 INFORMACIÓN [main] org.apache.coyote.AbstractProtocol.stop Stopping ProtocolHandler ["http-nio-9102"]
14-Apr-2018 18:58:09.785 INFORMACIÓN [main] org.apache.coyote.AbstractProtocol.stop Stopping ProtocolHandler ["ajp-nio-8009"]
14-Apr-2018 18:58:09.786 INFORMACIÓN [main] org.apache.coyote.AbstractProtocol.destroy Destroying ProtocolHandler ["http-nio-9102"]
14-Apr-2018 18:58:09.787 INFORMACIÓN [main] org.apache.coyote.AbstractProtocol.destroy Destroying ProtocolHandler ["ajp-nio-8009"]
14-Apr-2018 18:59:04.954 INFORMACIÓN [main] org.apache.catalina.startup.VersionLoggerListener.log Server version:        Apache Tomcat/8.0.47
14-Apr-2018 18:59:05.038 INFORMACIÓN [main] org.apache.catalina.startup.VersionLoggerListener.log Server built:          Sep 29 2017 13:46:41 UTC
14-Apr-2018 18:59:05.038 INFORMACIÓN [main] org.apache.catalina.startup.VersionLoggerListener.log Server number:         8.0.47.0
14-Apr-2018 18:59:05.038 INFORMACIÓN [main] org.apache.catalina.startup.VersionLoggerListener.log OS Name:               Linux
14-Apr-2018 18:59:05.038 INFORMACIÓN [main] org.apache.catalina.startup.VersionLoggerListener.log OS Version:            4.12.0
14-Apr-2018 18:59:05.038 INFORMACIÓN [main] org.apache.catalina.startup.VersionLoggerListener.log Architecture:          amd64
14-Apr-2018 18:59:05.038 INFORMACIÓN [main] org.apache.catalina.startup.VersionLoggerListener.log Java Home:             /usr/lib/jvm/oracle-java8-jdk-amd64/jre
14-Apr-2018 18:59:05.039 INFORMACIÓN [main] org.apache.catalina.startup.VersionLoggerListener.log JVM Version:           1.8.0_141-b15
14-Apr-2018 18:59:05.039 INFORMACIÓN [main] org.apache.catalina.startup.VersionLoggerListener.log JVM Vendor:            Oracle Corporation
14-Apr-2018 18:59:05.039 INFORMACIÓN [main] org.apache.catalina.startup.VersionLoggerListener.log CATALINA_BASE:         /var/home/lab/alum1/03/17/102/Escritorio/Proyecto/apache-tomcat-8.0.47
14-Apr-2018 18:59:05.039 INFORMACIÓN [main] org.apache.catalina.startup.VersionLoggerListener.log CATALINA_HOME:         /var/home/lab/alum1/03/17/102/Escritorio/Proyecto/apache-tomcat-8.0.47
14-Apr-2018 18:59:05.039 INFORMACIÓN [main] org.apache.catalina.startup.VersionLoggerListener.log Command line argument: -Djava.util.logging.config.file=/usr/lab/alum/0317102/Escritorio/Proyecto/apache-tomcat-8.0.47/conf/logging.properties
14-Apr-2018 18:59:05.039 INFORMACIÓN [main] org.apache.catalina.startup.VersionLoggerListener.log Command line argument: -Djava.util.logging.manager=org.apache.juli.ClassLoaderLogManager
14-Apr-2018 18:59:05.039 INFORMACIÓN [main] org.apache.catalina.startup.VersionLoggerListener.log Command line argument: -Djdk.tls.ephemeralDHKeySize=2048
14-Apr-2018 18:59:05.039 INFORMACIÓN [main] org.apache.catalina.startup.VersionLoggerListener.log Command line argument: -Djava.protocol.handler.pkgs=org.apache.catalina.webresources
14-Apr-2018 18:59:05.039 INFORMACIÓN [main] org.apache.catalina.startup.VersionLoggerListener.log Command line argument: -Djava.endorsed.dirs=/usr/lab/alum/0317102/Escritorio/Proyecto/apache-tomcat-8.0.47/endorsed
14-Apr-2018 18:59:05.039 INFORMACIÓN [main] org.apache.catalina.startup.VersionLoggerListener.log Command line argument: -Dcatalina.base=/usr/lab/alum/0317102/Escritorio/Proyecto/apache-tomcat-8.0.47
14-Apr-2018 18:59:05.039 INFORMACIÓN [main] org.apache.catalina.startup.VersionLoggerListener.log Command line argument: -Dcatalina.home=/usr/lab/alum/0317102/Escritorio/Proyecto/apache-tomcat-8.0.47
14-Apr-2018 18:59:05.039 INFORMACIÓN [main] org.apache.catalina.startup.VersionLoggerListener.log Command line argument: -Djava.io.tmpdir=/usr/lab/alum/0317102/Escritorio/Proyecto/apache-tomcat-8.0.47/temp
14-Apr-2018 18:59:05.039 INFORMACIÓN [main] org.apache.catalina.core.AprLifecycleListener.lifecycleEvent La biblioteca nativa de Apache Tomcat basada en ARP que permite un rendimiento óptimo en entornos de desarrollo no ha sido hallada en java.library.path: /usr/java/packages/lib/amd64:/usr/lib64:/lib64:/lib:/usr/lib
14-Apr-2018 18:59:06.131 INFORMACIÓN [main] org.apache.coyote.AbstractProtocol.init Initializing ProtocolHandler ["http-nio-9102"]
14-Apr-2018 18:59:06.332 INFORMACIÓN [main] org.apache.tomcat.util.net.NioSelectorPool.getSharedSelector Using a shared selector for servlet write/read
14-Apr-2018 18:59:06.334 INFORMACIÓN [main] org.apache.coyote.AbstractProtocol.init Initializing ProtocolHandler ["ajp-nio-8009"]
14-Apr-2018 18:59:06.335 INFORMACIÓN [main] org.apache.tomcat.util.net.NioSelectorPool.getSharedSelector Using a shared selector for servlet write/read
14-Apr-2018 18:59:06.335 INFORMACIÓN [main] org.apache.catalina.startup.Catalina.load Initialization processed in 3121 ms
14-Apr-2018 18:59:06.435 INFORMACIÓN [main] org.apache.catalina.core.StandardService.startInternal Arrancando servicio Catalina
14-Apr-2018 18:59:06.435 INFORMACIÓN [main] org.apache.catalina.core.StandardEngine.startInternal Starting Servlet Engine: Apache Tomcat/8.0.47
14-Apr-2018 18:59:06.494 INFORMACIÓN [localhost-startStop-1] org.apache.catalina.startup.HostConfig.deployDirectory Despliegue del directorio /var/home/lab/alum1/03/17/102/Escritorio/Proyecto/apache-tomcat-8.0.47/webapps/proyecto de la aplicación web
14-Apr-2018 18:59:07.462 ADVERTENCIA [localhost-startStop-1] org.apache.tomcat.dbcp.dbcp2.BasicDataSourceFactory.getObjectInstance Name = webrestaurants Property maxActive is not used in DBCP2, use maxTotal instead. maxTotal default value is 8. You have set value of "8" for "maxActive" property, which is being ignored.
14-Apr-2018 18:59:07.578 INFORMACIÓN [localhost-startStop-1] org.apache.jasper.servlet.TldScanner.scanJars Al menos un JAR, que se ha explorado buscando TLDs, aún no contenía TLDs. Activar historial de depuración para este historiador para una completa lista de los JARs que fueron explorados y de los que nos se halló TLDs. Saltarse JARs no necesarios durante la exploración puede dar lugar a una mejora de tiempo significativa en el arranque y compilación de JSP .
14-Apr-2018 18:59:07.937 INFORMACIÓN [localhost-startStop-1] org.apache.catalina.startup.HostConfig.deployDirectory Deployment of web application directory /var/home/lab/alum1/03/17/102/Escritorio/Proyecto/apache-tomcat-8.0.47/webapps/proyecto has finished in 1.417 ms
14-Apr-2018 18:59:07.937 INFORMACIÓN [localhost-startStop-1] org.apache.catalina.startup.HostConfig.deployDirectory Despliegue del directorio /var/home/lab/alum1/03/17/102/Escritorio/Proyecto/apache-tomcat-8.0.47/webapps/docs de la aplicación web
14-Apr-2018 18:59:07.960 INFORMACIÓN [localhost-startStop-1] org.apache.catalina.startup.HostConfig.deployDirectory Deployment of web application directory /var/home/lab/alum1/03/17/102/Escritorio/Proyecto/apache-tomcat-8.0.47/webapps/docs has finished in 22 ms
14-Apr-2018 18:59:07.960 INFORMACIÓN [localhost-startStop-1] org.apache.catalina.startup.HostConfig.deployDirectory Despliegue del directorio /var/home/lab/alum1/03/17/102/Escritorio/Proyecto/apache-tomcat-8.0.47/webapps/manager de la aplicación web
14-Apr-2018 18:59:07.996 INFORMACIÓN [localhost-startStop-1] org.apache.catalina.startup.HostConfig.deployDirectory Deployment of web application directory /var/home/lab/alum1/03/17/102/Escritorio/Proyecto/apache-tomcat-8.0.47/webapps/manager has finished in 36 ms
14-Apr-2018 18:59:07.996 INFORMACIÓN [localhost-startStop-1] org.apache.catalina.startup.HostConfig.deployDirectory Despliegue del directorio /var/home/lab/alum1/03/17/102/Escritorio/Proyecto/apache-tomcat-8.0.47/webapps/examples de la aplicación web
14-Apr-2018 18:59:08.434 INFORMACIÓN [localhost-startStop-1] org.apache.catalina.startup.HostConfig.deployDirectory Deployment of web application directory /var/home/lab/alum1/03/17/102/Escritorio/Proyecto/apache-tomcat-8.0.47/webapps/examples has finished in 438 ms
14-Apr-2018 18:59:08.434 INFORMACIÓN [localhost-startStop-1] org.apache.catalina.startup.HostConfig.deployDirectory Despliegue del directorio /var/home/lab/alum1/03/17/102/Escritorio/Proyecto/apache-tomcat-8.0.47/webapps/ROOT de la aplicación web
14-Apr-2018 18:59:08.455 INFORMACIÓN [localhost-startStop-1] org.apache.catalina.startup.HostConfig.deployDirectory Deployment of web application directory /var/home/lab/alum1/03/17/102/Escritorio/Proyecto/apache-tomcat-8.0.47/webapps/ROOT has finished in 20 ms
14-Apr-2018 18:59:08.455 INFORMACIÓN [localhost-startStop-1] org.apache.catalina.startup.HostConfig.deployDirectory Despliegue del directorio /var/home/lab/alum1/03/17/102/Escritorio/Proyecto/apache-tomcat-8.0.47/webapps/host-manager de la aplicación web
14-Apr-2018 18:59:08.484 INFORMACIÓN [localhost-startStop-1] org.apache.catalina.startup.HostConfig.deployDirectory Deployment of web application directory /var/home/lab/alum1/03/17/102/Escritorio/Proyecto/apache-tomcat-8.0.47/webapps/host-manager has finished in 29 ms
14-Apr-2018 18:59:08.487 INFORMACIÓN [main] org.apache.coyote.AbstractProtocol.start Starting ProtocolHandler ["http-nio-9102"]
14-Apr-2018 18:59:08.493 INFORMACIÓN [main] org.apache.coyote.AbstractProtocol.start Starting ProtocolHandler ["ajp-nio-8009"]
14-Apr-2018 18:59:08.494 INFORMACIÓN [main] org.apache.catalina.startup.Catalina.start Server startup in 2159 ms
14-Apr-2018 19:07:18.995 INFORMACIÓN [main] org.apache.catalina.core.StandardServer.await Se ha recibido un comando de apagado a través del puerto de apagado. Parando la instancia del Servidor.
14-Apr-2018 19:07:18.996 INFORMACIÓN [main] org.apache.coyote.AbstractProtocol.pause Pausing ProtocolHandler ["http-nio-9102"]
14-Apr-2018 19:07:19.046 INFORMACIÓN [main] org.apache.coyote.AbstractProtocol.pause Pausing ProtocolHandler ["ajp-nio-8009"]
14-Apr-2018 19:07:19.097 INFORMACIÓN [main] org.apache.catalina.core.StandardService.stopInternal Parando servicio Catalina
14-Apr-2018 19:07:19.176 ADVERTENCIA [localhost-startStop-2] org.apache.catalina.loader.WebappClassLoaderBase.clearReferencesJdbc La aplicación web [proyecto] registró el conductor JDBC [com.mysql.jdbc.Driver] pero falló al anular el registro mientras la aplicación web estaba parada. Para prevenir un fallo de memoria, se ha anulado el registro del conductor JDBC por la fuerza.
14-Apr-2018 19:07:19.177 ADVERTENCIA [localhost-startStop-2] org.apache.catalina.loader.WebappClassLoaderBase.clearReferencesThreads The web application [proyecto] appears to have started a thread named [Abandoned connection cleanup thread] but has failed to stop it. This is very likely to create a memory leak. Stack trace of thread:
 java.lang.Object.wait(Native Method)
 java.lang.ref.ReferenceQueue.remove(ReferenceQueue.java:143)
 com.mysql.jdbc.AbandonedConnectionCleanupThread.run(AbandonedConnectionCleanupThread.java:64)
 java.util.concurrent.ThreadPoolExecutor.runWorker(ThreadPoolExecutor.java:1149)
 java.util.concurrent.ThreadPoolExecutor$Worker.run(ThreadPoolExecutor.java:624)
 java.lang.Thread.run(Thread.java:748)
14-Apr-2018 19:07:19.184 INFORMACIÓN [main] org.apache.coyote.AbstractProtocol.stop Stopping ProtocolHandler ["http-nio-9102"]
14-Apr-2018 19:07:19.185 INFORMACIÓN [main] org.apache.coyote.AbstractProtocol.stop Stopping ProtocolHandler ["ajp-nio-8009"]
14-Apr-2018 19:07:19.186 INFORMACIÓN [main] org.apache.coyote.AbstractProtocol.destroy Destroying ProtocolHandler ["http-nio-9102"]
14-Apr-2018 19:07:19.186 INFORMACIÓN [main] org.apache.coyote.AbstractProtocol.destroy Destroying ProtocolHandler ["ajp-nio-8009"]
